Command line invocation:
    /Users/aaronkeen/Downloads/Xcode.app/Contents/Developer/usr/bin/xcodebuild -project NutraSafeBeta.xcodeproj -scheme "NutraSafe Beta" -destination "platform=iOS Simulator,name=iPhone 16 Pro,OS=18.6" build

Resolve Package Graph


Resolved source packages:
  AppCheck: https://github.com/google/app-check.git @ 11.2.0
  Promises: https://github.com/google/promises.git @ 2.4.0
  abseil: https://github.com/google/abseil-cpp-binary.git @ 1.2024072200.0
  InteropForGoogle: https://github.com/google/interop-ios-for-google-sdks.git @ 101.0.0
  gRPC: https://github.com/google/grpc-binary.git @ 1.69.1
  nanopb: https://github.com/firebase/nanopb.git @ 2.30910.0
  GoogleUtilities: https://github.com/google/GoogleUtilities.git @ 8.1.0
  GoogleAdsOnDeviceConversion: https://github.com/googleads/google-ads-on-device-conversion-ios-sdk @ 2.3.0
  Firebase: https://github.com/firebase/firebase-ios-sdk @ 12.2.0
  SwiftProtobuf: https://github.com/apple/swift-protobuf.git @ 1.31.0
  leveldb: https://github.com/firebase/leveldb.git @ 1.22.5
  GTMSessionFetcher: https://github.com/google/gtm-session-fetcher.git @ 5.0.0
  GoogleAppMeasurement: https://github.com/google/GoogleAppMeasurement.git @ 12.2.0
  GoogleDataTransport: https://github.com/google/GoogleDataTransport.git @ 10.1.0

ComputePackagePrebuildTargetDependencyGraph

Prepare packages

CreateBuildRequest

SendProjectDescription

CreateBuildOperation

ComputeTargetDependencyGraph
note: Building targets in dependency order
note: Target dependency graph (59 targets)
    Target 'NutraSafe Beta' in project 'NutraSafeBeta'
        ➜ Explicit dependency on target 'FirebaseCore' in project 'Firebase'
        ➜ Explicit dependency on target 'FirebaseAuth' in project 'Firebase'
        ➜ Explicit dependency on target 'FirebaseFirestore' in project 'Firebase'
    Target 'FirebaseFirestore' in project 'Firebase'
        ➜ Explicit dependency on target 'FirebaseFirestoreTarget' in project 'Firebase'
        ➜ Explicit dependency on target 'FirebaseFirestoreInternalWrapper' in project 'Firebase'
        ➜ Explicit dependency on target 'FirebaseAppCheckInterop' in project 'Firebase'
        ➜ Explicit dependency on target 'Firebase' in project 'Firebase'
        ➜ Explicit dependency on target 'FirebaseCoreInternal' in project 'Firebase'
        ➜ Explicit dependency on target 'FirebaseCore' in project 'Firebase'
        ➜ Explicit dependency on target 'FirebaseCoreExtension' in project 'Firebase'
        ➜ Explicit dependency on target 'FirebaseSharedSwift' in project 'Firebase'
        ➜ Explicit dependency on target 'FirebaseFirestore' in project 'Firebase'
        ➜ Explicit dependency on target 'GULNSData' in project 'GoogleUtilities'
        ➜ Explicit dependency on target 'GULEnvironment' in project 'GoogleUtilities'
        ➜ Explicit dependency on target 'GULLogger' in project 'GoogleUtilities'
        ➜ Explicit dependency on target 'abseil' in project 'abseil'
        ➜ Explicit dependency on target 'gRPC-C++' in project 'gRPC'
        ➜ Explicit dependency on target 'nanopb' in project 'nanopb'
        ➜ Explicit dependency on target 'leveldb' in project 'leveldb'
    Target 'FirebaseFirestoreTarget' in project 'Firebase'
        ➜ Explicit dependency on target 'FirebaseFirestoreInternalWrapper' in project 'Firebase'
        ➜ Explicit dependency on target 'FirebaseAppCheckInterop' in project 'Firebase'
        ➜ Explicit dependency on target 'Firebase' in project 'Firebase'
        ➜ Explicit dependency on target 'FirebaseCoreInternal' in project 'Firebase'
        ➜ Explicit dependency on target 'FirebaseCore' in project 'Firebase'
        ➜ Explicit dependency on target 'FirebaseCoreExtension' in project 'Firebase'
        ➜ Explicit dependency on target 'FirebaseSharedSwift' in project 'Firebase'
        ➜ Explicit dependency on target 'FirebaseFirestore' in project 'Firebase'
        ➜ Explicit dependency on target 'GULNSData' in project 'GoogleUtilities'
        ➜ Explicit dependency on target 'GULEnvironment' in project 'GoogleUtilities'
        ➜ Explicit dependency on target 'GULLogger' in project 'GoogleUtilities'
        ➜ Explicit dependency on target 'abseil' in project 'abseil'
        ➜ Explicit dependency on target 'gRPC-C++' in project 'gRPC'
        ➜ Explicit dependency on target 'nanopb' in project 'nanopb'
        ➜ Explicit dependency on target 'leveldb' in project 'leveldb'
    Target 'FirebaseFirestore' in project 'Firebase'
        ➜ Explicit dependency on target 'Firebase_FirebaseFirestore' in project 'Firebase'
        ➜ Explicit dependency on target 'FirebaseFirestoreInternalWrapper' in project 'Firebase'
        ➜ Explicit dependency on target 'FirebaseAppCheckInterop' in project 'Firebase'
        ➜ Explicit dependency on target 'Firebase' in project 'Firebase'
        ➜ Explicit dependency on target 'FirebaseCoreInternal' in project 'Firebase'
        ➜ Explicit dependency on target 'FirebaseCore' in project 'Firebase'
        ➜ Explicit dependency on target 'FirebaseCoreExtension' in project 'Firebase'
        ➜ Explicit dependency on target 'FirebaseSharedSwift' in project 'Firebase'
        ➜ Explicit dependency on target 'GULNSData' in project 'GoogleUtilities'
        ➜ Explicit dependency on target 'GULEnvironment' in project 'GoogleUtilities'
        ➜ Explicit dependency on target 'GULLogger' in project 'GoogleUtilities'
        ➜ Explicit dependency on target 'abseil' in project 'abseil'
        ➜ Explicit dependency on target 'gRPC-C++' in project 'gRPC'
        ➜ Explicit dependency on target 'nanopb' in project 'nanopb'
        ➜ Explicit dependency on target 'leveldb' in project 'leveldb'
    Target 'leveldb' in project 'leveldb'
        ➜ Explicit dependency on target 'leveldb' in project 'leveldb'
        ➜ Explicit dependency on target 'leveldb_leveldb' in project 'leveldb'
    Target 'leveldb' in project 'leveldb'
        ➜ Explicit dependency on target 'leveldb_leveldb' in project 'leveldb'
    Target 'leveldb_leveldb' in project 'leveldb' (no dependencies)
    Target 'nanopb' in project 'nanopb'
        ➜ Explicit dependency on target 'nanopb' in project 'nanopb'
        ➜ Explicit dependency on target 'nanopb_nanopb' in project 'nanopb'
    Target 'nanopb' in project 'nanopb'
        ➜ Explicit dependency on target 'nanopb_nanopb' in project 'nanopb'
    Target 'nanopb_nanopb' in project 'nanopb' (no dependencies)
    Target 'gRPC-C++' in project 'gRPC'
        ➜ Explicit dependency on target 'grpcppWrapper' in project 'gRPC'
        ➜ Explicit dependency on target 'gRPC_grpcppWrapper' in project 'gRPC'
        ➜ Explicit dependency on target 'grpcWrapper' in project 'gRPC'
        ➜ Explicit dependency on target 'opensslWrapper' in project 'gRPC'
        ➜ Explicit dependency on target 'abseil' in project 'abseil'
    Target 'grpcppWrapper' in project 'gRPC'
        ➜ Explicit dependency on target 'gRPC_grpcppWrapper' in project 'gRPC'
        ➜ Explicit dependency on target 'grpcWrapper' in project 'gRPC'
        ➜ Explicit dependency on target 'opensslWrapper' in project 'gRPC'
        ➜ Explicit dependency on target 'abseil' in project 'abseil'
    Target 'opensslWrapper' in project 'gRPC'
        ➜ Explicit dependency on target 'gRPC_opensslWrapper' in project 'gRPC'
    Target 'gRPC_opensslWrapper' in project 'gRPC' (no dependencies)
    Target 'grpcWrapper' in project 'gRPC'
        ➜ Explicit dependency on target 'gRPC_grpcWrapper' in project 'gRPC'
    Target 'gRPC_grpcWrapper' in project 'gRPC' (no dependencies)
    Target 'gRPC_grpcppWrapper' in project 'gRPC' (no dependencies)
    Target 'abseil' in project 'abseil'
        ➜ Explicit dependency on target 'abslWrapper' in project 'abseil'
        ➜ Explicit dependency on target 'abseil_abslWrapper' in project 'abseil'
    Target 'abslWrapper' in project 'abseil'
        ➜ Explicit dependency on target 'abseil_abslWrapper' in project 'abseil'
    Target 'abseil_abslWrapper' in project 'abseil' (no dependencies)
    Target 'Firebase_FirebaseFirestore' in project 'Firebase' (no dependencies)
    Target 'FirebaseSharedSwift' in project 'Firebase' (no dependencies)
    Target 'FirebaseFirestoreInternalWrapper' in project 'Firebase' (no dependencies)
    Target 'FirebaseAuth' in project 'Firebase'
        ➜ Explicit dependency on target 'FirebaseAuth' in project 'Firebase'
        ➜ Explicit dependency on target 'Firebase_FirebaseAuth' in project 'Firebase'
        ➜ Explicit dependency on target 'FirebaseAppCheckInterop' in project 'Firebase'
        ➜ Explicit dependency on target 'FirebaseAuthInterop' in project 'Firebase'
        ➜ Explicit dependency on target 'FirebaseAuthInternal' in project 'Firebase'
        ➜ Explicit dependency on target 'Firebase' in project 'Firebase'
        ➜ Explicit dependency on target 'FirebaseCoreInternal' in project 'Firebase'
        ➜ Explicit dependency on target 'FirebaseCore' in project 'Firebase'
        ➜ Explicit dependency on target 'FirebaseCoreExtension' in project 'Firebase'
        ➜ Explicit dependency on target 'RecaptchaInterop' in project 'InteropForGoogle'
        ➜ Explicit dependency on target 'GULNSData' in project 'GoogleUtilities'
        ➜ Explicit dependency on target 'GULEnvironment' in project 'GoogleUtilities'
        ➜ Explicit dependency on target 'GULLogger' in project 'GoogleUtilities'
        ➜ Explicit dependency on target 'GULAppDelegateSwizzler' in project 'GoogleUtilities'
        ➜ Explicit dependency on target 'GTMSessionFetcherCore' in project 'GTMSessionFetcher'
    Target 'FirebaseAuth' in project 'Firebase'
        ➜ Explicit dependency on target 'Firebase_FirebaseAuth' in project 'Firebase'
        ➜ Explicit dependency on target 'FirebaseAppCheckInterop' in project 'Firebase'
        ➜ Explicit dependency on target 'FirebaseAuthInterop' in project 'Firebase'
        ➜ Explicit dependency on target 'FirebaseAuthInternal' in project 'Firebase'
        ➜ Explicit dependency on target 'Firebase' in project 'Firebase'
        ➜ Explicit dependency on target 'FirebaseCoreInternal' in project 'Firebase'
        ➜ Explicit dependency on target 'FirebaseCore' in project 'Firebase'
        ➜ Explicit dependency on target 'FirebaseCoreExtension' in project 'Firebase'
        ➜ Explicit dependency on target 'RecaptchaInterop' in project 'InteropForGoogle'
        ➜ Explicit dependency on target 'GULNSData' in project 'GoogleUtilities'
        ➜ Explicit dependency on target 'GULEnvironment' in project 'GoogleUtilities'
        ➜ Explicit dependency on target 'GULLogger' in project 'GoogleUtilities'
        ➜ Explicit dependency on target 'GULAppDelegateSwizzler' in project 'GoogleUtilities'
        ➜ Explicit dependency on target 'GTMSessionFetcherCore' in project 'GTMSessionFetcher'
    Target 'GTMSessionFetcherCore' in project 'GTMSessionFetcher'
        ➜ Explicit dependency on target 'GTMSessionFetcherCore' in project 'GTMSessionFetcher'
        ➜ Explicit dependency on target 'GTMSessionFetcher_GTMSessionFetcherCore' in project 'GTMSessionFetcher'
    Target 'GTMSessionFetcherCore' in project 'GTMSessionFetcher'
        ➜ Explicit dependency on target 'GTMSessionFetcher_GTMSessionFetcherCore' in project 'GTMSessionFetcher'
    Target 'GTMSessionFetcher_GTMSessionFetcherCore' in project 'GTMSessionFetcher' (no dependencies)
    Target 'GULAppDelegateSwizzler' in project 'GoogleUtilities'
        ➜ Explicit dependency on target 'GoogleUtilities-AppDelegateSwizzler' in project 'GoogleUtilities'
        ➜ Explicit dependency on target 'GoogleUtilities_GoogleUtilities-AppDelegateSwizzler' in project 'GoogleUtilities'
        ➜ Explicit dependency on target 'third-party-IsAppEncrypted' in project 'GoogleUtilities'
        ➜ Explicit dependency on target 'GoogleUtilities-Environment' in project 'GoogleUtilities'
        ➜ Explicit dependency on target 'GoogleUtilities-Logger' in project 'GoogleUtilities'
        ➜ Explicit dependency on target 'GoogleUtilities-NSData' in project 'GoogleUtilities'
        ➜ Explicit dependency on target 'GoogleUtilities-Reachability' in project 'GoogleUtilities'
        ➜ Explicit dependency on target 'GoogleUtilities-Network' in project 'GoogleUtilities'
    Target 'GoogleUtilities-AppDelegateSwizzler' in project 'GoogleUtilities'
        ➜ Explicit dependency on target 'GoogleUtilities_GoogleUtilities-AppDelegateSwizzler' in project 'GoogleUtilities'
        ➜ Explicit dependency on target 'third-party-IsAppEncrypted' in project 'GoogleUtilities'
        ➜ Explicit dependency on target 'GoogleUtilities-Environment' in project 'GoogleUtilities'
        ➜ Explicit dependency on target 'GoogleUtilities-Logger' in project 'GoogleUtilities'
        ➜ Explicit dependency on target 'GoogleUtilities-NSData' in project 'GoogleUtilities'
        ➜ Explicit dependency on target 'GoogleUtilities-Reachability' in project 'GoogleUtilities'
        ➜ Explicit dependency on target 'GoogleUtilities-Network' in project 'GoogleUtilities'
    Target 'GoogleUtilities-Network' in project 'GoogleUtilities'
        ➜ Explicit dependency on target 'GoogleUtilities_GoogleUtilities-Network' in project 'GoogleUtilities'
        ➜ Explicit dependency on target 'third-party-IsAppEncrypted' in project 'GoogleUtilities'
        ➜ Explicit dependency on target 'GoogleUtilities-Environment' in project 'GoogleUtilities'
        ➜ Explicit dependency on target 'GoogleUtilities-Logger' in project 'GoogleUtilities'
        ➜ Explicit dependency on target 'GoogleUtilities-NSData' in project 'GoogleUtilities'
        ➜ Explicit dependency on target 'GoogleUtilities-Reachability' in project 'GoogleUtilities'
    Target 'GoogleUtilities_GoogleUtilities-Network' in project 'GoogleUtilities' (no dependencies)
    Target 'GoogleUtilities-Reachability' in project 'GoogleUtilities'
        ➜ Explicit dependency on target 'GoogleUtilities_GoogleUtilities-Reachability' in project 'GoogleUtilities'
        ➜ Explicit dependency on target 'third-party-IsAppEncrypted' in project 'GoogleUtilities'
        ➜ Explicit dependency on target 'GoogleUtilities-Environment' in project 'GoogleUtilities'
        ➜ Explicit dependency on target 'GoogleUtilities-Logger' in project 'GoogleUtilities'
    Target 'GoogleUtilities_GoogleUtilities-Reachability' in project 'GoogleUtilities' (no dependencies)
    Target 'GoogleUtilities_GoogleUtilities-AppDelegateSwizzler' in project 'GoogleUtilities' (no dependencies)
    Target 'FirebaseCoreExtension' in project 'Firebase'
        ➜ Explicit dependency on target 'Firebase_FirebaseCoreExtension' in project 'Firebase'
    Target 'Firebase_FirebaseCoreExtension' in project 'Firebase' (no dependencies)
    Target 'FirebaseAuthInternal' in project 'Firebase'
        ➜ Explicit dependency on target 'RecaptchaInterop' in project 'InteropForGoogle'
    Target 'RecaptchaInterop' in project 'InteropForGoogle'
        ➜ Explicit dependency on target 'RecaptchaInterop' in project 'InteropForGoogle'
    Target 'RecaptchaInterop' in project 'InteropForGoogle' (no dependencies)
    Target 'FirebaseAuthInterop' in project 'Firebase' (no dependencies)
    Target 'FirebaseAppCheckInterop' in project 'Firebase' (no dependencies)
    Target 'Firebase_FirebaseAuth' in project 'Firebase' (no dependencies)
    Target 'FirebaseCore' in project 'Firebase'
        ➜ Explicit dependency on target 'FirebaseCore' in project 'Firebase'
        ➜ Explicit dependency on target 'Firebase_FirebaseCore' in project 'Firebase'
        ➜ Explicit dependency on target 'Firebase' in project 'Firebase'
        ➜ Explicit dependency on target 'FirebaseCoreInternal' in project 'Firebase'
        ➜ Explicit dependency on target 'GULNSData' in project 'GoogleUtilities'
        ➜ Explicit dependency on target 'GULEnvironment' in project 'GoogleUtilities'
        ➜ Explicit dependency on target 'GULLogger' in project 'GoogleUtilities'
    Target 'FirebaseCore' in project 'Firebase'
        ➜ Explicit dependency on target 'Firebase_FirebaseCore' in project 'Firebase'
        ➜ Explicit dependency on target 'Firebase' in project 'Firebase'
        ➜ Explicit dependency on target 'FirebaseCoreInternal' in project 'Firebase'
        ➜ Explicit dependency on target 'GULNSData' in project 'GoogleUtilities'
        ➜ Explicit dependency on target 'GULEnvironment' in project 'GoogleUtilities'
        ➜ Explicit dependency on target 'GULLogger' in project 'GoogleUtilities'
    Target 'GULLogger' in project 'GoogleUtilities'
        ➜ Explicit dependency on target 'GoogleUtilities-Logger' in project 'GoogleUtilities'
        ➜ Explicit dependency on target 'GoogleUtilities_GoogleUtilities-Logger' in project 'GoogleUtilities'
        ➜ Explicit dependency on target 'third-party-IsAppEncrypted' in project 'GoogleUtilities'
        ➜ Explicit dependency on target 'GoogleUtilities-Environment' in project 'GoogleUtilities'
    Target 'GoogleUtilities-Logger' in project 'GoogleUtilities'
        ➜ Explicit dependency on target 'GoogleUtilities_GoogleUtilities-Logger' in project 'GoogleUtilities'
        ➜ Explicit dependency on target 'third-party-IsAppEncrypted' in project 'GoogleUtilities'
        ➜ Explicit dependency on target 'GoogleUtilities-Environment' in project 'GoogleUtilities'
    Target 'GoogleUtilities_GoogleUtilities-Logger' in project 'GoogleUtilities' (no dependencies)
    Target 'GULEnvironment' in project 'GoogleUtilities'
        ➜ Explicit dependency on target 'GoogleUtilities-Environment' in project 'GoogleUtilities'
        ➜ Explicit dependency on target 'GoogleUtilities_GoogleUtilities-Environment' in project 'GoogleUtilities'
        ➜ Explicit dependency on target 'third-party-IsAppEncrypted' in project 'GoogleUtilities'
    Target 'GoogleUtilities-Environment' in project 'GoogleUtilities'
        ➜ Explicit dependency on target 'GoogleUtilities_GoogleUtilities-Environment' in project 'GoogleUtilities'
        ➜ Explicit dependency on target 'third-party-IsAppEncrypted' in project 'GoogleUtilities'
    Target 'third-party-IsAppEncrypted' in project 'GoogleUtilities' (no dependencies)
    Target 'GoogleUtilities_GoogleUtilities-Environment' in project 'GoogleUtilities' (no dependencies)
    Target 'FirebaseCoreInternal' in project 'Firebase'
        ➜ Explicit dependency on target 'Firebase_FirebaseCoreInternal' in project 'Firebase'
        ➜ Explicit dependency on target 'GULNSData' in project 'GoogleUtilities'
    Target 'GULNSData' in project 'GoogleUtilities'
        ➜ Explicit dependency on target 'GoogleUtilities-NSData' in project 'GoogleUtilities'
        ➜ Explicit dependency on target 'GoogleUtilities_GoogleUtilities-NSData' in project 'GoogleUtilities'
    Target 'GoogleUtilities-NSData' in project 'GoogleUtilities'
        ➜ Explicit dependency on target 'GoogleUtilities_GoogleUtilities-NSData' in project 'GoogleUtilities'
    Target 'GoogleUtilities_GoogleUtilities-NSData' in project 'GoogleUtilities' (no dependencies)
    Target 'Firebase_FirebaseCoreInternal' in project 'Firebase' (no dependencies)
    Target 'Firebase' in project 'Firebase' (no dependencies)
    Target 'Firebase_FirebaseCore' in project 'Firebase' (no dependencies)

GatherProvisioningInputs

CreateBuildDescription

ClangStatCache /Users/aaronkeen/Downloads/Xcode.app/Contents/Developer/Toolchains/XcodeDefault.xctoolchain/usr/bin/clang-stat-cache /Users/aaronkeen/Downloads/Xcode.app/Contents/Developer/Platforms/iPhoneSimulator.platform/Developer/SDKs/iPhoneSimulator26.0.sdk /Users/aaronkeen/Library/Developer/Xcode/DerivedData/SDKStatCaches.noindex/iphonesimulator26.0-23A339-e1d58a2e5ce2e5cb297b5df35864d556.sdkstatcache
    cd /Users/aaronkeen/Documents/My\ Apps/NutraSafe\ Beta/NutraSafeBeta.xcodeproj
    /Users/aaronkeen/Downloads/Xcode.app/Contents/Developer/Toolchains/XcodeDefault.xctoolchain/usr/bin/clang-stat-cache /Users/aaronkeen/Downloads/Xcode.app/Contents/Developer/Platforms/iPhoneSimulator.platform/Developer/SDKs/iPhoneSimulator26.0.sdk -o /Users/aaronkeen/Library/Developer/Xcode/DerivedData/SDKStatCaches.noindex/iphonesimulator26.0-23A339-e1d58a2e5ce2e5cb297b5df35864d556.sdkstatcache

CompileAssetCatalogVariant thinned /Users/aaronkeen/Library/Developer/Xcode/DerivedData/NutraSafeBeta-awyabywlaekrybetqgpbjphfxefs/Build/Products/Debug-iphonesimulator/NutraSafe\ Beta.app /Users/aaronkeen/Documents/My\ Apps/NutraSafe\ Beta/NutraSafe\ Beta/Assets.xcassets (in target 'NutraSafe Beta' from project 'NutraSafeBeta')
    cd /Users/aaronkeen/Documents/My\ Apps/NutraSafe\ Beta
    /Users/aaronkeen/Downloads/Xcode.app/Contents/Developer/usr/bin/actool /Users/aaronkeen/Documents/My\ Apps/NutraSafe\ Beta/NutraSafe\ Beta/Assets.xcassets --compile /Users/aaronkeen/Library/Developer/Xcode/DerivedData/NutraSafeBeta-awyabywlaekrybetqgpbjphfxefs/Build/Intermediates.noindex/NutraSafeBeta.build/Debug-iphonesimulator/NutraSafe\ Beta.build/assetcatalog_output/thinned --output-format human-readable-text --notices --warnings --export-dependency-info /Users/aaronkeen/Library/Developer/Xcode/DerivedData/NutraSafeBeta-awyabywlaekrybetqgpbjphfxefs/Build/Intermediates.noindex/NutraSafeBeta.build/Debug-iphonesimulator/NutraSafe\ Beta.build/assetcatalog_dependencies_thinned --output-partial-info-plist /Users/aaronkeen/Library/Developer/Xcode/DerivedData/NutraSafeBeta-awyabywlaekrybetqgpbjphfxefs/Build/Intermediates.noindex/NutraSafeBeta.build/Debug-iphonesimulator/NutraSafe\ Beta.build/assetcatalog_generated_info.plist_thinned --app-icon AppIcon --accent-color AccentColor --compress-pngs --enable-on-demand-resources YES --filter-for-thinning-device-configuration iPhone17,1 --filter-for-device-os-version 18.6 --development-region en --target-device iphone --target-device ipad --minimum-deployment-target 15.0 --platform iphonesimulator

SwiftDriver NutraSafe\ Beta normal arm64 com.apple.xcode.tools.swift.compiler (in target 'NutraSafe Beta' from project 'NutraSafeBeta')
    cd /Users/aaronkeen/Documents/My\ Apps/NutraSafe\ Beta
    builtin-SwiftDriver -- /Users/aaronkeen/Downloads/Xcode.app/Contents/Developer/Toolchains/XcodeDefault.xctoolchain/usr/bin/swiftc -module-name NutraSafe_Beta -Onone -enforce-exclusivity\=checked @/Users/aaronkeen/Library/Developer/Xcode/DerivedData/NutraSafeBeta-awyabywlaekrybetqgpbjphfxefs/Build/Intermediates.noindex/NutraSafeBeta.build/Debug-iphonesimulator/NutraSafe\ Beta.build/Objects-normal/arm64/NutraSafe\ Beta.SwiftFileList -DDEBUG -Xcc -fmodule-map-file\=/Users/aaronkeen/Library/Developer/Xcode/DerivedData/NutraSafeBeta-awyabywlaekrybetqgpbjphfxefs/Build/Intermediates.noindex/GeneratedModuleMaps-iphonesimulator/RecaptchaInterop.modulemap -Xcc -fmodule-map-file\=/Users/aaronkeen/Library/Developer/Xcode/DerivedData/NutraSafeBeta-awyabywlaekrybetqgpbjphfxefs/Build/Intermediates.noindex/GeneratedModuleMaps-iphonesimulator/GoogleUtilities-Network.modulemap -Xcc -fmodule-map-file\=/Users/aaronkeen/Library/Developer/Xcode/DerivedData/NutraSafeBeta-awyabywlaekrybetqgpbjphfxefs/Build/Intermediates.noindex/GeneratedModuleMaps-iphonesimulator/GoogleUtilities-Reachability.modulemap -Xcc -fmodule-map-file\=/Users/aaronkeen/Library/Developer/Xcode/DerivedData/NutraSafeBeta-awyabywlaekrybetqgpbjphfxefs/Build/Intermediates.noindex/GeneratedModuleMaps-iphonesimulator/GoogleUtilities-AppDelegateSwizzler.modulemap -Xcc -fmodule-map-file\=/Users/aaronkeen/Library/Developer/Xcode/DerivedData/NutraSafeBeta-awyabywlaekrybetqgpbjphfxefs/Build/Intermediates.noindex/GeneratedModuleMaps-iphonesimulator/GTMSessionFetcherCore.modulemap -Xcc -fmodule-map-file\=/Users/aaronkeen/Library/Developer/Xcode/DerivedData/NutraSafeBeta-awyabywlaekrybetqgpbjphfxefs/Build/Intermediates.noindex/GeneratedModuleMaps-iphonesimulator/FirebaseAuthInternal.modulemap -Xcc -fmodule-map-file\=/Users/aaronkeen/Library/Developer/Xcode/DerivedData/NutraSafeBeta-awyabywlaekrybetqgpbjphfxefs/Build/Intermediates.noindex/GeneratedModuleMaps-iphonesimulator/FirebaseAuthInterop.modulemap -Xcc -fmodule-map-file\=/Users/aaronkeen/Library/Developer/Xcode/DerivedData/NutraSafeBeta-awyabywlaekrybetqgpbjphfxefs/Build/Intermediates.noindex/GeneratedModuleMaps-iphonesimulator/GoogleUtilities-NSData.modulemap -Xcc -fmodule-map-file\=/Users/aaronkeen/Library/Developer/Xcode/DerivedData/NutraSafeBeta-awyabywlaekrybetqgpbjphfxefs/Build/Intermediates.noindex/GeneratedModuleMaps-iphonesimulator/GoogleUtilities-Environment.modulemap -Xcc -fmodule-map-file\=/Users/aaronkeen/Library/Developer/Xcode/DerivedData/NutraSafeBeta-awyabywlaekrybetqgpbjphfxefs/Build/Intermediates.noindex/GeneratedModuleMaps-iphonesimulator/third-party-IsAppEncrypted.modulemap -Xcc -fmodule-map-file\=/Users/aaronkeen/Library/Developer/Xcode/DerivedData/NutraSafeBeta-awyabywlaekrybetqgpbjphfxefs/Build/Intermediates.noindex/GeneratedModuleMaps-iphonesimulator/GoogleUtilities-Logger.modulemap -Xcc -fmodule-map-file\=/Users/aaronkeen/Library/Developer/Xcode/DerivedData/NutraSafeBeta-awyabywlaekrybetqgpbjphfxefs/Build/Intermediates.noindex/GeneratedModuleMaps-iphonesimulator/abslWrapper.modulemap -Xcc -fmodule-map-file\=/Users/aaronkeen/Library/Developer/Xcode/DerivedData/NutraSafeBeta-awyabywlaekrybetqgpbjphfxefs/Build/Intermediates.noindex/GeneratedModuleMaps-iphonesimulator/opensslWrapper.modulemap -Xcc -fmodule-map-file\=/Users/aaronkeen/Library/Developer/Xcode/DerivedData/NutraSafeBeta-awyabywlaekrybetqgpbjphfxefs/Build/Intermediates.noindex/GeneratedModuleMaps-iphonesimulator/grpcWrapper.modulemap -Xcc -fmodule-map-file\=/Users/aaronkeen/Library/Developer/Xcode/DerivedData/NutraSafeBeta-awyabywlaekrybetqgpbjphfxefs/Build/Intermediates.noindex/GeneratedModuleMaps-iphonesimulator/grpcppWrapper.modulemap -Xcc -fmodule-map-file\=/Users/aaronkeen/Library/Developer/Xcode/DerivedData/NutraSafeBeta-awyabywlaekrybetqgpbjphfxefs/Build/Intermediates.noindex/GeneratedModuleMaps-iphonesimulator/nanopb.modulemap -Xcc -fmodule-map-file\=/Users/aaronkeen/Library/Developer/Xcode/DerivedData/NutraSafeBeta-awyabywlaekrybetqgpbjphfxefs/Build/Intermediates.noindex/GeneratedModuleMaps-iphonesimulator/leveldb.modulemap -Xcc -fmodule-map-file\=/Users/aaronkeen/Library/Developer/Xcode/DerivedData/NutraSafeBeta-awyabywlaekrybetqgpbjphfxefs/Build/Intermediates.noindex/GeneratedModuleMaps-iphonesimulator/FirebaseCoreExtension.modulemap -Xcc -fmodule-map-file\=/Users/aaronkeen/Library/Developer/Xcode/DerivedData/NutraSafeBeta-awyabywlaekrybetqgpbjphfxefs/Build/Intermediates.noindex/GeneratedModuleMaps-iphonesimulator/FirebaseCore.modulemap -Xcc -fmodule-map-file\=/Users/aaronkeen/Library/Developer/Xcode/DerivedData/NutraSafeBeta-awyabywlaekrybetqgpbjphfxefs/Build/Intermediates.noindex/GeneratedModuleMaps-iphonesimulator/FirebaseAppCheckInterop.modulemap -Xcc -fmodule-map-file\=/Users/aaronkeen/Library/Developer/Xcode/DerivedData/NutraSafeBeta-awyabywlaekrybetqgpbjphfxefs/Build/Intermediates.noindex/GeneratedModuleMaps-iphonesimulator/FirebaseFirestoreInternalWrapper.modulemap -Xcc -fmodule-map-file\=/Users/aaronkeen/Library/Developer/Xcode/DerivedData/NutraSafeBeta-awyabywlaekrybetqgpbjphfxefs/Build/Intermediates.noindex/GeneratedModuleMaps-iphonesimulator/FirebaseFirestoreTarget.modulemap -enable-bare-slash-regex -enable-experimental-feature DebugDescriptionMacro -sdk /Users/aaronkeen/Downloads/Xcode.app/Contents/Developer/Platforms/iPhoneSimulator.platform/Developer/SDKs/iPhoneSimulator26.0.sdk -target arm64-apple-ios15.0-simulator -g -module-cache-path /Users/aaronkeen/Library/Developer/Xcode/DerivedData/ModuleCache.noindex -Xfrontend -serialize-debugging-options -enable-testing -index-store-path /Users/aaronkeen/Library/Developer/Xcode/DerivedData/NutraSafeBeta-awyabywlaekrybetqgpbjphfxefs/Index.noindex/DataStore -Xcc -D_LIBCPP_HARDENING_MODE\=_LIBCPP_HARDENING_MODE_DEBUG -swift-version 5 -I /Users/aaronkeen/Library/Developer/Xcode/DerivedData/NutraSafeBeta-awyabywlaekrybetqgpbjphfxefs/Build/Products/Debug-iphonesimulator -F /Users/aaronkeen/Library/Developer/Xcode/DerivedData/NutraSafeBeta-awyabywlaekrybetqgpbjphfxefs/Build/Products/Debug-iphonesimulator/PackageFrameworks -F /Users/aaronkeen/Library/Developer/Xcode/DerivedData/NutraSafeBeta-awyabywlaekrybetqgpbjphfxefs/Build/Products/Debug-iphonesimulator/PackageFrameworks -F /Users/aaronkeen/Library/Developer/Xcode/DerivedData/NutraSafeBeta-awyabywlaekrybetqgpbjphfxefs/Build/Products/Debug-iphonesimulator/PackageFrameworks -F /Users/aaronkeen/Library/Developer/Xcode/DerivedData/NutraSafeBeta-awyabywlaekrybetqgpbjphfxefs/Build/Products/Debug-iphonesimulator/PackageFrameworks -F /Users/aaronkeen/Library/Developer/Xcode/DerivedData/NutraSafeBeta-awyabywlaekrybetqgpbjphfxefs/Build/Products/Debug-iphonesimulator/PackageFrameworks -F /Users/aaronkeen/Library/Developer/Xcode/DerivedData/NutraSafeBeta-awyabywlaekrybetqgpbjphfxefs/Build/Products/Debug-iphonesimulator/PackageFrameworks -F /Users/aaronkeen/Library/Developer/Xcode/DerivedData/NutraSafeBeta-awyabywlaekrybetqgpbjphfxefs/Build/Products/Debug-iphonesimulator/PackageFrameworks -F /Users/aaronkeen/Library/Developer/Xcode/DerivedData/NutraSafeBeta-awyabywlaekrybetqgpbjphfxefs/Build/Products/Debug-iphonesimulator/PackageFrameworks -F /Users/aaronkeen/Library/Developer/Xcode/DerivedData/NutraSafeBeta-awyabywlaekrybetqgpbjphfxefs/Build/Products/Debug-iphonesimulator/PackageFrameworks -F /Users/aaronkeen/Library/Developer/Xcode/DerivedData/NutraSafeBeta-awyabywlaekrybetqgpbjphfxefs/Build/Products/Debug-iphonesimulator/PackageFrameworks -F /Users/aaronkeen/Library/Developer/Xcode/DerivedData/NutraSafeBeta-awyabywlaekrybetqgpbjphfxefs/Build/Products/Debug-iphonesimulator/PackageFrameworks -F /Users/aaronkeen/Library/Developer/Xcode/DerivedData/NutraSafeBeta-awyabywlaekrybetqgpbjphfxefs/Build/Products/Debug-iphonesimulator/PackageFrameworks -F /Users/aaronkeen/Library/Developer/Xcode/DerivedData/NutraSafeBeta-awyabywlaekrybetqgpbjphfxefs/Build/Products/Debug-iphonesimulator/PackageFrameworks -F /Users/aaronkeen/Library/Developer/Xcode/DerivedData/NutraSafeBeta-awyabywlaekrybetqgpbjphfxefs/Build/Products/Debug-iphonesimulator/PackageFrameworks -F /Users/aaronkeen/Library/Developer/Xcode/DerivedData/NutraSafeBeta-awyabywlaekrybetqgpbjphfxefs/Build/Products/Debug-iphonesimulator/PackageFrameworks -F /Users/aaronkeen/Library/Developer/Xcode/DerivedData/NutraSafeBeta-awyabywlaekrybetqgpbjphfxefs/Build/Products/Debug-iphonesimulator/PackageFrameworks -F /Users/aaronkeen/Library/Developer/Xcode/DerivedData/NutraSafeBeta-awyabywlaekrybetqgpbjphfxefs/Build/Products/Debug-iphonesimulator/PackageFrameworks -F /Users/aaronkeen/Library/Developer/Xcode/DerivedData/NutraSafeBeta-awyabywlaekrybetqgpbjphfxefs/Build/Products/Debug-iphonesimulator/PackageFrameworks -F /Users/aaronkeen/Library/Developer/Xcode/DerivedData/NutraSafeBeta-awyabywlaekrybetqgpbjphfxefs/Build/Products/Debug-iphonesimulator/PackageFrameworks -F /Users/aaronkeen/Library/Developer/Xcode/DerivedData/NutraSafeBeta-awyabywlaekrybetqgpbjphfxefs/Build/Products/Debug-iphonesimulator/PackageFrameworks -F /Users/aaronkeen/Library/Developer/Xcode/DerivedData/NutraSafeBeta-awyabywlaekrybetqgpbjphfxefs/Build/Products/Debug-iphonesimulator/PackageFrameworks -F /Users/aaronkeen/Library/Developer/Xcode/DerivedData/NutraSafeBeta-awyabywlaekrybetqgpbjphfxefs/Build/Products/Debug-iphonesimulator/PackageFrameworks -F /Users/aaronkeen/Library/Developer/Xcode/DerivedData/NutraSafeBeta-awyabywlaekrybetqgpbjphfxefs/Build/Products/Debug-iphonesimulator/PackageFrameworks -F /Users/aaronkeen/Library/Developer/Xcode/DerivedData/NutraSafeBeta-awyabywlaekrybetqgpbjphfxefs/Build/Products/Debug-iphonesimulator/PackageFrameworks -F /Users/aaronkeen/Library/Developer/Xcode/DerivedData/NutraSafeBeta-awyabywlaekrybetqgpbjphfxefs/Build/Products/Debug-iphonesimulator/PackageFrameworks -F /Users/aaronkeen/Library/Developer/Xcode/DerivedData/NutraSafeBeta-awyabywlaekrybetqgpbjphfxefs/Build/Products/Debug-iphonesimulator/PackageFrameworks -F /Users/aaronkeen/Library/Developer/Xcode/DerivedData/NutraSafeBeta-awyabywlaekrybetqgpbjphfxefs/Build/Products/Debug-iphonesimulator/PackageFrameworks -F /Users/aaronkeen/Library/Developer/Xcode/DerivedData/NutraSafeBeta-awyabywlaekrybetqgpbjphfxefs/Build/Products/Debug-iphonesimulator -emit-localized-strings -emit-localized-strings-path /Users/aaronkeen/Library/Developer/Xcode/DerivedData/NutraSafeBeta-awyabywlaekrybetqgpbjphfxefs/Build/Intermediates.noindex/NutraSafeBeta.build/Debug-iphonesimulator/NutraSafe\ Beta.build/Objects-normal/arm64 -c -j14 -enable-batch-mode -incremental -Xcc -ivfsstatcache -Xcc /Users/aaronkeen/Library/Developer/Xcode/DerivedData/SDKStatCaches.noindex/iphonesimulator26.0-23A339-e1d58a2e5ce2e5cb297b5df35864d556.sdkstatcache -output-file-map /Users/aaronkeen/Library/Developer/Xcode/DerivedData/NutraSafeBeta-awyabywlaekrybetqgpbjphfxefs/Build/Intermediates.noindex/NutraSafeBeta.build/Debug-iphonesimulator/NutraSafe\ Beta.build/Objects-normal/arm64/NutraSafe\ Beta-OutputFileMap.json -use-frontend-parseable-output -save-temps -no-color-diagnostics -explicit-module-build -module-cache-path /Users/aaronkeen/Library/Developer/Xcode/DerivedData/NutraSafeBeta-awyabywlaekrybetqgpbjphfxefs/Build/Intermediates.noindex/SwiftExplicitPrecompiledModules -clang-scanner-module-cache-path /Users/aaronkeen/Library/Developer/Xcode/DerivedData/ModuleCache.noindex -sdk-module-cache-path /Users/aaronkeen/Library/Developer/Xcode/DerivedData/ModuleCache.noindex -serialize-diagnostics -emit-dependencies -emit-module -emit-module-path /Users/aaronkeen/Library/Developer/Xcode/DerivedData/NutraSafeBeta-awyabywlaekrybetqgpbjphfxefs/Build/Intermediates.noindex/NutraSafeBeta.build/Debug-iphonesimulator/NutraSafe\ Beta.build/Objects-normal/arm64/NutraSafe_Beta.swiftmodule -validate-clang-modules-once -clang-build-session-file /Users/aaronkeen/Library/Developer/Xcode/DerivedData/ModuleCache.noindex/Session.modulevalidation -Xcc -I/Users/aaronkeen/Library/Developer/Xcode/DerivedData/NutraSafeBeta-awyabywlaekrybetqgpbjphfxefs/Build/Intermediates.noindex/NutraSafeBeta.build/Debug-iphonesimulator/NutraSafe\ Beta.build/swift-overrides.hmap -emit-const-values -Xfrontend -const-gather-protocols-file -Xfrontend /Users/aaronkeen/Library/Developer/Xcode/DerivedData/NutraSafeBeta-awyabywlaekrybetqgpbjphfxefs/Build/Intermediates.noindex/NutraSafeBeta.build/Debug-iphonesimulator/NutraSafe\ Beta.build/Objects-normal/arm64/NutraSafe\ Beta_const_extract_protocols.json -Xcc -iquote -Xcc /Users/aaronkeen/Library/Developer/Xcode/DerivedData/NutraSafeBeta-awyabywlaekrybetqgpbjphfxefs/Build/Intermediates.noindex/NutraSafeBeta.build/Debug-iphonesimulator/NutraSafe\ Beta.build/NutraSafe\ Beta-generated-files.hmap -Xcc -I/Users/aaronkeen/Library/Developer/Xcode/DerivedData/NutraSafeBeta-awyabywlaekrybetqgpbjphfxefs/Build/Intermediates.noindex/NutraSafeBeta.build/Debug-iphonesimulator/NutraSafe\ Beta.build/NutraSafe\ Beta-own-target-headers.hmap -Xcc -I/Users/aaronkeen/Library/Developer/Xcode/DerivedData/NutraSafeBeta-awyabywlaekrybetqgpbjphfxefs/Build/Intermediates.noindex/NutraSafeBeta.build/Debug-iphonesimulator/NutraSafe\ Beta.build/NutraSafe\ Beta-all-non-framework-target-headers.hmap -Xcc -ivfsoverlay -Xcc /Users/aaronkeen/Library/Developer/Xcode/DerivedData/NutraSafeBeta-awyabywlaekrybetqgpbjphfxefs/Build/Intermediates.noindex/NutraSafeBeta.build/Debug-iphonesimulator/NutraSafeBeta-82b646dc74fb12cbae28522240c6b11e-VFS-iphonesimulator/all-product-headers.yaml -Xcc -iquote -Xcc /Users/aaronkeen/Library/Developer/Xcode/DerivedData/NutraSafeBeta-awyabywlaekrybetqgpbjphfxefs/Build/Intermediates.noindex/NutraSafeBeta.build/Debug-iphonesimulator/NutraSafe\ Beta.build/NutraSafe\ Beta-project-headers.hmap -Xcc -I/Users/aaronkeen/Library/Developer/Xcode/DerivedData/NutraSafeBeta-awyabywlaekrybetqgpbjphfxefs/SourcePackages/checkouts/interop-ios-for-google-sdks/RecaptchaEnterprise/RecaptchaInterop/Public -Xcc -I/Users/aaronkeen/Library/Developer/Xcode/DerivedData/NutraSafeBeta-awyabywlaekrybetqgpbjphfxefs/SourcePackages/checkouts/GoogleUtilities/GoogleUtilities/Network/Public -Xcc -I/Users/aaronkeen/Library/Developer/Xcode/DerivedData/NutraSafeBeta-awyabywlaekrybetqgpbjphfxefs/SourcePackages/checkouts/GoogleUtilities/GoogleUtilities/Reachability/Public -Xcc -I/Users/aaronkeen/Library/Developer/Xcode/DerivedData/NutraSafeBeta-awyabywlaekrybetqgpbjphfxefs/SourcePackages/checkouts/GoogleUtilities/GoogleUtilities/AppDelegateSwizzler/Public -Xcc -I/Users/aaronkeen/Library/Developer/Xcode/DerivedData/NutraSafeBeta-awyabywlaekrybetqgpbjphfxefs/SourcePackages/checkouts/gtm-session-fetcher/Sources/Core/Public -Xcc -I/Users/aaronkeen/Library/Developer/Xcode/DerivedData/NutraSafeBeta-awyabywlaekrybetqgpbjphfxefs/SourcePackages/checkouts/firebase-ios-sdk/FirebaseAuth/Sources/Public -Xcc -I/Users/aaronkeen/Library/Developer/Xcode/DerivedData/NutraSafeBeta-awyabywlaekrybetqgpbjphfxefs/SourcePackages/checkouts/firebase-ios-sdk/FirebaseAuth/Interop/Public -Xcc -I/Users/aaronkeen/Library/Developer/Xcode/DerivedData/NutraSafeBeta-awyabywlaekrybetqgpbjphfxefs/SourcePackages/checkouts/GoogleUtilities/GoogleUtilities/NSData+zlib/Public -Xcc -I/Users/aaronkeen/Library/Developer/Xcode/DerivedData/NutraSafeBeta-awyabywlaekrybetqgpbjphfxefs/SourcePackages/checkouts/GoogleUtilities/GoogleUtilities/Environment/Public -Xcc -I/Users/aaronkeen/Library/Developer/Xcode/DerivedData/NutraSafeBeta-awyabywlaekrybetqgpbjphfxefs/SourcePackages/checkouts/GoogleUtilities/third_party/IsAppEncrypted/Public -Xcc -I/Users/aaronkeen/Library/Developer/Xcode/DerivedData/NutraSafeBeta-awyabywlaekrybetqgpbjphfxefs/SourcePackages/checkouts/GoogleUtilities/GoogleUtilities/Logger/Public -Xcc -I/Users/aaronkeen/Library/Developer/Xcode/DerivedData/NutraSafeBeta-awyabywlaekrybetqgpbjphfxefs/SourcePackages/checkouts/abseil-cpp-binary/absl-Wrapper/include -Xcc -I/Users/aaronkeen/Library/Developer/Xcode/DerivedData/NutraSafeBeta-awyabywlaekrybetqgpbjphfxefs/SourcePackages/checkouts/grpc-binary/openssl-grpc-Wrapper/include -Xcc -I/Users/aaronkeen/Library/Developer/Xcode/DerivedData/NutraSafeBeta-awyabywlaekrybetqgpbjphfxefs/SourcePackages/checkouts/grpc-binary/grpc-Wrapper/include -Xcc -I/Users/aaronkeen/Library/Developer/Xcode/DerivedData/NutraSafeBeta-awyabywlaekrybetqgpbjphfxefs/SourcePackages/checkouts/grpc-binary/grpcpp-Wrapper/include -Xcc -I/Users/aaronkeen/Library/Developer/Xcode/DerivedData/NutraSafeBeta-awyabywlaekrybetqgpbjphfxefs/SourcePackages/checkouts/nanopb/spm_headers -Xcc -I/Users/aaronkeen/Library/Developer/Xcode/DerivedData/NutraSafeBeta-awyabywlaekrybetqgpbjphfxefs/SourcePackages/checkouts/leveldb/include -Xcc -I/Users/aaronkeen/Library/Developer/Xcode/DerivedData/NutraSafeBeta-awyabywlaekrybetqgpbjphfxefs/SourcePackages/checkouts/firebase-ios-sdk/FirebaseCore/Extension -Xcc -I/Users/aaronkeen/Library/Developer/Xcode/DerivedData/NutraSafeBeta-awyabywlaekrybetqgpbjphfxefs/SourcePackages/checkouts/firebase-ios-sdk/FirebaseCore/Sources/Public -Xcc -I/Users/aaronkeen/Library/Developer/Xcode/DerivedData/NutraSafeBeta-awyabywlaekrybetqgpbjphfxefs/SourcePackages/checkouts/firebase-ios-sdk/CoreOnly/Sources -Xcc -I/Users/aaronkeen/Library/Developer/Xcode/DerivedData/NutraSafeBeta-awyabywlaekrybetqgpbjphfxefs/SourcePackages/checkouts/firebase-ios-sdk/FirebaseAppCheck/Interop/Public -Xcc -I/Users/aaronkeen/Library/Developer/Xcode/DerivedData/NutraSafeBeta-awyabywlaekrybetqgpbjphfxefs/SourcePackages/checkouts/firebase-ios-sdk/FirebaseFirestoreInternal -Xcc -I/Users/aaronkeen/Library/Developer/Xcode/DerivedData/NutraSafeBeta-awyabywlaekrybetqgpbjphfxefs/SourcePackages/checkouts/firebase-ios-sdk/SwiftPM-PlatformExclude/FirebaseFirestoreWrap/include -Xcc -I/Users/aaronkeen/Library/Developer/Xcode/DerivedData/NutraSafeBeta-awyabywlaekrybetqgpbjphfxefs/Build/Products/Debug-iphonesimulator/include -Xcc -I/Users/aaronkeen/Library/Developer/Xcode/DerivedData/NutraSafeBeta-awyabywlaekrybetqgpbjphfxefs/Build/Intermediates.noindex/NutraSafeBeta.build/Debug-iphonesimulator/NutraSafe\ Beta.build/DerivedSources-normal/arm64 -Xcc -I/Users/aaronkeen/Library/Developer/Xcode/DerivedData/NutraSafeBeta-awyabywlaekrybetqgpbjphfxefs/Build/Intermediates.noindex/NutraSafeBeta.build/Debug-iphonesimulator/NutraSafe\ Beta.build/DerivedSources/arm64 -Xcc -I/Users/aaronkeen/Library/Developer/Xcode/DerivedData/NutraSafeBeta-awyabywlaekrybetqgpbjphfxefs/Build/Intermediates.noindex/NutraSafeBeta.build/Debug-iphonesimulator/NutraSafe\ Beta.build/DerivedSources -Xcc -DDEBUG\=1 -emit-objc-header -emit-objc-header-path /Users/aaronkeen/Library/Developer/Xcode/DerivedData/NutraSafeBeta-awyabywlaekrybetqgpbjphfxefs/Build/Intermediates.noindex/NutraSafeBeta.build/Debug-iphonesimulator/NutraSafe\ Beta.build/Objects-normal/arm64/NutraSafe_Beta-Swift.h -working-directory /Users/aaronkeen/Documents/My\ Apps/NutraSafe\ Beta -experimental-emit-module-separately -disable-cmo

SwiftCompile normal arm64 Compiling\ ContentView.swift,\ DiaryFoodView.swift,\ NutraSafeBetaApp.swift,\ FirebaseManager.swift /Users/aaronkeen/Documents/My\ Apps/NutraSafe\ Beta/NutraSafe\ Beta/ContentView.swift /Users/aaronkeen/Documents/My\ Apps/NutraSafe\ Beta/NutraSafe\ Beta/DiaryFoodView.swift /Users/aaronkeen/Documents/My\ Apps/NutraSafe\ Beta/NutraSafe\ Beta/NutraSafeBetaApp.swift /Users/aaronkeen/Documents/My\ Apps/NutraSafe\ Beta/NutraSafe\ Beta/FirebaseManager.swift (in target 'NutraSafe Beta' from project 'NutraSafeBeta')
SwiftCompile normal arm64 /Users/aaronkeen/Documents/My\ Apps/NutraSafe\ Beta/NutraSafe\ Beta/ContentView.swift (in target 'NutraSafe Beta' from project 'NutraSafeBeta')
    cd /Users/aaronkeen/Documents/My\ Apps/NutraSafe\ Beta
    

SwiftCompile normal arm64 /Users/aaronkeen/Documents/My\ Apps/NutraSafe\ Beta/NutraSafe\ Beta/DiaryFoodView.swift (in target 'NutraSafe Beta' from project 'NutraSafeBeta')
    cd /Users/aaronkeen/Documents/My\ Apps/NutraSafe\ Beta
    

SwiftCompile normal arm64 /Users/aaronkeen/Documents/My\ Apps/NutraSafe\ Beta/NutraSafe\ Beta/NutraSafeBetaApp.swift (in target 'NutraSafe Beta' from project 'NutraSafeBeta')
    cd /Users/aaronkeen/Documents/My\ Apps/NutraSafe\ Beta
    

SwiftCompile normal arm64 /Users/aaronkeen/Documents/My\ Apps/NutraSafe\ Beta/NutraSafe\ Beta/FirebaseManager.swift (in target 'NutraSafe Beta' from project 'NutraSafeBeta')
    cd /Users/aaronkeen/Documents/My\ Apps/NutraSafe\ Beta
    

SwiftCompile normal arm64 Compiling\ HealthKitManager.swift,\ LiveTextScannerService.swift,\ LiveIngredientScannerView.swift,\ TestLiveScannerView.swift /Users/aaronkeen/Documents/My\ Apps/NutraSafe\ Beta/NutraSafe\ Beta/HealthKitManager.swift /Users/aaronkeen/Documents/My\ Apps/NutraSafe\ Beta/NutraSafe\ Beta/LiveTextScannerService.swift /Users/aaronkeen/Documents/My\ Apps/NutraSafe\ Beta/NutraSafe\ Beta/LiveIngredientScannerView.swift /Users/aaronkeen/Documents/My\ Apps/NutraSafe\ Beta/NutraSafe\ Beta/TestLiveScannerView.swift (in target 'NutraSafe Beta' from project 'NutraSafeBeta')
SwiftCompile normal arm64 /Users/aaronkeen/Documents/My\ Apps/NutraSafe\ Beta/NutraSafe\ Beta/HealthKitManager.swift (in target 'NutraSafe Beta' from project 'NutraSafeBeta')
    cd /Users/aaronkeen/Documents/My\ Apps/NutraSafe\ Beta
    

SwiftCompile normal arm64 /Users/aaronkeen/Documents/My\ Apps/NutraSafe\ Beta/NutraSafe\ Beta/LiveTextScannerService.swift (in target 'NutraSafe Beta' from project 'NutraSafeBeta')
    cd /Users/aaronkeen/Documents/My\ Apps/NutraSafe\ Beta
    

SwiftCompile normal arm64 /Users/aaronkeen/Documents/My\ Apps/NutraSafe\ Beta/NutraSafe\ Beta/LiveIngredientScannerView.swift (in target 'NutraSafe Beta' from project 'NutraSafeBeta')
    cd /Users/aaronkeen/Documents/My\ Apps/NutraSafe\ Beta
    

SwiftCompile normal arm64 /Users/aaronkeen/Documents/My\ Apps/NutraSafe\ Beta/NutraSafe\ Beta/TestLiveScannerView.swift (in target 'NutraSafe Beta' from project 'NutraSafeBeta')
    cd /Users/aaronkeen/Documents/My\ Apps/NutraSafe\ Beta
    

SwiftCompile normal arm64 Compiling\ FoodDetailViewFromSearch.swift,\ ExerciseDetailViews.swift,\ ExerciseHistoryViews.swift,\ ExerciseSelectionViews.swift /Users/aaronkeen/Documents/My\ Apps/NutraSafe\ Beta/NutraSafe\ Beta/Views/Food/FoodDetailViewFromSearch.swift /Users/aaronkeen/Documents/My\ Apps/NutraSafe\ Beta/NutraSafe\ Beta/Views/Exercise/ExerciseDetailViews.swift /Users/aaronkeen/Documents/My\ Apps/NutraSafe\ Beta/NutraSafe\ Beta/Views/Exercise/ExerciseHistoryViews.swift /Users/aaronkeen/Documents/My\ Apps/NutraSafe\ Beta/NutraSafe\ Beta/Views/Exercise/ExerciseSelectionViews.swift (in target 'NutraSafe Beta' from project 'NutraSafeBeta')

SwiftCompile normal arm64 /Users/aaronkeen/Documents/My\ Apps/NutraSafe\ Beta/NutraSafe\ Beta/Views/Food/FoodDetailViewFromSearch.swift (in target 'NutraSafe Beta' from project 'NutraSafeBeta')
    cd /Users/aaronkeen/Documents/My\ Apps/NutraSafe\ Beta
    

SwiftCompile normal arm64 /Users/aaronkeen/Documents/My\ Apps/NutraSafe\ Beta/NutraSafe\ Beta/Views/Exercise/ExerciseDetailViews.swift (in target 'NutraSafe Beta' from project 'NutraSafeBeta')
    cd /Users/aaronkeen/Documents/My\ Apps/NutraSafe\ Beta
    

SwiftCompile normal arm64 /Users/aaronkeen/Documents/My\ Apps/NutraSafe\ Beta/NutraSafe\ Beta/Views/Exercise/ExerciseHistoryViews.swift (in target 'NutraSafe Beta' from project 'NutraSafeBeta')
    cd /Users/aaronkeen/Documents/My\ Apps/NutraSafe\ Beta
    

SwiftCompile normal arm64 /Users/aaronkeen/Documents/My\ Apps/NutraSafe\ Beta/NutraSafe\ Beta/Views/Exercise/ExerciseSelectionViews.swift (in target 'NutraSafe Beta' from project 'NutraSafeBeta')
    cd /Users/aaronkeen/Documents/My\ Apps/NutraSafe\ Beta
    

SwiftCompile normal arm64 Compiling\ NewWorkoutCreationView.swift,\ WeightTrainingView.swift,\ WorkoutMainView.swift,\ WorkoutTemplatesView.swift /Users/aaronkeen/Documents/My\ Apps/NutraSafe\ Beta/NutraSafe\ Beta/Views/Exercise/NewWorkoutCreationView.swift /Users/aaronkeen/Documents/My\ Apps/NutraSafe\ Beta/NutraSafe\ Beta/Views/Exercise/WeightTrainingView.swift /Users/aaronkeen/Documents/My\ Apps/NutraSafe\ Beta/NutraSafe\ Beta/Views/Exercise/WorkoutMainView.swift /Users/aaronkeen/Documents/My\ Apps/NutraSafe\ Beta/NutraSafe\ Beta/Views/Exercise/WorkoutTemplatesView.swift (in target 'NutraSafe Beta' from project 'NutraSafeBeta')

SwiftCompile normal arm64 /Users/aaronkeen/Documents/My\ Apps/NutraSafe\ Beta/NutraSafe\ Beta/Views/Exercise/NewWorkoutCreationView.swift (in target 'NutraSafe Beta' from project 'NutraSafeBeta')
    cd /Users/aaronkeen/Documents/My\ Apps/NutraSafe\ Beta
    

SwiftCompile normal arm64 /Users/aaronkeen/Documents/My\ Apps/NutraSafe\ Beta/NutraSafe\ Beta/Views/Exercise/WeightTrainingView.swift (in target 'NutraSafe Beta' from project 'NutraSafeBeta')
    cd /Users/aaronkeen/Documents/My\ Apps/NutraSafe\ Beta
    

SwiftCompile normal arm64 /Users/aaronkeen/Documents/My\ Apps/NutraSafe\ Beta/NutraSafe\ Beta/Views/Exercise/WorkoutMainView.swift (in target 'NutraSafe Beta' from project 'NutraSafeBeta')
    cd /Users/aaronkeen/Documents/My\ Apps/NutraSafe\ Beta
    

SwiftCompile normal arm64 /Users/aaronkeen/Documents/My\ Apps/NutraSafe\ Beta/NutraSafe\ Beta/Views/Exercise/WorkoutTemplatesView.swift (in target 'NutraSafe Beta' from project 'NutraSafeBeta')
    cd /Users/aaronkeen/Documents/My\ Apps/NutraSafe\ Beta
    

SwiftCompile normal arm64 Compiling\ FoodSearchViews.swift,\ FoodManagementViews.swift,\ FastingTimerView.swift /Users/aaronkeen/Documents/My\ Apps/NutraSafe\ Beta/NutraSafe\ Beta/Views/Food/FoodSearchViews.swift /Users/aaronkeen/Documents/My\ Apps/NutraSafe\ Beta/NutraSafe\ Beta/Views/Food/FoodManagementViews.swift /Users/aaronkeen/Documents/My\ Apps/NutraSafe\ Beta/NutraSafe\ Beta/Views/Fasting/FastingTimerView.swift (in target 'NutraSafe Beta' from project 'NutraSafeBeta')
SwiftCompile normal arm64 /Users/aaronkeen/Documents/My\ Apps/NutraSafe\ Beta/NutraSafe\ Beta/Views/Food/FoodSearchViews.swift (in target 'NutraSafe Beta' from project 'NutraSafeBeta')
    cd /Users/aaronkeen/Documents/My\ Apps/NutraSafe\ Beta
    

SwiftCompile normal arm64 /Users/aaronkeen/Documents/My\ Apps/NutraSafe\ Beta/NutraSafe\ Beta/Views/Food/FoodManagementViews.swift (in target 'NutraSafe Beta' from project 'NutraSafeBeta')
    cd /Users/aaronkeen/Documents/My\ Apps/NutraSafe\ Beta
    

SwiftCompile normal arm64 /Users/aaronkeen/Documents/My\ Apps/NutraSafe\ Beta/NutraSafe\ Beta/Views/Fasting/FastingTimerView.swift (in target 'NutraSafe Beta' from project 'NutraSafeBeta')
    cd /Users/aaronkeen/Documents/My\ Apps/NutraSafe\ Beta
    

SwiftCompile normal arm64 Compiling\ AddFoodAIView.swift,\ DiaryHydrationView.swift,\ DiaryDailySummaryCard.swift /Users/aaronkeen/Documents/My\ Apps/NutraSafe\ Beta/NutraSafe\ Beta/Views/Food/AddFoodAIView.swift /Users/aaronkeen/Documents/My\ Apps/NutraSafe\ Beta/NutraSafe\ Beta/Views/Diary/DiaryHydrationView.swift /Users/aaronkeen/Documents/My\ Apps/NutraSafe\ Beta/NutraSafe\ Beta/Views/Diary/DiaryDailySummaryCard.swift (in target 'NutraSafe Beta' from project 'NutraSafeBeta')

SwiftCompile normal arm64 /Users/aaronkeen/Documents/My\ Apps/NutraSafe\ Beta/NutraSafe\ Beta/Views/Food/AddFoodAIView.swift (in target 'NutraSafe Beta' from project 'NutraSafeBeta')
    cd /Users/aaronkeen/Documents/My\ Apps/NutraSafe\ Beta
    

SwiftCompile normal arm64 /Users/aaronkeen/Documents/My\ Apps/NutraSafe\ Beta/NutraSafe\ Beta/Views/Diary/DiaryHydrationView.swift (in target 'NutraSafe Beta' from project 'NutraSafeBeta')
    cd /Users/aaronkeen/Documents/My\ Apps/NutraSafe\ Beta
    

SwiftCompile normal arm64 /Users/aaronkeen/Documents/My\ Apps/NutraSafe\ Beta/NutraSafe\ Beta/Views/Diary/DiaryDailySummaryCard.swift (in target 'NutraSafe Beta' from project 'NutraSafeBeta')
    cd /Users/aaronkeen/Documents/My\ Apps/NutraSafe\ Beta
    

SwiftCompile normal arm64 Compiling\ MicronutrientViews.swift,\ CoreModels.swift,\ ExerciseModels.swift /Users/aaronkeen/Documents/My\ Apps/NutraSafe\ Beta/NutraSafe\ Beta/Views/Diary/MicronutrientViews.swift /Users/aaronkeen/Documents/My\ Apps/NutraSafe\ Beta/NutraSafe\ Beta/Models/CoreModels.swift /Users/aaronkeen/Documents/My\ Apps/NutraSafe\ Beta/NutraSafe\ Beta/Models/ExerciseModels.swift (in target 'NutraSafe Beta' from project 'NutraSafeBeta')
SwiftCompile normal arm64 /Users/aaronkeen/Documents/My\ Apps/NutraSafe\ Beta/NutraSafe\ Beta/Views/Diary/MicronutrientViews.swift (in target 'NutraSafe Beta' from project 'NutraSafeBeta')
    cd /Users/aaronkeen/Documents/My\ Apps/NutraSafe\ Beta
    

SwiftCompile normal arm64 /Users/aaronkeen/Documents/My\ Apps/NutraSafe\ Beta/NutraSafe\ Beta/Models/CoreModels.swift (in target 'NutraSafe Beta' from project 'NutraSafeBeta')
    cd /Users/aaronkeen/Documents/My\ Apps/NutraSafe\ Beta
    

SwiftCompile normal arm64 /Users/aaronkeen/Documents/My\ Apps/NutraSafe\ Beta/NutraSafe\ Beta/Models/ExerciseModels.swift (in target 'NutraSafe Beta' from project 'NutraSafeBeta')
    cd /Users/aaronkeen/Documents/My\ Apps/NutraSafe\ Beta
    

SwiftCompile normal arm64 Compiling\ FoodSafetyModels.swift,\ NutritionModels.swift,\ ScoringModels.swift /Users/aaronkeen/Documents/My\ Apps/NutraSafe\ Beta/NutraSafe\ Beta/Models/FoodSafetyModels.swift /Users/aaronkeen/Documents/My\ Apps/NutraSafe\ Beta/NutraSafe\ Beta/Models/NutritionModels.swift /Users/aaronkeen/Documents/My\ Apps/NutraSafe\ Beta/NutraSafe\ Beta/Models/ScoringModels.swift (in target 'NutraSafe Beta' from project 'NutraSafeBeta')

SwiftCompile normal arm64 /Users/aaronkeen/Documents/My\ Apps/NutraSafe\ Beta/NutraSafe\ Beta/Models/FoodSafetyModels.swift (in target 'NutraSafe Beta' from project 'NutraSafeBeta')
    cd /Users/aaronkeen/Documents/My\ Apps/NutraSafe\ Beta
    

SwiftCompile normal arm64 /Users/aaronkeen/Documents/My\ Apps/NutraSafe\ Beta/NutraSafe\ Beta/Models/NutritionModels.swift (in target 'NutraSafe Beta' from project 'NutraSafeBeta')
    cd /Users/aaronkeen/Documents/My\ Apps/NutraSafe\ Beta
    

SwiftCompile normal arm64 /Users/aaronkeen/Documents/My\ Apps/NutraSafe\ Beta/NutraSafe\ Beta/Models/ScoringModels.swift (in target 'NutraSafe Beta' from project 'NutraSafeBeta')
    cd /Users/aaronkeen/Documents/My\ Apps/NutraSafe\ Beta
    

SwiftCompile normal arm64 Compiling\ AppConfig.swift,\ DiaryTabView.swift,\ ExerciseTabView.swift /Users/aaronkeen/Documents/My\ Apps/NutraSafe\ Beta/NutraSafe\ Beta/Configuration/AppConfig.swift /Users/aaronkeen/Documents/My\ Apps/NutraSafe\ Beta/NutraSafe\ Beta/Views/DiaryTabView.swift /Users/aaronkeen/Documents/My\ Apps/NutraSafe\ Beta/NutraSafe\ Beta/Views/ExerciseTabView.swift (in target 'NutraSafe Beta' from project 'NutraSafeBeta')
Failed frontend command:
/Users/aaronkeen/Downloads/Xcode.app/Contents/Developer/Toolchains/XcodeDefault.xctoolchain/usr/bin/swift-frontend -frontend -c /Users/aaronkeen/Documents/My\ Apps/NutraSafe\ Beta/NutraSafe\ Beta/ContentView.swift /Users/aaronkeen/Documents/My\ Apps/NutraSafe\ Beta/NutraSafe\ Beta/DiaryFoodView.swift /Users/aaronkeen/Documents/My\ Apps/NutraSafe\ Beta/NutraSafe\ Beta/NutraSafeBetaApp.swift /Users/aaronkeen/Documents/My\ Apps/NutraSafe\ Beta/NutraSafe\ Beta/FirebaseManager.swift /Users/aaronkeen/Documents/My\ Apps/NutraSafe\ Beta/NutraSafe\ Beta/HealthKitManager.swift /Users/aaronkeen/Documents/My\ Apps/NutraSafe\ Beta/NutraSafe\ Beta/LiveTextScannerService.swift /Users/aaronkeen/Documents/My\ Apps/NutraSafe\ Beta/NutraSafe\ Beta/LiveIngredientScannerView.swift /Users/aaronkeen/Documents/My\ Apps/NutraSafe\ Beta/NutraSafe\ Beta/TestLiveScannerView.swift /Users/aaronkeen/Documents/My\ Apps/NutraSafe\ Beta/NutraSafe\ Beta/Views/Food/FoodDetailViewFromSearch.swift /Users/aaronkeen/Documents/My\ Apps/NutraSafe\ Beta/NutraSafe\ Beta/Views/Exercise/ExerciseDetailViews.swift /Users/aaronkeen/Documents/My\ Apps/NutraSafe\ Beta/NutraSafe\ Beta/Views/Exercise/ExerciseHistoryViews.swift /Users/aaronkeen/Documents/My\ Apps/NutraSafe\ Beta/NutraSafe\ Beta/Views/Exercise/ExerciseSelectionViews.swift /Users/aaronkeen/Documents/My\ Apps/NutraSafe\ Beta/NutraSafe\ Beta/Views/Exercise/NewWorkoutCreationView.swift /Users/aaronkeen/Documents/My\ Apps/NutraSafe\ Beta/NutraSafe\ Beta/Views/Exercise/WeightTrainingView.swift /Users/aaronkeen/Documents/My\ Apps/NutraSafe\ Beta/NutraSafe\ Beta/Views/Exercise/WorkoutMainView.swift /Users/aaronkeen/Documents/My\ Apps/NutraSafe\ Beta/NutraSafe\ Beta/Views/Exercise/WorkoutTemplatesView.swift /Users/aaronkeen/Documents/My\ Apps/NutraSafe\ Beta/NutraSafe\ Beta/Views/Food/FoodSearchViews.swift /Users/aaronkeen/Documents/My\ Apps/NutraSafe\ Beta/NutraSafe\ Beta/Views/Food/FoodManagementViews.swift /Users/aaronkeen/Documents/My\ Apps/NutraSafe\ Beta/NutraSafe\ Beta/Views/Fasting/FastingTimerView.swift /Users/aaronkeen/Documents/My\ Apps/NutraSafe\ Beta/NutraSafe\ Beta/Views/Food/AddFoodAIView.swift /Users/aaronkeen/Documents/My\ Apps/NutraSafe\ Beta/NutraSafe\ Beta/Views/Diary/DiaryHydrationView.swift /Users/aaronkeen/Documents/My\ Apps/NutraSafe\ Beta/NutraSafe\ Beta/Views/Diary/DiaryDailySummaryCard.swift /Users/aaronkeen/Documents/My\ Apps/NutraSafe\ Beta/NutraSafe\ Beta/Views/Food/AdditiveAnalysisViews.swift /Users/aaronkeen/Documents/My\ Apps/NutraSafe\ Beta/NutraSafe\ Beta/Views/Food/BarcodeScanningViews.swift /Users/aaronkeen/Documents/My\ Apps/NutraSafe\ Beta/NutraSafe\ Beta/Views/Food/FoodTabViews.swift /Users/aaronkeen/Documents/My\ Apps/NutraSafe\ Beta/NutraSafe\ Beta/Views/Diary/ProfessionalSummaryViews.swift /Users/aaronkeen/Documents/My\ Apps/NutraSafe\ Beta/NutraSafe\ Beta/Views/Kitchen/KitchenTabViews.swift /Users/aaronkeen/Documents/My\ Apps/NutraSafe\ Beta/NutraSafe\ Beta/Views/Exercise/WorkoutNavigationOverlays.swift /Users/aaronkeen/Documents/My\ Apps/NutraSafe\ Beta/NutraSafe\ Beta/Views/Diary/MicronutrientViews.swift /Users/aaronkeen/Documents/My\ Apps/NutraSafe\ Beta/NutraSafe\ Beta/Models/CoreModels.swift /Users/aaronkeen/Documents/My\ Apps/NutraSafe\ Beta/NutraSafe\ Beta/Models/ExerciseModels.swift /Users/aaronkeen/Documents/My\ Apps/NutraSafe\ Beta/NutraSafe\ Beta/Models/FoodSafetyModels.swift /Users/aaronkeen/Documents/My\ Apps/NutraSafe\ Beta/NutraSafe\ Beta/Models/NutritionModels.swift /Users/aaronkeen/Documents/My\ Apps/NutraSafe\ Beta/NutraSafe\ Beta/Models/ScoringModels.swift /Users/aaronkeen/Documents/My\ Apps/NutraSafe\ Beta/NutraSafe\ Beta/Models/HealthKitModels.swift /Users/aaronkeen/Documents/My\ Apps/NutraSafe\ Beta/NutraSafe\ Beta/Models/UserModels.swift /Users/aaronkeen/Documents/My\ Apps/NutraSafe\ Beta/NutraSafe\ Beta/Models/SearchModels.swift /Users/aaronkeen/Documents/My\ Apps/NutraSafe\ Beta/NutraSafe\ Beta/Views/Diary/DiaryComponents.swift /Users/aaronkeen/Documents/My\ Apps/NutraSafe\ Beta/NutraSafe\ Beta/Views/Diary/DiaryExerciseComponents.swift /Users/aaronkeen/Documents/My\ Apps/NutraSafe\ Beta/NutraSafe\ Beta/Views/Components/NutritionScoreViews.swift /Users/aaronkeen/Documents/My\ Apps/NutraSafe\ Beta/NutraSafe\ Beta/Views/Components/ActionButtons.swift /Users/aaronkeen/Documents/My\ Apps/NutraSafe\ Beta/NutraSafe\ Beta/Views/Components/MacroViews.swift /Users/aaronkeen/Documents/My\ Apps/NutraSafe\ Beta/NutraSafe\ Beta/Views/Components/CustomTabBar.swift -primary-file /Users/aaronkeen/Documents/My\ Apps/NutraSafe\ Beta/NutraSafe\ Beta/Configuration/AppConfig.swift -primary-file /Users/aaronkeen/Documents/My\ Apps/NutraSafe\ Beta/NutraSafe\ Beta/Views/DiaryTabView.swift -primary-file /Users/aaronkeen/Documents/My\ Apps/NutraSafe\ Beta/NutraSafe\ Beta/Views/ExerciseTabView.swift /Users/aaronkeen/Documents/My\ Apps/NutraSafe\ Beta/NutraSafe\ Beta/Views/AddTabView.swift /Users/aaronkeen/Documents/My\ Apps/NutraSafe\ Beta/NutraSafe\ Beta/Views/Exercise/NewWorkoutView.swift /Users/aaronkeen/Library/Developer/Xcode/DerivedData/NutraSafeBeta-awyabywlaekrybetqgpbjphfxefs/Build/Intermediates.noindex/NutraSafeBeta.build/Debug-iphonesimulator/NutraSafe\ Beta.build/DerivedSources/GeneratedAssetSymbols.swift -supplementary-output-file-map /Users/aaronkeen/Library/Developer/Xcode/DerivedData/NutraSafeBeta-awyabywlaekrybetqgpbjphfxefs/Build/Intermediates.noindex/NutraSafeBeta.build/Debug-iphonesimulator/NutraSafe\ Beta.build/Objects-normal/arm64/supplementaryOutputs-13 -emit-localized-strings -emit-localized-strings-path /Users/aaronkeen/Library/Developer/Xcode/DerivedData/NutraSafeBeta-awyabywlaekrybetqgpbjphfxefs/Build/Intermediates.noindex/NutraSafeBeta.build/Debug-iphonesimulator/NutraSafe\ Beta.build/Objects-normal/arm64 -target arm64-apple-ios15.0-simulator -module-can-import-version DeveloperToolsSupport 23.0.4 23.0.4 -module-can-import-version SwiftUI 7.0.84.1 7.0.84 -module-can-import-version UIKit 9088.1.113 9088.1.113 -load-resolved-plugin /Users/aaronkeen/Downloads/Xcode.app/Contents/Developer/Platforms/iPhoneOS.platform/Developer/usr/lib/swift/host/plugins/libFoundationMacros.dylib\#/Users/aaronkeen/Downloads/Xcode.app/Contents/Developer/Platforms/iPhoneOS.platform/Developer/usr/bin/swift-plugin-server\#FoundationMacros -load-resolved-plugin /Users/aaronkeen/Downloads/Xcode.app/Contents/Developer/Platforms/iPhoneOS.platform/Developer/usr/lib/swift/host/plugins/libObservationMacros.dylib\#/Users/aaronkeen/Downloads/Xcode.app/Contents/Developer/Platforms/iPhoneOS.platform/Developer/usr/bin/swift-plugin-server\#ObservationMacros -load-resolved-plugin /Users/aaronkeen/Downloads/Xcode.app/Contents/Developer/Platforms/iPhoneOS.platform/Developer/usr/lib/swift/host/plugins/libPreviewsMacros.dylib\#/Users/aaronkeen/Downloads/Xcode.app/Contents/Developer/Platforms/iPhoneOS.platform/Developer/usr/bin/swift-plugin-server\#PreviewsMacros -load-resolved-plugin /Users/aaronkeen/Downloads/Xcode.app/Contents/Developer/Platforms/iPhoneOS.platform/Developer/usr/lib/swift/host/plugins/libSwiftMacros.dylib\#/Users/aaronkeen/Downloads/Xcode.app/Contents/Developer/Platforms/iPhoneOS.platform/Developer/usr/bin/swift-plugin-server\#SwiftMacros -load-resolved-plugin /Users/aaronkeen/Downloads/Xcode.app/Contents/Developer/Platforms/iPhoneOS.platform/Developer/usr/lib/swift/host/plugins/libSwiftUIMacros.dylib\#/Users/aaronkeen/Downloads/Xcode.app/Contents/Developer/Platforms/iPhoneOS.platform/Developer/usr/bin/swift-plugin-server\#SwiftUIMacros -disable-implicit-swift-modules -Xcc -fno-implicit-modules -Xcc -fno-implicit-module-maps -explicit-swift-module-map-file /Users/aaronkeen/Library/Developer/Xcode/DerivedData/NutraSafeBeta-awyabywlaekrybetqgpbjphfxefs/Build/Intermediates.noindex/NutraSafeBeta.build/Debug-iphonesimulator/NutraSafe\ Beta.build/Objects-normal/arm64/NutraSafe_Beta-dependencies-1.json -Xllvm -aarch64-use-tbi -enable-objc-interop -sdk /Users/aaronkeen/Downloads/Xcode.app/Contents/Developer/Platforms/iPhoneSimulator.platform/Developer/SDKs/iPhoneSimulator26.0.sdk -I /Users/aaronkeen/Library/Developer/Xcode/DerivedData/NutraSafeBeta-awyabywlaekrybetqgpbjphfxefs/Build/Products/Debug-iphonesimulator -F /Users/aaronkeen/Library/Developer/Xcode/DerivedData/NutraSafeBeta-awyabywlaekrybetqgpbjphfxefs/Build/Products/Debug-iphonesimulator/PackageFrameworks -F /Users/aaronkeen/Library/Developer/Xcode/DerivedData/NutraSafeBeta-awyabywlaekrybetqgpbjphfxefs/Build/Products/Debug-iphonesimulator/PackageFrameworks -F /Users/aaronkeen/Library/Developer/Xcode/DerivedData/NutraSafeBeta-awyabywlaekrybetqgpbjphfxefs/Build/Products/Debug-iphonesimulator/PackageFrameworks -F /Users/aaronkeen/Library/Developer/Xcode/DerivedData/NutraSafeBeta-awyabywlaekrybetqgpbjphfxefs/Build/Products/Debug-iphonesimulator/PackageFrameworks -F /Users/aaronkeen/Library/Developer/Xcode/DerivedData/NutraSafeBeta-awyabywlaekrybetqgpbjphfxefs/Build/Products/Debug-iphonesimulator/PackageFrameworks -F /Users/aaronkeen/Library/Developer/Xcode/DerivedData/NutraSafeBeta-awyabywlaekrybetqgpbjphfxefs/Build/Products/Debug-iphonesimulator/PackageFrameworks -F /Users/aaronkeen/Library/Developer/Xcode/DerivedData/NutraSafeBeta-awyabywlaekrybetqgpbjphfxefs/Build/Products/Debug-iphonesimulator/PackageFrameworks -F /Users/aaronkeen/Library/Developer/Xcode/DerivedData/NutraSafeBeta-awyabywlaekrybetqgpbjphfxefs/Build/Products/Debug-iphonesimulator/PackageFrameworks -F /Users/aaronkeen/Library/Developer/Xcode/DerivedData/NutraSafeBeta-awyabywlaekrybetqgpbjphfxefs/Build/Products/Debug-iphonesimulator/PackageFrameworks -F /Users/aaronkeen/Library/Developer/Xcode/DerivedData/NutraSafeBeta-awyabywlaekrybetqgpbjphfxefs/Build/Products/Debug-iphonesimulator/PackageFrameworks -F /Users/aaronkeen/Library/Developer/Xcode/DerivedData/NutraSafeBeta-awyabywlaekrybetqgpbjphfxefs/Build/Products/Debug-iphonesimulator/PackageFrameworks -F /Users/aaronkeen/Library/Developer/Xcode/DerivedData/NutraSafeBeta-awyabywlaekrybetqgpbjphfxefs/Build/Products/Debug-iphonesimulator/PackageFrameworks -F /Users/aaronkeen/Library/Developer/Xcode/DerivedData/NutraSafeBeta-awyabywlaekrybetqgpbjphfxefs/Build/Products/Debug-iphonesimulator/PackageFrameworks -F /Users/aaronkeen/Library/Developer/Xcode/DerivedData/NutraSafeBeta-awyabywlaekrybetqgpbjphfxefs/Build/Products/Debug-iphonesimulator/PackageFrameworks -F /Users/aaronkeen/Library/Developer/Xcode/DerivedData/NutraSafeBeta-awyabywlaekrybetqgpbjphfxefs/Build/Products/Debug-iphonesimulator/PackageFrameworks -F /Users/aaronkeen/Library/Developer/Xcode/DerivedData/NutraSafeBeta-awyabywlaekrybetqgpbjphfxefs/Build/Products/Debug-iphonesimulator/PackageFrameworks -F /Users/aaronkeen/Library/Developer/Xcode/DerivedData/NutraSafeBeta-awyabywlaekrybetqgpbjphfxefs/Build/Products/Debug-iphonesimulator/PackageFrameworks -F /Users/aaronkeen/Library/Developer/Xcode/DerivedData/NutraSafeBeta-awyabywlaekrybetqgpbjphfxefs/Build/Products/Debug-iphonesimulator/PackageFrameworks -F /Users/aaronkeen/Library/Developer/Xcode/DerivedData/NutraSafeBeta-awyabywlaekrybetqgpbjphfxefs/Build/Products/Debug-iphonesimulator/PackageFrameworks -F /Users/aaronkeen/Library/Developer/Xcode/DerivedData/NutraSafeBeta-awyabywlaekrybetqgpbjphfxefs/Build/Products/Debug-iphonesimulator/PackageFrameworks -F /Users/aaronkeen/Library/Developer/Xcode/DerivedData/NutraSafeBeta-awyabywlaekrybetqgpbjphfxefs/Build/Products/Debug-iphonesimulator/PackageFrameworks -F /Users/aaronkeen/Library/Developer/Xcode/DerivedData/NutraSafeBeta-awyabywlaekrybetqgpbjphfxefs/Build/Products/Debug-iphonesimulator/PackageFrameworks -F /Users/aaronkeen/Library/Developer/Xcode/DerivedData/NutraSafeBeta-awyabywlaekrybetqgpbjphfxefs/Build/Products/Debug-iphonesimulator/PackageFrameworks -F /Users/aaronkeen/Library/Developer/Xcode/DerivedData/NutraSafeBeta-awyabywlaekrybetqgpbjphfxefs/Build/Products/Debug-iphonesimulator/PackageFrameworks -F /Users/aaronkeen/Library/Developer/Xcode/DerivedData/NutraSafeBeta-awyabywlaekrybetqgpbjphfxefs/Build/Products/Debug-iphonesimulator/PackageFrameworks -F /Users/aaronkeen/Library/Developer/Xcode/DerivedData/NutraSafeBeta-awyabywlaekrybetqgpbjphfxefs/Build/Products/Debug-iphonesimulator/PackageFrameworks -F /Users/aaronkeen/Library/Developer/Xcode/DerivedData/NutraSafeBeta-awyabywlaekrybetqgpbjphfxefs/Build/Products/Debug-iphonesimulator/PackageFrameworks -F /Users/aaronkeen/Library/Developer/Xcode/DerivedData/NutraSafeBeta-awyabywlaekrybetqgpbjphfxefs/Build/Products/Debug-iphonesimulator -no-color-diagnostics -Xcc -fno-color-diagnostics -enable-testing -g -debug-info-format\=dwarf -dwarf-version\=4 -module-cache-path /Users/aaronkeen/Library/Developer/Xcode/DerivedData/NutraSafeBeta-awyabywlaekrybetqgpbjphfxefs/Build/Intermediates.noindex/SwiftExplicitPrecompiledModules -swift-version 5 -enforce-exclusivity\=checked -Onone -D DEBUG -serialize-debugging-options -const-gather-protocols-file /Users/aaronkeen/Library/Developer/Xcode/DerivedData/NutraSafeBeta-awyabywlaekrybetqgpbjphfxefs/Build/Intermediates.noindex/NutraSafeBeta.build/Debug-iphonesimulator/NutraSafe\ Beta.build/Objects-normal/arm64/NutraSafe\ Beta_const_extract_protocols.json -enable-experimental-feature DebugDescriptionMacro -enable-bare-slash-regex -empty-abi-descriptor -validate-clang-modules-once -clang-build-session-file /Users/aaronkeen/Library/Developer/Xcode/DerivedData/ModuleCache.noindex/Session.modulevalidation -Xcc -working-directory -Xcc /Users/aaronkeen/Documents/My\ Apps/NutraSafe\ Beta -enable-anonymous-context-mangled-names -file-compilation-dir /Users/aaronkeen/Documents/My\ Apps/NutraSafe\ Beta -Xcc -fmodule-map-file\=/Users/aaronkeen/Library/Developer/Xcode/DerivedData/NutraSafeBeta-awyabywlaekrybetqgpbjphfxefs/Build/Intermediates.noindex/GeneratedModuleMaps-iphonesimulator/RecaptchaInterop.modulemap -Xcc -fmodule-map-file\=/Users/aaronkeen/Library/Developer/Xcode/DerivedData/NutraSafeBeta-awyabywlaekrybetqgpbjphfxefs/Build/Intermediates.noindex/GeneratedModuleMaps-iphonesimulator/GoogleUtilities-Network.modulemap -Xcc -fmodule-map-file\=/Users/aaronkeen/Library/Developer/Xcode/DerivedData/NutraSafeBeta-awyabywlaekrybetqgpbjphfxefs/Build/Intermediates.noindex/GeneratedModuleMaps-iphonesimulator/GoogleUtilities-Reachability.modulemap -Xcc -fmodule-map-file\=/Users/aaronkeen/Library/Developer/Xcode/DerivedData/NutraSafeBeta-awyabywlaekrybetqgpbjphfxefs/Build/Intermediates.noindex/GeneratedModuleMaps-iphonesimulator/GoogleUtilities-AppDelegateSwizzler.modulemap -Xcc -fmodule-map-file\=/Users/aaronkeen/Library/Developer/Xcode/DerivedData/NutraSafeBeta-awyabywlaekrybetqgpbjphfxefs/Build/Intermediates.noindex/GeneratedModuleMaps-iphonesimulator/GTMSessionFetcherCore.modulemap -Xcc -fmodule-map-file\=/Users/aaronkeen/Library/Developer/Xcode/DerivedData/NutraSafeBeta-awyabywlaekrybetqgpbjphfxefs/Build/Intermediates.noindex/GeneratedModuleMaps-iphonesimulator/FirebaseAuthInternal.modulemap -Xcc -fmodule-map-file\=/Users/aaronkeen/Library/Developer/Xcode/DerivedData/NutraSafeBeta-awyabywlaekrybetqgpbjphfxefs/Build/Intermediates.noindex/GeneratedModuleMaps-iphonesimulator/FirebaseAuthInterop.modulemap -Xcc -fmodule-map-file\=/Users/aaronkeen/Library/Developer/Xcode/DerivedData/NutraSafeBeta-awyabywlaekrybetqgpbjphfxefs/Build/Intermediates.noindex/GeneratedModuleMaps-iphonesimulator/GoogleUtilities-NSData.modulemap -Xcc -fmodule-map-file\=/Users/aaronkeen/Library/Developer/Xcode/DerivedData/NutraSafeBeta-awyabywlaekrybetqgpbjphfxefs/Build/Intermediates.noindex/GeneratedModuleMaps-iphonesimulator/GoogleUtilities-Environment.modulemap -Xcc -fmodule-map-file\=/Users/aaronkeen/Library/Developer/Xcode/DerivedData/NutraSafeBeta-awyabywlaekrybetqgpbjphfxefs/Build/Intermediates.noindex/GeneratedModuleMaps-iphonesimulator/third-party-IsAppEncrypted.modulemap -Xcc -fmodule-map-file\=/Users/aaronkeen/Library/Developer/Xcode/DerivedData/NutraSafeBeta-awyabywlaekrybetqgpbjphfxefs/Build/Intermediates.noindex/GeneratedModuleMaps-iphonesimulator/GoogleUtilities-Logger.modulemap -Xcc -fmodule-map-file\=/Users/aaronkeen/Library/Developer/Xcode/DerivedData/NutraSafeBeta-awyabywlaekrybetqgpbjphfxefs/Build/Intermediates.noindex/GeneratedModuleMaps-iphonesimulator/abslWrapper.modulemap -Xcc -fmodule-map-file\=/Users/aaronkeen/Library/Developer/Xcode/DerivedData/NutraSafeBeta-awyabywlaekrybetqgpbjphfxefs/Build/Intermediates.noindex/GeneratedModuleMaps-iphonesimulator/opensslWrapper.modulemap -Xcc -fmodule-map-file\=/Users/aaronkeen/Library/Developer/Xcode/DerivedData/NutraSafeBeta-awyabywlaekrybetqgpbjphfxefs/Build/Intermediates.noindex/GeneratedModuleMaps-iphonesimulator/grpcWrapper.modulemap -Xcc -fmodule-map-file\=/Users/aaronkeen/Library/Developer/Xcode/DerivedData/NutraSafeBeta-awyabywlaekrybetqgpbjphfxefs/Build/Intermediates.noindex/GeneratedModuleMaps-iphonesimulator/grpcppWrapper.modulemap -Xcc -fmodule-map-file\=/Users/aaronkeen/Library/Developer/Xcode/DerivedData/NutraSafeBeta-awyabywlaekrybetqgpbjphfxefs/Build/Intermediates.noindex/GeneratedModuleMaps-iphonesimulator/nanopb.modulemap -Xcc -fmodule-map-file\=/Users/aaronkeen/Library/Developer/Xcode/DerivedData/NutraSafeBeta-awyabywlaekrybetqgpbjphfxefs/Build/Intermediates.noindex/GeneratedModuleMaps-iphonesimulator/leveldb.modulemap -Xcc -fmodule-map-file\=/Users/aaronkeen/Library/Developer/Xcode/DerivedData/NutraSafeBeta-awyabywlaekrybetqgpbjphfxefs/Build/Intermediates.noindex/GeneratedModuleMaps-iphonesimulator/FirebaseCoreExtension.modulemap -Xcc -fmodule-map-file\=/Users/aaronkeen/Library/Developer/Xcode/DerivedData/NutraSafeBeta-awyabywlaekrybetqgpbjphfxefs/Build/Intermediates.noindex/GeneratedModuleMaps-iphonesimulator/FirebaseCore.modulemap -Xcc -fmodule-map-file\=/Users/aaronkeen/Library/Developer/Xcode/DerivedData/NutraSafeBeta-awyabywlaekrybetqgpbjphfxefs/Build/Intermediates.noindex/GeneratedModuleMaps-iphonesimulator/FirebaseAppCheckInterop.modulemap -Xcc -fmodule-map-file\=/Users/aaronkeen/Library/Developer/Xcode/DerivedData/NutraSafeBeta-awyabywlaekrybetqgpbjphfxefs/Build/Intermediates.noindex/GeneratedModuleMaps-iphonesimulator/FirebaseFirestoreInternalWrapper.modulemap -Xcc -fmodule-map-file\=/Users/aaronkeen/Library/Developer/Xcode/DerivedData/NutraSafeBeta-awyabywlaekrybetqgpbjphfxefs/Build/Intermediates.noindex/GeneratedModuleMaps-iphonesimulator/FirebaseFirestoreTarget.modulemap -Xcc -D_LIBCPP_HARDENING_MODE\=_LIBCPP_HARDENING_MODE_DEBUG -Xcc -ivfsstatcache -Xcc /Users/aaronkeen/Library/Developer/Xcode/DerivedData/SDKStatCaches.noindex/iphonesimulator26.0-23A339-e1d58a2e5ce2e5cb297b5df35864d556.sdkstatcache -Xcc -I/Users/aaronkeen/Library/Developer/Xcode/DerivedData/NutraSafeBeta-awyabywlaekrybetqgpbjphfxefs/Build/Intermediates.noindex/NutraSafeBeta.build/Debug-iphonesimulator/NutraSafe\ Beta.build/swift-overrides.hmap -Xcc -iquote -Xcc /Users/aaronkeen/Library/Developer/Xcode/DerivedData/NutraSafeBeta-awyabywlaekrybetqgpbjphfxefs/Build/Intermediates.noindex/NutraSafeBeta.build/Debug-iphonesimulator/NutraSafe\ Beta.build/NutraSafe\ Beta-generated-files.hmap -Xcc -I/Users/aaronkeen/Library/Developer/Xcode/DerivedData/NutraSafeBeta-awyabywlaekrybetqgpbjphfxefs/Build/Intermediates.noindex/NutraSafeBeta.build/Debug-iphonesimulator/NutraSafe\ Beta.build/NutraSafe\ Beta-own-target-headers.hmap -Xcc -I/Users/aaronkeen/Library/Developer/Xcode/DerivedData/NutraSafeBeta-awyabywlaekrybetqgpbjphfxefs/Build/Intermediates.noindex/NutraSafeBeta.build/Debug-iphonesimulator/NutraSafe\ Beta.build/NutraSafe\ Beta-all-non-framework-target-headers.hmap -Xcc -ivfsoverlay -Xcc /Users/aaronkeen/Library/Developer/Xcode/DerivedData/NutraSafeBeta-awyabywlaekrybetqgpbjphfxefs/Build/Intermediates.noindex/NutraSafeBeta.build/Debug-iphonesimulator/NutraSafeBeta-82b646dc74fb12cbae28522240c6b11e-VFS-iphonesimulator/all-product-headers.yaml -Xcc -iquote -Xcc /Users/aaronkeen/Library/Developer/Xcode/DerivedData/NutraSafeBeta-awyabywlaekrybetqgpbjphfxefs/Build/Intermediates.noindex/NutraSafeBeta.build/Debug-iphonesimulator/NutraSafe\ Beta.build/NutraSafe\ Beta-project-headers.hmap -Xcc -I/Users/aaronkeen/Library/Developer/Xcode/DerivedData/NutraSafeBeta-awyabywlaekrybetqgpbjphfxefs/SourcePackages/checkouts/interop-ios-for-google-sdks/RecaptchaEnterprise/RecaptchaInterop/Public -Xcc -I/Users/aaronkeen/Library/Developer/Xcode/DerivedData/NutraSafeBeta-awyabywlaekrybetqgpbjphfxefs/SourcePackages/checkouts/GoogleUtilities/GoogleUtilities/Network/Public -Xcc -I/Users/aaronkeen/Library/Developer/Xcode/DerivedData/NutraSafeBeta-awyabywlaekrybetqgpbjphfxefs/SourcePackages/checkouts/GoogleUtilities/GoogleUtilities/Reachability/Public -Xcc -I/Users/aaronkeen/Library/Developer/Xcode/DerivedData/NutraSafeBeta-awyabywlaekrybetqgpbjphfxefs/SourcePackages/checkouts/GoogleUtilities/GoogleUtilities/AppDelegateSwizzler/Public -Xcc -I/Users/aaronkeen/Library/Developer/Xcode/DerivedData/NutraSafeBeta-awyabywlaekrybetqgpbjphfxefs/SourcePackages/checkouts/gtm-session-fetcher/Sources/Core/Public -Xcc -I/Users/aaronkeen/Library/Developer/Xcode/DerivedData/NutraSafeBeta-awyabywlaekrybetqgpbjphfxefs/SourcePackages/checkouts/firebase-ios-sdk/FirebaseAuth/Sources/Public -Xcc -I/Users/aaronkeen/Library/Developer/Xcode/DerivedData/NutraSafeBeta-awyabywlaekrybetqgpbjphfxefs/SourcePackages/checkouts/firebase-ios-sdk/FirebaseAuth/Interop/Public -Xcc -I/Users/aaronkeen/Library/Developer/Xcode/DerivedData/NutraSafeBeta-awyabywlaekrybetqgpbjphfxefs/SourcePackages/checkouts/GoogleUtilities/GoogleUtilities/NSData+zlib/Public -Xcc -I/Users/aaronkeen/Library/Developer/Xcode/DerivedData/NutraSafeBeta-awyabywlaekrybetqgpbjphfxefs/SourcePackages/checkouts/GoogleUtilities/GoogleUtilities/Environment/Public -Xcc -I/Users/aaronkeen/Library/Developer/Xcode/DerivedData/NutraSafeBeta-awyabywlaekrybetqgpbjphfxefs/SourcePackages/checkouts/GoogleUtilities/third_party/IsAppEncrypted/Public -Xcc -I/Users/aaronkeen/Library/Developer/Xcode/DerivedData/NutraSafeBeta-awyabywlaekrybetqgpbjphfxefs/SourcePackages/checkouts/GoogleUtilities/GoogleUtilities/Logger/Public -Xcc -I/Users/aaronkeen/Library/Developer/Xcode/DerivedData/NutraSafeBeta-awyabywlaekrybetqgpbjphfxefs/SourcePackages/checkouts/abseil-cpp-binary/absl-Wrapper/include -Xcc -I/Users/aaronkeen/Library/Developer/Xcode/DerivedData/NutraSafeBeta-awyabywlaekrybetqgpbjphfxefs/SourcePackages/checkouts/grpc-binary/openssl-grpc-Wrapper/include -Xcc -I/Users/aaronkeen/Library/Developer/Xcode/DerivedData/NutraSafeBeta-awyabywlaekrybetqgpbjphfxefs/SourcePackages/checkouts/grpc-binary/grpc-Wrapper/include -Xcc -I/Users/aaronkeen/Library/Developer/Xcode/DerivedData/NutraSafeBeta-awyabywlaekrybetqgpbjphfxefs/SourcePackages/checkouts/grpc-binary/grpcpp-Wrapper/include -Xcc -I/Users/aaronkeen/Library/Developer/Xcode/DerivedData/NutraSafeBeta-awyabywlaekrybetqgpbjphfxefs/SourcePackages/checkouts/nanopb/spm_headers -Xcc -I/Users/aaronkeen/Library/Developer/Xcode/DerivedData/NutraSafeBeta-awyabywlaekrybetqgpbjphfxefs/SourcePackages/checkouts/leveldb/include -Xcc -I/Users/aaronkeen/Library/Developer/Xcode/DerivedData/NutraSafeBeta-awyabywlaekrybetqgpbjphfxefs/SourcePackages/checkouts/firebase-ios-sdk/FirebaseCore/Extension -Xcc -I/Users/aaronkeen/Library/Developer/Xcode/DerivedData/NutraSafeBeta-awyabywlaekrybetqgpbjphfxefs/SourcePackages/checkouts/firebase-ios-sdk/FirebaseCore/Sources/Public -Xcc -I/Users/aaronkeen/Library/Developer/Xcode/DerivedData/NutraSafeBeta-awyabywlaekrybetqgpbjphfxefs/SourcePackages/checkouts/firebase-ios-sdk/CoreOnly/Sources -Xcc -I/Users/aaronkeen/Library/Developer/Xcode/DerivedData/NutraSafeBeta-awyabywlaekrybetqgpbjphfxefs/SourcePackages/checkouts/firebase-ios-sdk/FirebaseAppCheck/Interop/Public -Xcc -I/Users/aaronkeen/Library/Developer/Xcode/DerivedData/NutraSafeBeta-awyabywlaekrybetqgpbjphfxefs/SourcePackages/checkouts/firebase-ios-sdk/FirebaseFirestoreInternal -Xcc -I/Users/aaronkeen/Library/Developer/Xcode/DerivedData/NutraSafeBeta-awyabywlaekrybetqgpbjphfxefs/SourcePackages/checkouts/firebase-ios-sdk/SwiftPM-PlatformExclude/FirebaseFirestoreWrap/include -Xcc -I/Users/aaronkeen/Library/Developer/Xcode/DerivedData/NutraSafeBeta-awyabywlaekrybetqgpbjphfxefs/Build/Products/Debug-iphonesimulator/include -Xcc -I/Users/aaronkeen/Library/Developer/Xcode/DerivedData/NutraSafeBeta-awyabywlaekrybetqgpbjphfxefs/Build/Intermediates.noindex/NutraSafeBeta.build/Debug-iphonesimulator/NutraSafe\ Beta.build/DerivedSources-normal/arm64 -Xcc -I/Users/aaronkeen/Library/Developer/Xcode/DerivedData/NutraSafeBeta-awyabywlaekrybetqgpbjphfxefs/Build/Intermediates.noindex/NutraSafeBeta.build/Debug-iphonesimulator/NutraSafe\ Beta.build/DerivedSources/arm64 -Xcc -I/Users/aaronkeen/Library/Developer/Xcode/DerivedData/NutraSafeBeta-awyabywlaekrybetqgpbjphfxefs/Build/Intermediates.noindex/NutraSafeBeta.build/Debug-iphonesimulator/NutraSafe\ Beta.build/DerivedSources -Xcc -DDEBUG\=1 -no-auto-bridging-header-chaining -module-name NutraSafe_Beta -frontend-parseable-output -disable-clang-spi -target-sdk-version 26.0 -target-sdk-name iphonesimulator26.0 -clang-target arm64-apple-ios26.0-simulator -in-process-plugin-server-path /Users/aaronkeen/Downloads/Xcode.app/Contents/Developer/Toolchains/XcodeDefault.xctoolchain/usr/lib/swift/host/libSwiftInProcPluginServer.dylib -o /Users/aaronkeen/Library/Developer/Xcode/DerivedData/NutraSafeBeta-awyabywlaekrybetqgpbjphfxefs/Build/Intermediates.noindex/NutraSafeBeta.build/Debug-iphonesimulator/NutraSafe\ Beta.build/Objects-normal/arm64/AppConfig.o -o /Users/aaronkeen/Library/Developer/Xcode/DerivedData/NutraSafeBeta-awyabywlaekrybetqgpbjphfxefs/Build/Intermediates.noindex/NutraSafeBeta.build/Debug-iphonesimulator/NutraSafe\ Beta.build/Objects-normal/arm64/DiaryTabView.o -o /Users/aaronkeen/Library/Developer/Xcode/DerivedData/NutraSafeBeta-awyabywlaekrybetqgpbjphfxefs/Build/Intermediates.noindex/NutraSafeBeta.build/Debug-iphonesimulator/NutraSafe\ Beta.build/Objects-normal/arm64/ExerciseTabView.o -index-unit-output-path /NutraSafeBeta.build/Debug-iphonesimulator/NutraSafe\ Beta.build/Objects-normal/arm64/AppConfig.o -index-unit-output-path /NutraSafeBeta.build/Debug-iphonesimulator/NutraSafe\ Beta.build/Objects-normal/arm64/DiaryTabView.o -index-unit-output-path /NutraSafeBeta.build/Debug-iphonesimulator/NutraSafe\ Beta.build/Objects-normal/arm64/ExerciseTabView.o -index-store-path /Users/aaronkeen/Library/Developer/Xcode/DerivedData/NutraSafeBeta-awyabywlaekrybetqgpbjphfxefs/Index.noindex/DataStore -index-system-modules

SwiftCompile normal arm64 /Users/aaronkeen/Documents/My\ Apps/NutraSafe\ Beta/NutraSafe\ Beta/Configuration/AppConfig.swift (in target 'NutraSafe Beta' from project 'NutraSafeBeta')
    cd /Users/aaronkeen/Documents/My\ Apps/NutraSafe\ Beta
    

SwiftCompile normal arm64 /Users/aaronkeen/Documents/My\ Apps/NutraSafe\ Beta/NutraSafe\ Beta/Views/DiaryTabView.swift (in target 'NutraSafe Beta' from project 'NutraSafeBeta')
    cd /Users/aaronkeen/Documents/My\ Apps/NutraSafe\ Beta
    
/Users/aaronkeen/Documents/My Apps/NutraSafe Beta/NutraSafe Beta/Views/DiaryTabView.swift:388:53: error: cannot call value of non-function type 'DiaryFoodItem?'
            let breakfastFood = self.breakfastFoods.first { $0.id.uuidString == selectedId }
                                                    ^
/Users/aaronkeen/Documents/My Apps/NutraSafe Beta/NutraSafe Beta/Views/DiaryTabView.swift:389:45: error: cannot call value of non-function type 'DiaryFoodItem?'
            let lunchFood = self.lunchFoods.first { $0.id.uuidString == selectedId }
                                            ^
/Users/aaronkeen/Documents/My Apps/NutraSafe Beta/NutraSafe Beta/Views/DiaryTabView.swift:390:47: error: cannot call value of non-function type 'DiaryFoodItem?'
            let dinnerFood = self.dinnerFoods.first { $0.id.uuidString == selectedId }
                                              ^
/Users/aaronkeen/Documents/My Apps/NutraSafe Beta/NutraSafe Beta/Views/DiaryTabView.swift:391:45: error: cannot call value of non-function type 'DiaryFoodItem?'
            let snackFood = self.snackFoods.first { $0.id.uuidString == selectedId }
                                            ^

SwiftCompile normal arm64 /Users/aaronkeen/Documents/My\ Apps/NutraSafe\ Beta/NutraSafe\ Beta/Views/ExerciseTabView.swift (in target 'NutraSafe Beta' from project 'NutraSafeBeta')
    cd /Users/aaronkeen/Documents/My\ Apps/NutraSafe\ Beta
    

SwiftEmitModule normal arm64 Emitting\ module\ for\ NutraSafe_Beta (in target 'NutraSafe Beta' from project 'NutraSafeBeta')

EmitSwiftModule normal arm64 (in target 'NutraSafe Beta' from project 'NutraSafeBeta')
    cd /Users/aaronkeen/Documents/My\ Apps/NutraSafe\ Beta
    

SwiftCompile normal arm64 Compiling\ ActionButtons.swift,\ MacroViews.swift,\ CustomTabBar.swift /Users/aaronkeen/Documents/My\ Apps/NutraSafe\ Beta/NutraSafe\ Beta/Views/Components/ActionButtons.swift /Users/aaronkeen/Documents/My\ Apps/NutraSafe\ Beta/NutraSafe\ Beta/Views/Components/MacroViews.swift /Users/aaronkeen/Documents/My\ Apps/NutraSafe\ Beta/NutraSafe\ Beta/Views/Components/CustomTabBar.swift (in target 'NutraSafe Beta' from project 'NutraSafeBeta')

SwiftCompile normal arm64 /Users/aaronkeen/Documents/My\ Apps/NutraSafe\ Beta/NutraSafe\ Beta/Views/Components/ActionButtons.swift (in target 'NutraSafe Beta' from project 'NutraSafeBeta')
    cd /Users/aaronkeen/Documents/My\ Apps/NutraSafe\ Beta
    

SwiftCompile normal arm64 /Users/aaronkeen/Documents/My\ Apps/NutraSafe\ Beta/NutraSafe\ Beta/Views/Components/MacroViews.swift (in target 'NutraSafe Beta' from project 'NutraSafeBeta')
    cd /Users/aaronkeen/Documents/My\ Apps/NutraSafe\ Beta
    

SwiftCompile normal arm64 /Users/aaronkeen/Documents/My\ Apps/NutraSafe\ Beta/NutraSafe\ Beta/Views/Components/CustomTabBar.swift (in target 'NutraSafe Beta' from project 'NutraSafeBeta')
    cd /Users/aaronkeen/Documents/My\ Apps/NutraSafe\ Beta
    

SwiftCompile normal arm64 Compiling\ ProfessionalSummaryViews.swift,\ KitchenTabViews.swift,\ WorkoutNavigationOverlays.swift /Users/aaronkeen/Documents/My\ Apps/NutraSafe\ Beta/NutraSafe\ Beta/Views/Diary/ProfessionalSummaryViews.swift /Users/aaronkeen/Documents/My\ Apps/NutraSafe\ Beta/NutraSafe\ Beta/Views/Kitchen/KitchenTabViews.swift /Users/aaronkeen/Documents/My\ Apps/NutraSafe\ Beta/NutraSafe\ Beta/Views/Exercise/WorkoutNavigationOverlays.swift (in target 'NutraSafe Beta' from project 'NutraSafeBeta')

SwiftCompile normal arm64 /Users/aaronkeen/Documents/My\ Apps/NutraSafe\ Beta/NutraSafe\ Beta/Views/Diary/ProfessionalSummaryViews.swift (in target 'NutraSafe Beta' from project 'NutraSafeBeta')
    cd /Users/aaronkeen/Documents/My\ Apps/NutraSafe\ Beta
    

SwiftCompile normal arm64 /Users/aaronkeen/Documents/My\ Apps/NutraSafe\ Beta/NutraSafe\ Beta/Views/Kitchen/KitchenTabViews.swift (in target 'NutraSafe Beta' from project 'NutraSafeBeta')
    cd /Users/aaronkeen/Documents/My\ Apps/NutraSafe\ Beta
    

SwiftCompile normal arm64 /Users/aaronkeen/Documents/My\ Apps/NutraSafe\ Beta/NutraSafe\ Beta/Views/Exercise/WorkoutNavigationOverlays.swift (in target 'NutraSafe Beta' from project 'NutraSafeBeta')
    cd /Users/aaronkeen/Documents/My\ Apps/NutraSafe\ Beta
    

SwiftCompile normal arm64 Compiling\ DiaryComponents.swift,\ DiaryExerciseComponents.swift,\ NutritionScoreViews.swift /Users/aaronkeen/Documents/My\ Apps/NutraSafe\ Beta/NutraSafe\ Beta/Views/Diary/DiaryComponents.swift /Users/aaronkeen/Documents/My\ Apps/NutraSafe\ Beta/NutraSafe\ Beta/Views/Diary/DiaryExerciseComponents.swift /Users/aaronkeen/Documents/My\ Apps/NutraSafe\ Beta/NutraSafe\ Beta/Views/Components/NutritionScoreViews.swift (in target 'NutraSafe Beta' from project 'NutraSafeBeta')

SwiftCompile normal arm64 /Users/aaronkeen/Documents/My\ Apps/NutraSafe\ Beta/NutraSafe\ Beta/Views/Diary/DiaryComponents.swift (in target 'NutraSafe Beta' from project 'NutraSafeBeta')
    cd /Users/aaronkeen/Documents/My\ Apps/NutraSafe\ Beta
    

SwiftCompile normal arm64 /Users/aaronkeen/Documents/My\ Apps/NutraSafe\ Beta/NutraSafe\ Beta/Views/Diary/DiaryExerciseComponents.swift (in target 'NutraSafe Beta' from project 'NutraSafeBeta')
    cd /Users/aaronkeen/Documents/My\ Apps/NutraSafe\ Beta
    

SwiftCompile normal arm64 /Users/aaronkeen/Documents/My\ Apps/NutraSafe\ Beta/NutraSafe\ Beta/Views/Components/NutritionScoreViews.swift (in target 'NutraSafe Beta' from project 'NutraSafeBeta')
    cd /Users/aaronkeen/Documents/My\ Apps/NutraSafe\ Beta
    

