Command line invocation:
    /Applications/Xcode.app/Contents/Developer/usr/bin/xcodebuild -project NutraSafeBeta.xcodeproj -scheme "NutraSafe Beta" -destination "platform=iOS Simulator,name=iPhone 15" clean build

Resolve Package Graph


Resolved source packages:
  InteropForGoogle: https://github.com/google/interop-ios-for-google-sdks.git @ 101.0.0
  AppCheck: https://github.com/google/app-check.git @ 11.2.0
  SwiftProtobuf: https://github.com/apple/swift-protobuf.git @ 1.31.0
  GoogleAdsOnDeviceConversion: https://github.com/googleads/google-ads-on-device-conversion-ios-sdk @ 2.3.0
  leveldb: https://github.com/firebase/leveldb.git @ 1.22.5
  abseil: https://github.com/google/abseil-cpp-binary.git @ 1.2024072200.0
  gRPC: https://github.com/google/grpc-binary.git @ 1.69.1
  GTMSessionFetcher: https://github.com/google/gtm-session-fetcher.git @ 5.0.0
  GoogleDataTransport: https://github.com/google/GoogleDataTransport.git @ 10.1.0
  Promises: https://github.com/google/promises.git @ 2.4.0
  Firebase: https://github.com/firebase/firebase-ios-sdk @ 12.2.0
  nanopb: https://github.com/firebase/nanopb.git @ 2.30910.0
  GoogleUtilities: https://github.com/google/GoogleUtilities.git @ 8.1.0
  GoogleAppMeasurement: https://github.com/google/GoogleAppMeasurement.git @ 12.2.0

2025-09-26 15:08:08.363 xcodebuild[95301:28697050] Writing error result bundle to /var/folders/wq/2n5mcsxd3_7bh0trw1tyvtym0000gn/T/ResultBundle_2025-26-09_15-08-0008.xcresult
xcodebuild: error: Unable to find a device matching the provided destination specifier:
		{ platform:iOS Simulator, OS:latest, name:iPhone 15 }

	The requested device could not be found because no available devices matched the request.

	Available destinations for the "NutraSafe Beta" scheme:
		{ platform:macOS, arch:arm64, variant:Designed for [iPad,iPhone], id:00006040-001848D43A28801C, name:My Mac }
		{ platform:iOS, id:dvtdevice-DVTiPhonePlaceholder-iphoneos:placeholder, name:Any iOS Device }
		{ platform:iOS Simulator, id:dvtdevice-DVTiOSDeviceSimulatorPlaceholder-iphonesimulator:placeholder, name:Any iOS Simulator Device }
		{ platform:iOS Simulator, arch:arm64, id:8499D5F3-C608-46EB-957F-467A1D81370E, OS:18.6, name:iPad (A16) }
		{ platform:iOS Simulator, arch:x86_64, id:8499D5F3-C608-46EB-957F-467A1D81370E, OS:18.6, name:iPad (A16) }
		{ platform:iOS Simulator, arch:arm64, id:DE45992E-E335-4420-8764-195BB2A2C7DC, OS:18.6, name:iPad Air 11-inch (M3) }
		{ platform:iOS Simulator, arch:x86_64, id:DE45992E-E335-4420-8764-195BB2A2C7DC, OS:18.6, name:iPad Air 11-inch (M3) }
		{ platform:iOS Simulator, arch:arm64, id:F4363309-07F1-4705-B1B3-8F06A3C423D5, OS:18.6, name:iPad Air 13-inch (M3) }
		{ platform:iOS Simulator, arch:x86_64, id:F4363309-07F1-4705-B1B3-8F06A3C423D5, OS:18.6, name:iPad Air 13-inch (M3) }
		{ platform:iOS Simulator, arch:arm64, id:4B36C452-B1BA-462F-8215-F6FFDB1CD81A, OS:18.6, name:iPad Pro 11-inch (M4) }
		{ platform:iOS Simulator, arch:x86_64, id:4B36C452-B1BA-462F-8215-F6FFDB1CD81A, OS:18.6, name:iPad Pro 11-inch (M4) }
		{ platform:iOS Simulator, arch:arm64, id:2902831A-6161-425A-85E8-EC788AA89E66, OS:18.6, name:iPad Pro 13-inch (M4) }
		{ platform:iOS Simulator, arch:x86_64, id:2902831A-6161-425A-85E8-EC788AA89E66, OS:18.6, name:iPad Pro 13-inch (M4) }
		{ platform:iOS Simulator, arch:arm64, id:970D2395-855D-44B7-953E-63B403DE6D82, OS:18.6, name:iPad mini (A17 Pro) }
		{ platform:iOS Simulator, arch:x86_64, id:970D2395-855D-44B7-953E-63B403DE6D82, OS:18.6, name:iPad mini (A17 Pro) }
		{ platform:iOS Simulator, arch:arm64, id:14F9D665-6F61-4C66-80AA-ED15029CE2F9, OS:18.6, name:iPhone 16 }
		{ platform:iOS Simulator, arch:x86_64, id:14F9D665-6F61-4C66-80AA-ED15029CE2F9, OS:18.6, name:iPhone 16 }
		{ platform:iOS Simulator, arch:arm64, id:B5E7317A-7292-41E6-8A8D-B6A1B801277A, OS:18.6, name:iPhone 16 Plus }
		{ platform:iOS Simulator, arch:x86_64, id:B5E7317A-7292-41E6-8A8D-B6A1B801277A, OS:18.6, name:iPhone 16 Plus }
		{ platform:iOS Simulator, arch:arm64, id:DC08361A-F1E5-4121-856F-E8BD8894C7E6, OS:18.6, name:iPhone 16 Pro }
		{ platform:iOS Simulator, arch:x86_64, id:DC08361A-F1E5-4121-856F-E8BD8894C7E6, OS:18.6, name:iPhone 16 Pro }
		{ platform:iOS Simulator, arch:arm64, id:E9933EDB-6903-43D1-89B9-1891C4190A30, OS:18.6, name:iPhone 16 Pro Max }
		{ platform:iOS Simulator, arch:x86_64, id:E9933EDB-6903-43D1-89B9-1891C4190A30, OS:18.6, name:iPhone 16 Pro Max }
		{ platform:iOS Simulator, arch:arm64, id:2EF496B3-4D48-4BD8-8D81-85EA2138EC79, OS:18.6, name:iPhone 16e }
		{ platform:iOS Simulator, arch:x86_64, id:2EF496B3-4D48-4BD8-8D81-85EA2138EC79, OS:18.6, name:iPhone 16e }
