Command line invocation:
    /Users/aaronkeen/Downloads/Xcode.app/Contents/Developer/usr/bin/xcodebuild -scheme "NutraSafe Beta" -sdk iphonesimulator -configuration Debug -derivedDataPath buildOut build

Build settings from command line:
    SDKROOT = iphonesimulator26.0

Resolve Package Graph


Resolved source packages:
  leveldb: https://github.com/firebase/leveldb.git @ 1.22.5
  Promises: https://github.com/google/promises.git @ 2.4.0
  Firebase: https://github.com/firebase/firebase-ios-sdk @ 12.2.0
  GoogleAppMeasurement: https://github.com/google/GoogleAppMeasurement.git @ 12.2.0
  GoogleAdsOnDeviceConversion: https://github.com/googleads/google-ads-on-device-conversion-ios-sdk @ 2.3.0
  gRPC: https://github.com/google/grpc-binary.git @ 1.69.1
  GoogleUtilities: https://github.com/google/GoogleUtilities.git @ 8.1.0
  SwiftProtobuf: https://github.com/apple/swift-protobuf.git @ 1.31.0
  GTMSessionFetcher: https://github.com/google/gtm-session-fetcher.git @ 5.0.0
  AppCheck: https://github.com/google/app-check.git @ 11.2.0
  GoogleDataTransport: https://github.com/google/GoogleDataTransport.git @ 10.1.0
  InteropForGoogle: https://github.com/google/interop-ios-for-google-sdks.git @ 101.0.0
  nanopb: https://github.com/firebase/nanopb.git @ 2.30910.0
  abseil: https://github.com/google/abseil-cpp-binary.git @ 1.2024072200.0

ComputePackagePrebuildTargetDependencyGraph

Prepare packages

CreateBuildRequest

SendProjectDescription

CreateBuildOperation

ComputeTargetDependencyGraph
note: Building targets in dependency order
note: Target dependency graph (59 targets)
    Target 'NutraSafe Beta' in project 'NutraSafeBeta'
        ➜ Explicit dependency on target 'FirebaseCore' in project 'Firebase'
        ➜ Explicit dependency on target 'FirebaseAuth' in project 'Firebase'
        ➜ Explicit dependency on target 'FirebaseFirestore' in project 'Firebase'
    Target 'FirebaseFirestore' in project 'Firebase'
        ➜ Explicit dependency on target 'FirebaseFirestoreTarget' in project 'Firebase'
        ➜ Explicit dependency on target 'FirebaseFirestoreInternalWrapper' in project 'Firebase'
        ➜ Explicit dependency on target 'FirebaseAppCheckInterop' in project 'Firebase'
        ➜ Explicit dependency on target 'Firebase' in project 'Firebase'
        ➜ Explicit dependency on target 'FirebaseCoreInternal' in project 'Firebase'
        ➜ Explicit dependency on target 'FirebaseCore' in project 'Firebase'
        ➜ Explicit dependency on target 'FirebaseCoreExtension' in project 'Firebase'
        ➜ Explicit dependency on target 'FirebaseSharedSwift' in project 'Firebase'
        ➜ Explicit dependency on target 'FirebaseFirestore' in project 'Firebase'
        ➜ Explicit dependency on target 'GULNSData' in project 'GoogleUtilities'
        ➜ Explicit dependency on target 'GULEnvironment' in project 'GoogleUtilities'
        ➜ Explicit dependency on target 'GULLogger' in project 'GoogleUtilities'
        ➜ Explicit dependency on target 'abseil' in project 'abseil'
        ➜ Explicit dependency on target 'gRPC-C++' in project 'gRPC'
        ➜ Explicit dependency on target 'nanopb' in project 'nanopb'
        ➜ Explicit dependency on target 'leveldb' in project 'leveldb'
    Target 'FirebaseFirestoreTarget' in project 'Firebase'
        ➜ Explicit dependency on target 'FirebaseFirestoreInternalWrapper' in project 'Firebase'
        ➜ Explicit dependency on target 'FirebaseAppCheckInterop' in project 'Firebase'
        ➜ Explicit dependency on target 'Firebase' in project 'Firebase'
        ➜ Explicit dependency on target 'FirebaseCoreInternal' in project 'Firebase'
        ➜ Explicit dependency on target 'FirebaseCore' in project 'Firebase'
        ➜ Explicit dependency on target 'FirebaseCoreExtension' in project 'Firebase'
        ➜ Explicit dependency on target 'FirebaseSharedSwift' in project 'Firebase'
        ➜ Explicit dependency on target 'FirebaseFirestore' in project 'Firebase'
        ➜ Explicit dependency on target 'GULNSData' in project 'GoogleUtilities'
        ➜ Explicit dependency on target 'GULEnvironment' in project 'GoogleUtilities'
        ➜ Explicit dependency on target 'GULLogger' in project 'GoogleUtilities'
        ➜ Explicit dependency on target 'abseil' in project 'abseil'
        ➜ Explicit dependency on target 'gRPC-C++' in project 'gRPC'
        ➜ Explicit dependency on target 'nanopb' in project 'nanopb'
        ➜ Explicit dependency on target 'leveldb' in project 'leveldb'
    Target 'FirebaseFirestore' in project 'Firebase'
        ➜ Explicit dependency on target 'Firebase_FirebaseFirestore' in project 'Firebase'
        ➜ Explicit dependency on target 'FirebaseFirestoreInternalWrapper' in project 'Firebase'
        ➜ Explicit dependency on target 'FirebaseAppCheckInterop' in project 'Firebase'
        ➜ Explicit dependency on target 'Firebase' in project 'Firebase'
        ➜ Explicit dependency on target 'FirebaseCoreInternal' in project 'Firebase'
        ➜ Explicit dependency on target 'FirebaseCore' in project 'Firebase'
        ➜ Explicit dependency on target 'FirebaseCoreExtension' in project 'Firebase'
        ➜ Explicit dependency on target 'FirebaseSharedSwift' in project 'Firebase'
        ➜ Explicit dependency on target 'GULNSData' in project 'GoogleUtilities'
        ➜ Explicit dependency on target 'GULEnvironment' in project 'GoogleUtilities'
        ➜ Explicit dependency on target 'GULLogger' in project 'GoogleUtilities'
        ➜ Explicit dependency on target 'abseil' in project 'abseil'
        ➜ Explicit dependency on target 'gRPC-C++' in project 'gRPC'
        ➜ Explicit dependency on target 'nanopb' in project 'nanopb'
        ➜ Explicit dependency on target 'leveldb' in project 'leveldb'
    Target 'leveldb' in project 'leveldb'
        ➜ Explicit dependency on target 'leveldb' in project 'leveldb'
        ➜ Explicit dependency on target 'leveldb_leveldb' in project 'leveldb'
    Target 'leveldb' in project 'leveldb'
        ➜ Explicit dependency on target 'leveldb_leveldb' in project 'leveldb'
    Target 'leveldb_leveldb' in project 'leveldb' (no dependencies)
    Target 'nanopb' in project 'nanopb'
        ➜ Explicit dependency on target 'nanopb' in project 'nanopb'
        ➜ Explicit dependency on target 'nanopb_nanopb' in project 'nanopb'
    Target 'nanopb' in project 'nanopb'
        ➜ Explicit dependency on target 'nanopb_nanopb' in project 'nanopb'
    Target 'nanopb_nanopb' in project 'nanopb' (no dependencies)
    Target 'gRPC-C++' in project 'gRPC'
        ➜ Explicit dependency on target 'grpcppWrapper' in project 'gRPC'
        ➜ Explicit dependency on target 'gRPC_grpcppWrapper' in project 'gRPC'
        ➜ Explicit dependency on target 'grpcWrapper' in project 'gRPC'
        ➜ Explicit dependency on target 'opensslWrapper' in project 'gRPC'
        ➜ Explicit dependency on target 'abseil' in project 'abseil'
    Target 'grpcppWrapper' in project 'gRPC'
        ➜ Explicit dependency on target 'gRPC_grpcppWrapper' in project 'gRPC'
        ➜ Explicit dependency on target 'grpcWrapper' in project 'gRPC'
        ➜ Explicit dependency on target 'opensslWrapper' in project 'gRPC'
        ➜ Explicit dependency on target 'abseil' in project 'abseil'
    Target 'opensslWrapper' in project 'gRPC'
        ➜ Explicit dependency on target 'gRPC_opensslWrapper' in project 'gRPC'
    Target 'gRPC_opensslWrapper' in project 'gRPC' (no dependencies)
    Target 'grpcWrapper' in project 'gRPC'
        ➜ Explicit dependency on target 'gRPC_grpcWrapper' in project 'gRPC'
    Target 'gRPC_grpcWrapper' in project 'gRPC' (no dependencies)
    Target 'gRPC_grpcppWrapper' in project 'gRPC' (no dependencies)
    Target 'abseil' in project 'abseil'
        ➜ Explicit dependency on target 'abslWrapper' in project 'abseil'
        ➜ Explicit dependency on target 'abseil_abslWrapper' in project 'abseil'
    Target 'abslWrapper' in project 'abseil'
        ➜ Explicit dependency on target 'abseil_abslWrapper' in project 'abseil'
    Target 'abseil_abslWrapper' in project 'abseil' (no dependencies)
    Target 'Firebase_FirebaseFirestore' in project 'Firebase' (no dependencies)
    Target 'FirebaseSharedSwift' in project 'Firebase' (no dependencies)
    Target 'FirebaseFirestoreInternalWrapper' in project 'Firebase' (no dependencies)
    Target 'FirebaseAuth' in project 'Firebase'
        ➜ Explicit dependency on target 'FirebaseAuth' in project 'Firebase'
        ➜ Explicit dependency on target 'Firebase_FirebaseAuth' in project 'Firebase'
        ➜ Explicit dependency on target 'FirebaseAppCheckInterop' in project 'Firebase'
        ➜ Explicit dependency on target 'FirebaseAuthInterop' in project 'Firebase'
        ➜ Explicit dependency on target 'FirebaseAuthInternal' in project 'Firebase'
        ➜ Explicit dependency on target 'Firebase' in project 'Firebase'
        ➜ Explicit dependency on target 'FirebaseCoreInternal' in project 'Firebase'
        ➜ Explicit dependency on target 'FirebaseCore' in project 'Firebase'
        ➜ Explicit dependency on target 'FirebaseCoreExtension' in project 'Firebase'
        ➜ Explicit dependency on target 'RecaptchaInterop' in project 'InteropForGoogle'
        ➜ Explicit dependency on target 'GULNSData' in project 'GoogleUtilities'
        ➜ Explicit dependency on target 'GULEnvironment' in project 'GoogleUtilities'
        ➜ Explicit dependency on target 'GULLogger' in project 'GoogleUtilities'
        ➜ Explicit dependency on target 'GULAppDelegateSwizzler' in project 'GoogleUtilities'
        ➜ Explicit dependency on target 'GTMSessionFetcherCore' in project 'GTMSessionFetcher'
    Target 'FirebaseAuth' in project 'Firebase'
        ➜ Explicit dependency on target 'Firebase_FirebaseAuth' in project 'Firebase'
        ➜ Explicit dependency on target 'FirebaseAppCheckInterop' in project 'Firebase'
        ➜ Explicit dependency on target 'FirebaseAuthInterop' in project 'Firebase'
        ➜ Explicit dependency on target 'FirebaseAuthInternal' in project 'Firebase'
        ➜ Explicit dependency on target 'Firebase' in project 'Firebase'
        ➜ Explicit dependency on target 'FirebaseCoreInternal' in project 'Firebase'
        ➜ Explicit dependency on target 'FirebaseCore' in project 'Firebase'
        ➜ Explicit dependency on target 'FirebaseCoreExtension' in project 'Firebase'
        ➜ Explicit dependency on target 'RecaptchaInterop' in project 'InteropForGoogle'
        ➜ Explicit dependency on target 'GULNSData' in project 'GoogleUtilities'
        ➜ Explicit dependency on target 'GULEnvironment' in project 'GoogleUtilities'
        ➜ Explicit dependency on target 'GULLogger' in project 'GoogleUtilities'
        ➜ Explicit dependency on target 'GULAppDelegateSwizzler' in project 'GoogleUtilities'
        ➜ Explicit dependency on target 'GTMSessionFetcherCore' in project 'GTMSessionFetcher'
    Target 'GTMSessionFetcherCore' in project 'GTMSessionFetcher'
        ➜ Explicit dependency on target 'GTMSessionFetcherCore' in project 'GTMSessionFetcher'
        ➜ Explicit dependency on target 'GTMSessionFetcher_GTMSessionFetcherCore' in project 'GTMSessionFetcher'
    Target 'GTMSessionFetcherCore' in project 'GTMSessionFetcher'
        ➜ Explicit dependency on target 'GTMSessionFetcher_GTMSessionFetcherCore' in project 'GTMSessionFetcher'
    Target 'GTMSessionFetcher_GTMSessionFetcherCore' in project 'GTMSessionFetcher' (no dependencies)
    Target 'GULAppDelegateSwizzler' in project 'GoogleUtilities'
        ➜ Explicit dependency on target 'GoogleUtilities-AppDelegateSwizzler' in project 'GoogleUtilities'
        ➜ Explicit dependency on target 'GoogleUtilities_GoogleUtilities-AppDelegateSwizzler' in project 'GoogleUtilities'
        ➜ Explicit dependency on target 'third-party-IsAppEncrypted' in project 'GoogleUtilities'
        ➜ Explicit dependency on target 'GoogleUtilities-Environment' in project 'GoogleUtilities'
        ➜ Explicit dependency on target 'GoogleUtilities-Logger' in project 'GoogleUtilities'
        ➜ Explicit dependency on target 'GoogleUtilities-NSData' in project 'GoogleUtilities'
        ➜ Explicit dependency on target 'GoogleUtilities-Reachability' in project 'GoogleUtilities'
        ➜ Explicit dependency on target 'GoogleUtilities-Network' in project 'GoogleUtilities'
    Target 'GoogleUtilities-AppDelegateSwizzler' in project 'GoogleUtilities'
        ➜ Explicit dependency on target 'GoogleUtilities_GoogleUtilities-AppDelegateSwizzler' in project 'GoogleUtilities'
        ➜ Explicit dependency on target 'third-party-IsAppEncrypted' in project 'GoogleUtilities'
        ➜ Explicit dependency on target 'GoogleUtilities-Environment' in project 'GoogleUtilities'
        ➜ Explicit dependency on target 'GoogleUtilities-Logger' in project 'GoogleUtilities'
        ➜ Explicit dependency on target 'GoogleUtilities-NSData' in project 'GoogleUtilities'
        ➜ Explicit dependency on target 'GoogleUtilities-Reachability' in project 'GoogleUtilities'
        ➜ Explicit dependency on target 'GoogleUtilities-Network' in project 'GoogleUtilities'
    Target 'GoogleUtilities-Network' in project 'GoogleUtilities'
        ➜ Explicit dependency on target 'GoogleUtilities_GoogleUtilities-Network' in project 'GoogleUtilities'
        ➜ Explicit dependency on target 'third-party-IsAppEncrypted' in project 'GoogleUtilities'
        ➜ Explicit dependency on target 'GoogleUtilities-Environment' in project 'GoogleUtilities'
        ➜ Explicit dependency on target 'GoogleUtilities-Logger' in project 'GoogleUtilities'
        ➜ Explicit dependency on target 'GoogleUtilities-NSData' in project 'GoogleUtilities'
        ➜ Explicit dependency on target 'GoogleUtilities-Reachability' in project 'GoogleUtilities'
    Target 'GoogleUtilities_GoogleUtilities-Network' in project 'GoogleUtilities' (no dependencies)
    Target 'GoogleUtilities-Reachability' in project 'GoogleUtilities'
        ➜ Explicit dependency on target 'GoogleUtilities_GoogleUtilities-Reachability' in project 'GoogleUtilities'
        ➜ Explicit dependency on target 'third-party-IsAppEncrypted' in project 'GoogleUtilities'
        ➜ Explicit dependency on target 'GoogleUtilities-Environment' in project 'GoogleUtilities'
        ➜ Explicit dependency on target 'GoogleUtilities-Logger' in project 'GoogleUtilities'
    Target 'GoogleUtilities_GoogleUtilities-Reachability' in project 'GoogleUtilities' (no dependencies)
    Target 'GoogleUtilities_GoogleUtilities-AppDelegateSwizzler' in project 'GoogleUtilities' (no dependencies)
    Target 'FirebaseCoreExtension' in project 'Firebase'
        ➜ Explicit dependency on target 'Firebase_FirebaseCoreExtension' in project 'Firebase'
    Target 'Firebase_FirebaseCoreExtension' in project 'Firebase' (no dependencies)
    Target 'FirebaseAuthInternal' in project 'Firebase'
        ➜ Explicit dependency on target 'RecaptchaInterop' in project 'InteropForGoogle'
    Target 'RecaptchaInterop' in project 'InteropForGoogle'
        ➜ Explicit dependency on target 'RecaptchaInterop' in project 'InteropForGoogle'
    Target 'RecaptchaInterop' in project 'InteropForGoogle' (no dependencies)
    Target 'FirebaseAuthInterop' in project 'Firebase' (no dependencies)
    Target 'FirebaseAppCheckInterop' in project 'Firebase' (no dependencies)
    Target 'Firebase_FirebaseAuth' in project 'Firebase' (no dependencies)
    Target 'FirebaseCore' in project 'Firebase'
        ➜ Explicit dependency on target 'FirebaseCore' in project 'Firebase'
        ➜ Explicit dependency on target 'Firebase_FirebaseCore' in project 'Firebase'
        ➜ Explicit dependency on target 'Firebase' in project 'Firebase'
        ➜ Explicit dependency on target 'FirebaseCoreInternal' in project 'Firebase'
        ➜ Explicit dependency on target 'GULNSData' in project 'GoogleUtilities'
        ➜ Explicit dependency on target 'GULEnvironment' in project 'GoogleUtilities'
        ➜ Explicit dependency on target 'GULLogger' in project 'GoogleUtilities'
    Target 'FirebaseCore' in project 'Firebase'
        ➜ Explicit dependency on target 'Firebase_FirebaseCore' in project 'Firebase'
        ➜ Explicit dependency on target 'Firebase' in project 'Firebase'
        ➜ Explicit dependency on target 'FirebaseCoreInternal' in project 'Firebase'
        ➜ Explicit dependency on target 'GULNSData' in project 'GoogleUtilities'
        ➜ Explicit dependency on target 'GULEnvironment' in project 'GoogleUtilities'
        ➜ Explicit dependency on target 'GULLogger' in project 'GoogleUtilities'
    Target 'GULLogger' in project 'GoogleUtilities'
        ➜ Explicit dependency on target 'GoogleUtilities-Logger' in project 'GoogleUtilities'
        ➜ Explicit dependency on target 'GoogleUtilities_GoogleUtilities-Logger' in project 'GoogleUtilities'
        ➜ Explicit dependency on target 'third-party-IsAppEncrypted' in project 'GoogleUtilities'
        ➜ Explicit dependency on target 'GoogleUtilities-Environment' in project 'GoogleUtilities'
    Target 'GoogleUtilities-Logger' in project 'GoogleUtilities'
        ➜ Explicit dependency on target 'GoogleUtilities_GoogleUtilities-Logger' in project 'GoogleUtilities'
        ➜ Explicit dependency on target 'third-party-IsAppEncrypted' in project 'GoogleUtilities'
        ➜ Explicit dependency on target 'GoogleUtilities-Environment' in project 'GoogleUtilities'
    Target 'GoogleUtilities_GoogleUtilities-Logger' in project 'GoogleUtilities' (no dependencies)
    Target 'GULEnvironment' in project 'GoogleUtilities'
        ➜ Explicit dependency on target 'GoogleUtilities-Environment' in project 'GoogleUtilities'
        ➜ Explicit dependency on target 'GoogleUtilities_GoogleUtilities-Environment' in project 'GoogleUtilities'
        ➜ Explicit dependency on target 'third-party-IsAppEncrypted' in project 'GoogleUtilities'
    Target 'GoogleUtilities-Environment' in project 'GoogleUtilities'
        ➜ Explicit dependency on target 'GoogleUtilities_GoogleUtilities-Environment' in project 'GoogleUtilities'
        ➜ Explicit dependency on target 'third-party-IsAppEncrypted' in project 'GoogleUtilities'
    Target 'third-party-IsAppEncrypted' in project 'GoogleUtilities' (no dependencies)
    Target 'GoogleUtilities_GoogleUtilities-Environment' in project 'GoogleUtilities' (no dependencies)
    Target 'FirebaseCoreInternal' in project 'Firebase'
        ➜ Explicit dependency on target 'Firebase_FirebaseCoreInternal' in project 'Firebase'
        ➜ Explicit dependency on target 'GULNSData' in project 'GoogleUtilities'
    Target 'GULNSData' in project 'GoogleUtilities'
        ➜ Explicit dependency on target 'GoogleUtilities-NSData' in project 'GoogleUtilities'
        ➜ Explicit dependency on target 'GoogleUtilities_GoogleUtilities-NSData' in project 'GoogleUtilities'
    Target 'GoogleUtilities-NSData' in project 'GoogleUtilities'
        ➜ Explicit dependency on target 'GoogleUtilities_GoogleUtilities-NSData' in project 'GoogleUtilities'
    Target 'GoogleUtilities_GoogleUtilities-NSData' in project 'GoogleUtilities' (no dependencies)
    Target 'Firebase_FirebaseCoreInternal' in project 'Firebase' (no dependencies)
    Target 'Firebase' in project 'Firebase' (no dependencies)
    Target 'Firebase_FirebaseCore' in project 'Firebase' (no dependencies)

GatherProvisioningInputs

CreateBuildDescription

ExecuteExternalTool /Users/aaronkeen/Downloads/Xcode.app/Contents/Developer/Toolchains/XcodeDefault.xctoolchain/usr/bin/clang -v -E -dM -arch arm64 -isysroot /Users/aaronkeen/Downloads/Xcode.app/Contents/Developer/Platforms/iPhoneSimulator.platform/Developer/SDKs/iPhoneSimulator26.0.sdk -x objective-c -c /dev/null

ExecuteExternalTool /Users/aaronkeen/Downloads/Xcode.app/Contents/Developer/Toolchains/XcodeDefault.xctoolchain/usr/bin/swiftc --version

ExecuteExternalTool /Users/aaronkeen/Downloads/Xcode.app/Contents/Developer/Toolchains/XcodeDefault.xctoolchain/usr/bin/clang -v -E -dM -isysroot /Users/aaronkeen/Downloads/Xcode.app/Contents/Developer/Platforms/iPhoneSimulator.platform/Developer/SDKs/iPhoneSimulator26.0.sdk -x c -c /dev/null

ExecuteExternalTool /Users/aaronkeen/Downloads/Xcode.app/Contents/Developer/usr/bin/actool --print-asset-tag-combinations --output-format xml1 /Users/aaronkeen/Documents/My Apps/NutraSafe Beta/NutraSafe Beta/Assets.xcassets

ExecuteExternalTool /Users/aaronkeen/Downloads/Xcode.app/Contents/Developer/usr/bin/actool --version --output-format xml1

ExecuteExternalTool /Users/aaronkeen/Downloads/Xcode.app/Contents/Developer/Toolchains/XcodeDefault.xctoolchain/usr/bin/clang -v -E -dM -arch arm64 -isysroot /Users/aaronkeen/Downloads/Xcode.app/Contents/Developer/Platforms/iPhoneSimulator.platform/Developer/SDKs/iPhoneSimulator26.0.sdk -x c -c /dev/null

ExecuteExternalTool /Users/aaronkeen/Downloads/Xcode.app/Contents/Developer/Toolchains/XcodeDefault.xctoolchain/usr/bin/ld -version_details

ExecuteExternalTool /Users/aaronkeen/Downloads/Xcode.app/Contents/Developer/Toolchains/XcodeDefault.xctoolchain/usr/bin/clang -v -E -dM -arch arm64 -isysroot /Users/aaronkeen/Downloads/Xcode.app/Contents/Developer/Platforms/iPhoneSimulator.platform/Developer/SDKs/iPhoneSimulator26.0.sdk -x c++ -c /dev/null

ExecuteExternalTool /Users/aaronkeen/Downloads/Xcode.app/Contents/Developer/Toolchains/XcodeDefault.xctoolchain/usr/bin/clang -v -E -dM -arch x86_64 -isysroot /Users/aaronkeen/Downloads/Xcode.app/Contents/Developer/Platforms/iPhoneSimulator.platform/Developer/SDKs/iPhoneSimulator26.0.sdk -x objective-c -c /dev/null

ExecuteExternalTool /Users/aaronkeen/Downloads/Xcode.app/Contents/Developer/Toolchains/XcodeDefault.xctoolchain/usr/bin/clang -v -E -dM -arch x86_64 -isysroot /Users/aaronkeen/Downloads/Xcode.app/Contents/Developer/Platforms/iPhoneSimulator.platform/Developer/SDKs/iPhoneSimulator26.0.sdk -x c -c /dev/null

ExecuteExternalTool /Users/aaronkeen/Downloads/Xcode.app/Contents/Developer/Toolchains/XcodeDefault.xctoolchain/usr/bin/clang -v -E -dM -arch x86_64 -isysroot /Users/aaronkeen/Downloads/Xcode.app/Contents/Developer/Platforms/iPhoneSimulator.platform/Developer/SDKs/iPhoneSimulator26.0.sdk -x c++ -c /dev/null

Build description signature: c841c498ac1e38fec706819bd746d4e2
Build description path: /Users/aaronkeen/Documents/My Apps/NutraSafe Beta/buildOut/Build/Intermediates.noindex/XCBuildData/c841c498ac1e38fec706819bd746d4e2.xcbuilddata
ClangStatCache /Users/aaronkeen/Downloads/Xcode.app/Contents/Developer/Toolchains/XcodeDefault.xctoolchain/usr/bin/clang-stat-cache /Users/aaronkeen/Downloads/Xcode.app/Contents/Developer/Platforms/iPhoneSimulator.platform/Developer/SDKs/iPhoneSimulator26.0.sdk /Users/aaronkeen/Documents/My\ Apps/NutraSafe\ Beta/buildOut/SDKStatCaches.noindex/iphonesimulator26.0-23A339-e1d58a2e5ce2e5cb297b5df35864d556.sdkstatcache
    cd /Users/aaronkeen/Documents/My\ Apps/NutraSafe\ Beta/NutraSafeBeta.xcodeproj
    /Users/aaronkeen/Downloads/Xcode.app/Contents/Developer/Toolchains/XcodeDefault.xctoolchain/usr/bin/clang-stat-cache /Users/aaronkeen/Downloads/Xcode.app/Contents/Developer/Platforms/iPhoneSimulator.platform/Developer/SDKs/iPhoneSimulator26.0.sdk -o /Users/aaronkeen/Documents/My\ Apps/NutraSafe\ Beta/buildOut/SDKStatCaches.noindex/iphonesimulator26.0-23A339-e1d58a2e5ce2e5cb297b5df35864d556.sdkstatcache

Copy /Users/aaronkeen/Documents/My\ Apps/NutraSafe\ Beta/buildOut/Build/Intermediates.noindex/GeneratedModuleMaps-iphonesimulator/grpcppWrapper.modulemap /Users/aaronkeen/Documents/My\ Apps/NutraSafe\ Beta/buildOut/Build/Intermediates.noindex/gRPC.build/Debug-iphonesimulator/grpcppWrapper.build/grpcppWrapper.modulemap (in target 'grpcppWrapper' from project 'gRPC')
    cd /Users/aaronkeen/Documents/My\ Apps/NutraSafe\ Beta/buildOut/SourcePackages/checkouts/grpc-binary
    builtin-copy -exclude .DS_Store -exclude CVS -exclude .svn -exclude .git -exclude .hg -resolve-src-symlinks /Users/aaronkeen/Documents/My\ Apps/NutraSafe\ Beta/buildOut/Build/Intermediates.noindex/gRPC.build/Debug-iphonesimulator/grpcppWrapper.build/grpcppWrapper.modulemap /Users/aaronkeen/Documents/My\ Apps/NutraSafe\ Beta/buildOut/Build/Intermediates.noindex/GeneratedModuleMaps-iphonesimulator

Copy /Users/aaronkeen/Documents/My\ Apps/NutraSafe\ Beta/buildOut/Build/Intermediates.noindex/GeneratedModuleMaps-iphonesimulator/grpcWrapper.modulemap /Users/aaronkeen/Documents/My\ Apps/NutraSafe\ Beta/buildOut/Build/Intermediates.noindex/gRPC.build/Debug-iphonesimulator/grpcWrapper.build/grpcWrapper.modulemap (in target 'grpcWrapper' from project 'gRPC')
    cd /Users/aaronkeen/Documents/My\ Apps/NutraSafe\ Beta/buildOut/SourcePackages/checkouts/grpc-binary
    builtin-copy -exclude .DS_Store -exclude CVS -exclude .svn -exclude .git -exclude .hg -resolve-src-symlinks /Users/aaronkeen/Documents/My\ Apps/NutraSafe\ Beta/buildOut/Build/Intermediates.noindex/gRPC.build/Debug-iphonesimulator/grpcWrapper.build/grpcWrapper.modulemap /Users/aaronkeen/Documents/My\ Apps/NutraSafe\ Beta/buildOut/Build/Intermediates.noindex/GeneratedModuleMaps-iphonesimulator

Copy /Users/aaronkeen/Documents/My\ Apps/NutraSafe\ Beta/buildOut/Build/Intermediates.noindex/GeneratedModuleMaps-iphonesimulator/RecaptchaInterop.modulemap /Users/aaronkeen/Documents/My\ Apps/NutraSafe\ Beta/buildOut/Build/Intermediates.noindex/InteropForGoogle.build/Debug-iphonesimulator/RecaptchaInterop.build/RecaptchaInterop.modulemap (in target 'RecaptchaInterop' from project 'InteropForGoogle')
    cd /Users/aaronkeen/Documents/My\ Apps/NutraSafe\ Beta/buildOut/SourcePackages/checkouts/interop-ios-for-google-sdks
    builtin-copy -exclude .DS_Store -exclude CVS -exclude .svn -exclude .git -exclude .hg -resolve-src-symlinks /Users/aaronkeen/Documents/My\ Apps/NutraSafe\ Beta/buildOut/Build/Intermediates.noindex/InteropForGoogle.build/Debug-iphonesimulator/RecaptchaInterop.build/RecaptchaInterop.modulemap /Users/aaronkeen/Documents/My\ Apps/NutraSafe\ Beta/buildOut/Build/Intermediates.noindex/GeneratedModuleMaps-iphonesimulator

Copy /Users/aaronkeen/Documents/My\ Apps/NutraSafe\ Beta/buildOut/Build/Intermediates.noindex/GeneratedModuleMaps-iphonesimulator/third-party-IsAppEncrypted.modulemap /Users/aaronkeen/Documents/My\ Apps/NutraSafe\ Beta/buildOut/Build/Intermediates.noindex/GoogleUtilities.build/Debug-iphonesimulator/third-party-IsAppEncrypted.build/third-party-IsAppEncrypted.modulemap (in target 'third-party-IsAppEncrypted' from project 'GoogleUtilities')
    cd /Users/aaronkeen/Documents/My\ Apps/NutraSafe\ Beta/buildOut/SourcePackages/checkouts/GoogleUtilities
    builtin-copy -exclude .DS_Store -exclude CVS -exclude .svn -exclude .git -exclude .hg -resolve-src-symlinks /Users/aaronkeen/Documents/My\ Apps/NutraSafe\ Beta/buildOut/Build/Intermediates.noindex/GoogleUtilities.build/Debug-iphonesimulator/third-party-IsAppEncrypted.build/third-party-IsAppEncrypted.modulemap /Users/aaronkeen/Documents/My\ Apps/NutraSafe\ Beta/buildOut/Build/Intermediates.noindex/GeneratedModuleMaps-iphonesimulator

Copy /Users/aaronkeen/Documents/My\ Apps/NutraSafe\ Beta/buildOut/Build/Intermediates.noindex/GeneratedModuleMaps-iphonesimulator/FirebaseFirestoreInternalWrapper.modulemap /Users/aaronkeen/Documents/My\ Apps/NutraSafe\ Beta/buildOut/Build/Intermediates.noindex/Firebase.build/Debug-iphonesimulator/FirebaseFirestoreInternalWrapper.build/FirebaseFirestoreInternalWrapper.modulemap (in target 'FirebaseFirestoreInternalWrapper' from project 'Firebase')
    cd /Users/aaronkeen/Documents/My\ Apps/NutraSafe\ Beta/buildOut/SourcePackages/checkouts/firebase-ios-sdk
    builtin-copy -exclude .DS_Store -exclude CVS -exclude .svn -exclude .git -exclude .hg -resolve-src-symlinks /Users/aaronkeen/Documents/My\ Apps/NutraSafe\ Beta/buildOut/Build/Intermediates.noindex/Firebase.build/Debug-iphonesimulator/FirebaseFirestoreInternalWrapper.build/FirebaseFirestoreInternalWrapper.modulemap /Users/aaronkeen/Documents/My\ Apps/NutraSafe\ Beta/buildOut/Build/Intermediates.noindex/GeneratedModuleMaps-iphonesimulator

Copy /Users/aaronkeen/Documents/My\ Apps/NutraSafe\ Beta/buildOut/Build/Intermediates.noindex/GeneratedModuleMaps-iphonesimulator/opensslWrapper.modulemap /Users/aaronkeen/Documents/My\ Apps/NutraSafe\ Beta/buildOut/Build/Intermediates.noindex/gRPC.build/Debug-iphonesimulator/opensslWrapper.build/opensslWrapper.modulemap (in target 'opensslWrapper' from project 'gRPC')
    cd /Users/aaronkeen/Documents/My\ Apps/NutraSafe\ Beta/buildOut/SourcePackages/checkouts/grpc-binary
    builtin-copy -exclude .DS_Store -exclude CVS -exclude .svn -exclude .git -exclude .hg -resolve-src-symlinks /Users/aaronkeen/Documents/My\ Apps/NutraSafe\ Beta/buildOut/Build/Intermediates.noindex/gRPC.build/Debug-iphonesimulator/opensslWrapper.build/opensslWrapper.modulemap /Users/aaronkeen/Documents/My\ Apps/NutraSafe\ Beta/buildOut/Build/Intermediates.noindex/GeneratedModuleMaps-iphonesimulator

Copy /Users/aaronkeen/Documents/My\ Apps/NutraSafe\ Beta/buildOut/Build/Intermediates.noindex/GeneratedModuleMaps-iphonesimulator/FirebaseFirestoreTarget.modulemap /Users/aaronkeen/Documents/My\ Apps/NutraSafe\ Beta/buildOut/Build/Intermediates.noindex/Firebase.build/Debug-iphonesimulator/FirebaseFirestoreTarget.build/FirebaseFirestoreTarget.modulemap (in target 'FirebaseFirestoreTarget' from project 'Firebase')
    cd /Users/aaronkeen/Documents/My\ Apps/NutraSafe\ Beta/buildOut/SourcePackages/checkouts/firebase-ios-sdk
    builtin-copy -exclude .DS_Store -exclude CVS -exclude .svn -exclude .git -exclude .hg -resolve-src-symlinks /Users/aaronkeen/Documents/My\ Apps/NutraSafe\ Beta/buildOut/Build/Intermediates.noindex/Firebase.build/Debug-iphonesimulator/FirebaseFirestoreTarget.build/FirebaseFirestoreTarget.modulemap /Users/aaronkeen/Documents/My\ Apps/NutraSafe\ Beta/buildOut/Build/Intermediates.noindex/GeneratedModuleMaps-iphonesimulator

Copy /Users/aaronkeen/Documents/My\ Apps/NutraSafe\ Beta/buildOut/Build/Intermediates.noindex/GeneratedModuleMaps-iphonesimulator/GTMSessionFetcherCore.modulemap /Users/aaronkeen/Documents/My\ Apps/NutraSafe\ Beta/buildOut/Build/Intermediates.noindex/GTMSessionFetcher.build/Debug-iphonesimulator/GTMSessionFetcherCore.build/GTMSessionFetcherCore.modulemap (in target 'GTMSessionFetcherCore' from project 'GTMSessionFetcher')
    cd /Users/aaronkeen/Documents/My\ Apps/NutraSafe\ Beta/buildOut/SourcePackages/checkouts/gtm-session-fetcher
    builtin-copy -exclude .DS_Store -exclude CVS -exclude .svn -exclude .git -exclude .hg -resolve-src-symlinks /Users/aaronkeen/Documents/My\ Apps/NutraSafe\ Beta/buildOut/Build/Intermediates.noindex/GTMSessionFetcher.build/Debug-iphonesimulator/GTMSessionFetcherCore.build/GTMSessionFetcherCore.modulemap /Users/aaronkeen/Documents/My\ Apps/NutraSafe\ Beta/buildOut/Build/Intermediates.noindex/GeneratedModuleMaps-iphonesimulator

Copy /Users/aaronkeen/Documents/My\ Apps/NutraSafe\ Beta/buildOut/Build/Intermediates.noindex/GeneratedModuleMaps-iphonesimulator/FirebaseCoreExtension.modulemap /Users/aaronkeen/Documents/My\ Apps/NutraSafe\ Beta/buildOut/Build/Intermediates.noindex/Firebase.build/Debug-iphonesimulator/FirebaseCoreExtension.build/FirebaseCoreExtension.modulemap (in target 'FirebaseCoreExtension' from project 'Firebase')
    cd /Users/aaronkeen/Documents/My\ Apps/NutraSafe\ Beta/buildOut/SourcePackages/checkouts/firebase-ios-sdk
    builtin-copy -exclude .DS_Store -exclude CVS -exclude .svn -exclude .git -exclude .hg -resolve-src-symlinks /Users/aaronkeen/Documents/My\ Apps/NutraSafe\ Beta/buildOut/Build/Intermediates.noindex/Firebase.build/Debug-iphonesimulator/FirebaseCoreExtension.build/FirebaseCoreExtension.modulemap /Users/aaronkeen/Documents/My\ Apps/NutraSafe\ Beta/buildOut/Build/Intermediates.noindex/GeneratedModuleMaps-iphonesimulator

Copy /Users/aaronkeen/Documents/My\ Apps/NutraSafe\ Beta/buildOut/Build/Intermediates.noindex/GeneratedModuleMaps-iphonesimulator/FirebaseFirestore.modulemap /Users/aaronkeen/Documents/My\ Apps/NutraSafe\ Beta/buildOut/Build/Intermediates.noindex/Firebase.build/Debug-iphonesimulator/FirebaseFirestore.build/FirebaseFirestore.modulemap (in target 'FirebaseFirestore' from project 'Firebase')
    cd /Users/aaronkeen/Documents/My\ Apps/NutraSafe\ Beta/buildOut/SourcePackages/checkouts/firebase-ios-sdk
    builtin-copy -exclude .DS_Store -exclude CVS -exclude .svn -exclude .git -exclude .hg -resolve-src-symlinks /Users/aaronkeen/Documents/My\ Apps/NutraSafe\ Beta/buildOut/Build/Intermediates.noindex/Firebase.build/Debug-iphonesimulator/FirebaseFirestore.build/FirebaseFirestore.modulemap /Users/aaronkeen/Documents/My\ Apps/NutraSafe\ Beta/buildOut/Build/Intermediates.noindex/GeneratedModuleMaps-iphonesimulator

Copy /Users/aaronkeen/Documents/My\ Apps/NutraSafe\ Beta/buildOut/Build/Intermediates.noindex/GeneratedModuleMaps-iphonesimulator/abslWrapper.modulemap /Users/aaronkeen/Documents/My\ Apps/NutraSafe\ Beta/buildOut/Build/Intermediates.noindex/abseil.build/Debug-iphonesimulator/abslWrapper.build/abslWrapper.modulemap (in target 'abslWrapper' from project 'abseil')
    cd /Users/aaronkeen/Documents/My\ Apps/NutraSafe\ Beta/buildOut/SourcePackages/checkouts/abseil-cpp-binary
    builtin-copy -exclude .DS_Store -exclude CVS -exclude .svn -exclude .git -exclude .hg -resolve-src-symlinks /Users/aaronkeen/Documents/My\ Apps/NutraSafe\ Beta/buildOut/Build/Intermediates.noindex/abseil.build/Debug-iphonesimulator/abslWrapper.build/abslWrapper.modulemap /Users/aaronkeen/Documents/My\ Apps/NutraSafe\ Beta/buildOut/Build/Intermediates.noindex/GeneratedModuleMaps-iphonesimulator

Copy /Users/aaronkeen/Documents/My\ Apps/NutraSafe\ Beta/buildOut/Build/Intermediates.noindex/GeneratedModuleMaps-iphonesimulator/FirebaseAuthInterop.modulemap /Users/aaronkeen/Documents/My\ Apps/NutraSafe\ Beta/buildOut/Build/Intermediates.noindex/Firebase.build/Debug-iphonesimulator/FirebaseAuthInterop.build/FirebaseAuthInterop.modulemap (in target 'FirebaseAuthInterop' from project 'Firebase')
    cd /Users/aaronkeen/Documents/My\ Apps/NutraSafe\ Beta/buildOut/SourcePackages/checkouts/firebase-ios-sdk
    builtin-copy -exclude .DS_Store -exclude CVS -exclude .svn -exclude .git -exclude .hg -resolve-src-symlinks /Users/aaronkeen/Documents/My\ Apps/NutraSafe\ Beta/buildOut/Build/Intermediates.noindex/Firebase.build/Debug-iphonesimulator/FirebaseAuthInterop.build/FirebaseAuthInterop.modulemap /Users/aaronkeen/Documents/My\ Apps/NutraSafe\ Beta/buildOut/Build/Intermediates.noindex/GeneratedModuleMaps-iphonesimulator

Copy /Users/aaronkeen/Documents/My\ Apps/NutraSafe\ Beta/buildOut/Build/Intermediates.noindex/GeneratedModuleMaps-iphonesimulator/FirebaseAppCheckInterop.modulemap /Users/aaronkeen/Documents/My\ Apps/NutraSafe\ Beta/buildOut/Build/Intermediates.noindex/Firebase.build/Debug-iphonesimulator/FirebaseAppCheckInterop.build/FirebaseAppCheckInterop.modulemap (in target 'FirebaseAppCheckInterop' from project 'Firebase')
    cd /Users/aaronkeen/Documents/My\ Apps/NutraSafe\ Beta/buildOut/SourcePackages/checkouts/firebase-ios-sdk
    builtin-copy -exclude .DS_Store -exclude CVS -exclude .svn -exclude .git -exclude .hg -resolve-src-symlinks /Users/aaronkeen/Documents/My\ Apps/NutraSafe\ Beta/buildOut/Build/Intermediates.noindex/Firebase.build/Debug-iphonesimulator/FirebaseAppCheckInterop.build/FirebaseAppCheckInterop.modulemap /Users/aaronkeen/Documents/My\ Apps/NutraSafe\ Beta/buildOut/Build/Intermediates.noindex/GeneratedModuleMaps-iphonesimulator

Copy /Users/aaronkeen/Documents/My\ Apps/NutraSafe\ Beta/buildOut/Build/Intermediates.noindex/GeneratedModuleMaps-iphonesimulator/FirebaseSharedSwift.modulemap /Users/aaronkeen/Documents/My\ Apps/NutraSafe\ Beta/buildOut/Build/Intermediates.noindex/Firebase.build/Debug-iphonesimulator/FirebaseSharedSwift.build/FirebaseSharedSwift.modulemap (in target 'FirebaseSharedSwift' from project 'Firebase')
    cd /Users/aaronkeen/Documents/My\ Apps/NutraSafe\ Beta/buildOut/SourcePackages/checkouts/firebase-ios-sdk
    builtin-copy -exclude .DS_Store -exclude CVS -exclude .svn -exclude .git -exclude .hg -resolve-src-symlinks /Users/aaronkeen/Documents/My\ Apps/NutraSafe\ Beta/buildOut/Build/Intermediates.noindex/Firebase.build/Debug-iphonesimulator/FirebaseSharedSwift.build/FirebaseSharedSwift.modulemap /Users/aaronkeen/Documents/My\ Apps/NutraSafe\ Beta/buildOut/Build/Intermediates.noindex/GeneratedModuleMaps-iphonesimulator

CpResource /Users/aaronkeen/Documents/My\ Apps/NutraSafe\ Beta/buildOut/Build/Products/Debug-iphonesimulator/nanopb_nanopb.bundle/PrivacyInfo.xcprivacy /Users/aaronkeen/Documents/My\ Apps/NutraSafe\ Beta/buildOut/SourcePackages/checkouts/nanopb/spm_resources/PrivacyInfo.xcprivacy (in target 'nanopb_nanopb' from project 'nanopb')
    cd /Users/aaronkeen/Documents/My\ Apps/NutraSafe\ Beta/buildOut/SourcePackages/checkouts/nanopb
    builtin-copy -exclude .DS_Store -exclude CVS -exclude .svn -exclude .git -exclude .hg -resolve-src-symlinks /Users/aaronkeen/Documents/My\ Apps/NutraSafe\ Beta/buildOut/SourcePackages/checkouts/nanopb/spm_resources/PrivacyInfo.xcprivacy /Users/aaronkeen/Documents/My\ Apps/NutraSafe\ Beta/buildOut/Build/Products/Debug-iphonesimulator/nanopb_nanopb.bundle

ProcessInfoPlistFile /Users/aaronkeen/Documents/My\ Apps/NutraSafe\ Beta/buildOut/Build/Products/Debug-iphonesimulator/nanopb_nanopb.bundle/Info.plist /Users/aaronkeen/Documents/My\ Apps/NutraSafe\ Beta/buildOut/Build/Intermediates.noindex/nanopb.build/Debug-iphonesimulator/nanopb_nanopb.build/empty-nanopb_nanopb.plist (in target 'nanopb_nanopb' from project 'nanopb')
    cd /Users/aaronkeen/Documents/My\ Apps/NutraSafe\ Beta/buildOut/SourcePackages/checkouts/nanopb
    builtin-infoPlistUtility /Users/aaronkeen/Documents/My\ Apps/NutraSafe\ Beta/buildOut/Build/Intermediates.noindex/nanopb.build/Debug-iphonesimulator/nanopb_nanopb.build/empty-nanopb_nanopb.plist -producttype com.apple.product-type.bundle -expandbuildsettings -format binary -platform iphonesimulator -o /Users/aaronkeen/Documents/My\ Apps/NutraSafe\ Beta/buildOut/Build/Products/Debug-iphonesimulator/nanopb_nanopb.bundle/Info.plist

ProcessInfoPlistFile /Users/aaronkeen/Documents/My\ Apps/NutraSafe\ Beta/buildOut/Build/Products/Debug-iphonesimulator/leveldb_leveldb.bundle/Info.plist /Users/aaronkeen/Documents/My\ Apps/NutraSafe\ Beta/buildOut/Build/Intermediates.noindex/leveldb.build/Debug-iphonesimulator/leveldb_leveldb.build/empty-leveldb_leveldb.plist (in target 'leveldb_leveldb' from project 'leveldb')
    cd /Users/aaronkeen/Documents/My\ Apps/NutraSafe\ Beta/buildOut/SourcePackages/checkouts/leveldb
    builtin-infoPlistUtility /Users/aaronkeen/Documents/My\ Apps/NutraSafe\ Beta/buildOut/Build/Intermediates.noindex/leveldb.build/Debug-iphonesimulator/leveldb_leveldb.build/empty-leveldb_leveldb.plist -producttype com.apple.product-type.bundle -expandbuildsettings -format binary -platform iphonesimulator -o /Users/aaronkeen/Documents/My\ Apps/NutraSafe\ Beta/buildOut/Build/Products/Debug-iphonesimulator/leveldb_leveldb.bundle/Info.plist

CpResource /Users/aaronkeen/Documents/My\ Apps/NutraSafe\ Beta/buildOut/Build/Products/Debug-iphonesimulator/leveldb_leveldb.bundle/PrivacyInfo.xcprivacy /Users/aaronkeen/Documents/My\ Apps/NutraSafe\ Beta/buildOut/SourcePackages/checkouts/leveldb/Resources/PrivacyInfo.xcprivacy (in target 'leveldb_leveldb' from project 'leveldb')
    cd /Users/aaronkeen/Documents/My\ Apps/NutraSafe\ Beta/buildOut/SourcePackages/checkouts/leveldb
    builtin-copy -exclude .DS_Store -exclude CVS -exclude .svn -exclude .git -exclude .hg -resolve-src-symlinks /Users/aaronkeen/Documents/My\ Apps/NutraSafe\ Beta/buildOut/SourcePackages/checkouts/leveldb/Resources/PrivacyInfo.xcprivacy /Users/aaronkeen/Documents/My\ Apps/NutraSafe\ Beta/buildOut/Build/Products/Debug-iphonesimulator/leveldb_leveldb.bundle

ProcessInfoPlistFile /Users/aaronkeen/Documents/My\ Apps/NutraSafe\ Beta/buildOut/Build/Products/Debug-iphonesimulator/gRPC_opensslWrapper.bundle/Info.plist /Users/aaronkeen/Documents/My\ Apps/NutraSafe\ Beta/buildOut/Build/Intermediates.noindex/gRPC.build/Debug-iphonesimulator/gRPC_opensslWrapper.build/empty-gRPC_opensslWrapper.plist (in target 'gRPC_opensslWrapper' from project 'gRPC')
    cd /Users/aaronkeen/Documents/My\ Apps/NutraSafe\ Beta/buildOut/SourcePackages/checkouts/grpc-binary
    builtin-infoPlistUtility /Users/aaronkeen/Documents/My\ Apps/NutraSafe\ Beta/buildOut/Build/Intermediates.noindex/gRPC.build/Debug-iphonesimulator/gRPC_opensslWrapper.build/empty-gRPC_opensslWrapper.plist -producttype com.apple.product-type.bundle -expandbuildsettings -format binary -platform iphonesimulator -o /Users/aaronkeen/Documents/My\ Apps/NutraSafe\ Beta/buildOut/Build/Products/Debug-iphonesimulator/gRPC_opensslWrapper.bundle/Info.plist

ProcessInfoPlistFile /Users/aaronkeen/Documents/My\ Apps/NutraSafe\ Beta/buildOut/Build/Products/Debug-iphonesimulator/gRPC_grpcppWrapper.bundle/Info.plist /Users/aaronkeen/Documents/My\ Apps/NutraSafe\ Beta/buildOut/Build/Intermediates.noindex/gRPC.build/Debug-iphonesimulator/gRPC_grpcppWrapper.build/empty-gRPC_grpcppWrapper.plist (in target 'gRPC_grpcppWrapper' from project 'gRPC')
    cd /Users/aaronkeen/Documents/My\ Apps/NutraSafe\ Beta/buildOut/SourcePackages/checkouts/grpc-binary
    builtin-infoPlistUtility /Users/aaronkeen/Documents/My\ Apps/NutraSafe\ Beta/buildOut/Build/Intermediates.noindex/gRPC.build/Debug-iphonesimulator/gRPC_grpcppWrapper.build/empty-gRPC_grpcppWrapper.plist -producttype com.apple.product-type.bundle -expandbuildsettings -format binary -platform iphonesimulator -o /Users/aaronkeen/Documents/My\ Apps/NutraSafe\ Beta/buildOut/Build/Products/Debug-iphonesimulator/gRPC_grpcppWrapper.bundle/Info.plist

CpResource /Users/aaronkeen/Documents/My\ Apps/NutraSafe\ Beta/buildOut/Build/Products/Debug-iphonesimulator/gRPC_opensslWrapper.bundle/PrivacyInfo.xcprivacy /Users/aaronkeen/Documents/My\ Apps/NutraSafe\ Beta/buildOut/SourcePackages/checkouts/grpc-binary/openssl-grpc-Wrapper/Resources/PrivacyInfo.xcprivacy (in target 'gRPC_opensslWrapper' from project 'gRPC')
    cd /Users/aaronkeen/Documents/My\ Apps/NutraSafe\ Beta/buildOut/SourcePackages/checkouts/grpc-binary
    builtin-copy -exclude .DS_Store -exclude CVS -exclude .svn -exclude .git -exclude .hg -resolve-src-symlinks /Users/aaronkeen/Documents/My\ Apps/NutraSafe\ Beta/buildOut/SourcePackages/checkouts/grpc-binary/openssl-grpc-Wrapper/Resources/PrivacyInfo.xcprivacy /Users/aaronkeen/Documents/My\ Apps/NutraSafe\ Beta/buildOut/Build/Products/Debug-iphonesimulator/gRPC_opensslWrapper.bundle

CpResource /Users/aaronkeen/Documents/My\ Apps/NutraSafe\ Beta/buildOut/Build/Products/Debug-iphonesimulator/gRPC_grpcppWrapper.bundle/PrivacyInfo.xcprivacy /Users/aaronkeen/Documents/My\ Apps/NutraSafe\ Beta/buildOut/SourcePackages/checkouts/grpc-binary/grpcpp-Wrapper/Resources/PrivacyInfo.xcprivacy (in target 'gRPC_grpcppWrapper' from project 'gRPC')
    cd /Users/aaronkeen/Documents/My\ Apps/NutraSafe\ Beta/buildOut/SourcePackages/checkouts/grpc-binary
    builtin-copy -exclude .DS_Store -exclude CVS -exclude .svn -exclude .git -exclude .hg -resolve-src-symlinks /Users/aaronkeen/Documents/My\ Apps/NutraSafe\ Beta/buildOut/SourcePackages/checkouts/grpc-binary/grpcpp-Wrapper/Resources/PrivacyInfo.xcprivacy /Users/aaronkeen/Documents/My\ Apps/NutraSafe\ Beta/buildOut/Build/Products/Debug-iphonesimulator/gRPC_grpcppWrapper.bundle

ProcessInfoPlistFile /Users/aaronkeen/Documents/My\ Apps/NutraSafe\ Beta/buildOut/Build/Products/Debug-iphonesimulator/gRPC_grpcWrapper.bundle/Info.plist /Users/aaronkeen/Documents/My\ Apps/NutraSafe\ Beta/buildOut/Build/Intermediates.noindex/gRPC.build/Debug-iphonesimulator/gRPC_grpcWrapper.build/empty-gRPC_grpcWrapper.plist (in target 'gRPC_grpcWrapper' from project 'gRPC')
    cd /Users/aaronkeen/Documents/My\ Apps/NutraSafe\ Beta/buildOut/SourcePackages/checkouts/grpc-binary
    builtin-infoPlistUtility /Users/aaronkeen/Documents/My\ Apps/NutraSafe\ Beta/buildOut/Build/Intermediates.noindex/gRPC.build/Debug-iphonesimulator/gRPC_grpcWrapper.build/empty-gRPC_grpcWrapper.plist -producttype com.apple.product-type.bundle -expandbuildsettings -format binary -platform iphonesimulator -o /Users/aaronkeen/Documents/My\ Apps/NutraSafe\ Beta/buildOut/Build/Products/Debug-iphonesimulator/gRPC_grpcWrapper.bundle/Info.plist

CpResource /Users/aaronkeen/Documents/My\ Apps/NutraSafe\ Beta/buildOut/Build/Products/Debug-iphonesimulator/gRPC_grpcWrapper.bundle/PrivacyInfo.xcprivacy /Users/aaronkeen/Documents/My\ Apps/NutraSafe\ Beta/buildOut/SourcePackages/checkouts/grpc-binary/grpc-Wrapper/Resources/PrivacyInfo.xcprivacy (in target 'gRPC_grpcWrapper' from project 'gRPC')
    cd /Users/aaronkeen/Documents/My\ Apps/NutraSafe\ Beta/buildOut/SourcePackages/checkouts/grpc-binary
    builtin-copy -exclude .DS_Store -exclude CVS -exclude .svn -exclude .git -exclude .hg -resolve-src-symlinks /Users/aaronkeen/Documents/My\ Apps/NutraSafe\ Beta/buildOut/SourcePackages/checkouts/grpc-binary/grpc-Wrapper/Resources/PrivacyInfo.xcprivacy /Users/aaronkeen/Documents/My\ Apps/NutraSafe\ Beta/buildOut/Build/Products/Debug-iphonesimulator/gRPC_grpcWrapper.bundle

ProcessInfoPlistFile /Users/aaronkeen/Documents/My\ Apps/NutraSafe\ Beta/buildOut/Build/Products/Debug-iphonesimulator/abseil_abslWrapper.bundle/Info.plist /Users/aaronkeen/Documents/My\ Apps/NutraSafe\ Beta/buildOut/Build/Intermediates.noindex/abseil.build/Debug-iphonesimulator/abseil_abslWrapper.build/empty-abseil_abslWrapper.plist (in target 'abseil_abslWrapper' from project 'abseil')
    cd /Users/aaronkeen/Documents/My\ Apps/NutraSafe\ Beta/buildOut/SourcePackages/checkouts/abseil-cpp-binary
    builtin-infoPlistUtility /Users/aaronkeen/Documents/My\ Apps/NutraSafe\ Beta/buildOut/Build/Intermediates.noindex/abseil.build/Debug-iphonesimulator/abseil_abslWrapper.build/empty-abseil_abslWrapper.plist -producttype com.apple.product-type.bundle -expandbuildsettings -format binary -platform iphonesimulator -o /Users/aaronkeen/Documents/My\ Apps/NutraSafe\ Beta/buildOut/Build/Products/Debug-iphonesimulator/abseil_abslWrapper.bundle/Info.plist

CpResource /Users/aaronkeen/Documents/My\ Apps/NutraSafe\ Beta/buildOut/Build/Products/Debug-iphonesimulator/abseil_abslWrapper.bundle/PrivacyInfo.xcprivacy /Users/aaronkeen/Documents/My\ Apps/NutraSafe\ Beta/buildOut/SourcePackages/checkouts/abseil-cpp-binary/absl-Wrapper/Resources/PrivacyInfo.xcprivacy (in target 'abseil_abslWrapper' from project 'abseil')
    cd /Users/aaronkeen/Documents/My\ Apps/NutraSafe\ Beta/buildOut/SourcePackages/checkouts/abseil-cpp-binary
    builtin-copy -exclude .DS_Store -exclude CVS -exclude .svn -exclude .git -exclude .hg -resolve-src-symlinks /Users/aaronkeen/Documents/My\ Apps/NutraSafe\ Beta/buildOut/SourcePackages/checkouts/abseil-cpp-binary/absl-Wrapper/Resources/PrivacyInfo.xcprivacy /Users/aaronkeen/Documents/My\ Apps/NutraSafe\ Beta/buildOut/Build/Products/Debug-iphonesimulator/abseil_abslWrapper.bundle

ProcessInfoPlistFile /Users/aaronkeen/Documents/My\ Apps/NutraSafe\ Beta/buildOut/Build/Products/Debug-iphonesimulator/GoogleUtilities_GoogleUtilities-NSData.bundle/Info.plist /Users/aaronkeen/Documents/My\ Apps/NutraSafe\ Beta/buildOut/Build/Intermediates.noindex/GoogleUtilities.build/Debug-iphonesimulator/GoogleUtilities_GoogleUtilities-NSData.build/empty-GoogleUtilities_GoogleUtilities-NSData.plist (in target 'GoogleUtilities_GoogleUtilities-NSData' from project 'GoogleUtilities')
    cd /Users/aaronkeen/Documents/My\ Apps/NutraSafe\ Beta/buildOut/SourcePackages/checkouts/GoogleUtilities
    builtin-infoPlistUtility /Users/aaronkeen/Documents/My\ Apps/NutraSafe\ Beta/buildOut/Build/Intermediates.noindex/GoogleUtilities.build/Debug-iphonesimulator/GoogleUtilities_GoogleUtilities-NSData.build/empty-GoogleUtilities_GoogleUtilities-NSData.plist -producttype com.apple.product-type.bundle -expandbuildsettings -format binary -platform iphonesimulator -o /Users/aaronkeen/Documents/My\ Apps/NutraSafe\ Beta/buildOut/Build/Products/Debug-iphonesimulator/GoogleUtilities_GoogleUtilities-NSData.bundle/Info.plist

ProcessInfoPlistFile /Users/aaronkeen/Documents/My\ Apps/NutraSafe\ Beta/buildOut/Build/Products/Debug-iphonesimulator/GoogleUtilities_GoogleUtilities-Logger.bundle/Info.plist /Users/aaronkeen/Documents/My\ Apps/NutraSafe\ Beta/buildOut/Build/Intermediates.noindex/GoogleUtilities.build/Debug-iphonesimulator/GoogleUtilities_GoogleUtilities-Logger.build/empty-GoogleUtilities_GoogleUtilities-Logger.plist (in target 'GoogleUtilities_GoogleUtilities-Logger' from project 'GoogleUtilities')
    cd /Users/aaronkeen/Documents/My\ Apps/NutraSafe\ Beta/buildOut/SourcePackages/checkouts/GoogleUtilities
    builtin-infoPlistUtility /Users/aaronkeen/Documents/My\ Apps/NutraSafe\ Beta/buildOut/Build/Intermediates.noindex/GoogleUtilities.build/Debug-iphonesimulator/GoogleUtilities_GoogleUtilities-Logger.build/empty-GoogleUtilities_GoogleUtilities-Logger.plist -producttype com.apple.product-type.bundle -expandbuildsettings -format binary -platform iphonesimulator -o /Users/aaronkeen/Documents/My\ Apps/NutraSafe\ Beta/buildOut/Build/Products/Debug-iphonesimulator/GoogleUtilities_GoogleUtilities-Logger.bundle/Info.plist

CpResource /Users/aaronkeen/Documents/My\ Apps/NutraSafe\ Beta/buildOut/Build/Products/Debug-iphonesimulator/GoogleUtilities_GoogleUtilities-NSData.bundle/PrivacyInfo.xcprivacy /Users/aaronkeen/Documents/My\ Apps/NutraSafe\ Beta/buildOut/SourcePackages/checkouts/GoogleUtilities/GoogleUtilities/NSData+zlib/Resources/PrivacyInfo.xcprivacy (in target 'GoogleUtilities_GoogleUtilities-NSData' from project 'GoogleUtilities')
    cd /Users/aaronkeen/Documents/My\ Apps/NutraSafe\ Beta/buildOut/SourcePackages/checkouts/GoogleUtilities
    builtin-copy -exclude .DS_Store -exclude CVS -exclude .svn -exclude .git -exclude .hg -resolve-src-symlinks /Users/aaronkeen/Documents/My\ Apps/NutraSafe\ Beta/buildOut/SourcePackages/checkouts/GoogleUtilities/GoogleUtilities/NSData+zlib/Resources/PrivacyInfo.xcprivacy /Users/aaronkeen/Documents/My\ Apps/NutraSafe\ Beta/buildOut/Build/Products/Debug-iphonesimulator/GoogleUtilities_GoogleUtilities-NSData.bundle

CpResource /Users/aaronkeen/Documents/My\ Apps/NutraSafe\ Beta/buildOut/Build/Products/Debug-iphonesimulator/GoogleUtilities_GoogleUtilities-Environment.bundle/PrivacyInfo.xcprivacy /Users/aaronkeen/Documents/My\ Apps/NutraSafe\ Beta/buildOut/SourcePackages/checkouts/GoogleUtilities/GoogleUtilities/Environment/Resources/PrivacyInfo.xcprivacy (in target 'GoogleUtilities_GoogleUtilities-Environment' from project 'GoogleUtilities')
    cd /Users/aaronkeen/Documents/My\ Apps/NutraSafe\ Beta/buildOut/SourcePackages/checkouts/GoogleUtilities
    builtin-copy -exclude .DS_Store -exclude CVS -exclude .svn -exclude .git -exclude .hg -resolve-src-symlinks /Users/aaronkeen/Documents/My\ Apps/NutraSafe\ Beta/buildOut/SourcePackages/checkouts/GoogleUtilities/GoogleUtilities/Environment/Resources/PrivacyInfo.xcprivacy /Users/aaronkeen/Documents/My\ Apps/NutraSafe\ Beta/buildOut/Build/Products/Debug-iphonesimulator/GoogleUtilities_GoogleUtilities-Environment.bundle

CpResource /Users/aaronkeen/Documents/My\ Apps/NutraSafe\ Beta/buildOut/Build/Products/Debug-iphonesimulator/GoogleUtilities_GoogleUtilities-Logger.bundle/PrivacyInfo.xcprivacy /Users/aaronkeen/Documents/My\ Apps/NutraSafe\ Beta/buildOut/SourcePackages/checkouts/GoogleUtilities/GoogleUtilities/Logger/Resources/PrivacyInfo.xcprivacy (in target 'GoogleUtilities_GoogleUtilities-Logger' from project 'GoogleUtilities')
    cd /Users/aaronkeen/Documents/My\ Apps/NutraSafe\ Beta/buildOut/SourcePackages/checkouts/GoogleUtilities
    builtin-copy -exclude .DS_Store -exclude CVS -exclude .svn -exclude .git -exclude .hg -resolve-src-symlinks /Users/aaronkeen/Documents/My\ Apps/NutraSafe\ Beta/buildOut/SourcePackages/checkouts/GoogleUtilities/GoogleUtilities/Logger/Resources/PrivacyInfo.xcprivacy /Users/aaronkeen/Documents/My\ Apps/NutraSafe\ Beta/buildOut/Build/Products/Debug-iphonesimulator/GoogleUtilities_GoogleUtilities-Logger.bundle

ProcessInfoPlistFile /Users/aaronkeen/Documents/My\ Apps/NutraSafe\ Beta/buildOut/Build/Products/Debug-iphonesimulator/GoogleUtilities_GoogleUtilities-Environment.bundle/Info.plist /Users/aaronkeen/Documents/My\ Apps/NutraSafe\ Beta/buildOut/Build/Intermediates.noindex/GoogleUtilities.build/Debug-iphonesimulator/GoogleUtilities_GoogleUtilities-Environment.build/empty-GoogleUtilities_GoogleUtilities-Environment.plist (in target 'GoogleUtilities_GoogleUtilities-Environment' from project 'GoogleUtilities')
    cd /Users/aaronkeen/Documents/My\ Apps/NutraSafe\ Beta/buildOut/SourcePackages/checkouts/GoogleUtilities
    builtin-infoPlistUtility /Users/aaronkeen/Documents/My\ Apps/NutraSafe\ Beta/buildOut/Build/Intermediates.noindex/GoogleUtilities.build/Debug-iphonesimulator/GoogleUtilities_GoogleUtilities-Environment.build/empty-GoogleUtilities_GoogleUtilities-Environment.plist -producttype com.apple.product-type.bundle -expandbuildsettings -format binary -platform iphonesimulator -o /Users/aaronkeen/Documents/My\ Apps/NutraSafe\ Beta/buildOut/Build/Products/Debug-iphonesimulator/GoogleUtilities_GoogleUtilities-Environment.bundle/Info.plist

Copy /Users/aaronkeen/Documents/My\ Apps/NutraSafe\ Beta/buildOut/Build/Intermediates.noindex/GeneratedModuleMaps-iphonesimulator/nanopb.modulemap /Users/aaronkeen/Documents/My\ Apps/NutraSafe\ Beta/buildOut/Build/Intermediates.noindex/nanopb.build/Debug-iphonesimulator/nanopb.build/nanopb.modulemap (in target 'nanopb' from project 'nanopb')
    cd /Users/aaronkeen/Documents/My\ Apps/NutraSafe\ Beta/buildOut/SourcePackages/checkouts/nanopb
    builtin-copy -exclude .DS_Store -exclude CVS -exclude .svn -exclude .git -exclude .hg -resolve-src-symlinks /Users/aaronkeen/Documents/My\ Apps/NutraSafe\ Beta/buildOut/Build/Intermediates.noindex/nanopb.build/Debug-iphonesimulator/nanopb.build/nanopb.modulemap /Users/aaronkeen/Documents/My\ Apps/NutraSafe\ Beta/buildOut/Build/Intermediates.noindex/GeneratedModuleMaps-iphonesimulator

Copy /Users/aaronkeen/Documents/My\ Apps/NutraSafe\ Beta/buildOut/Build/Intermediates.noindex/GeneratedModuleMaps-iphonesimulator/leveldb.modulemap /Users/aaronkeen/Documents/My\ Apps/NutraSafe\ Beta/buildOut/Build/Intermediates.noindex/leveldb.build/Debug-iphonesimulator/leveldb.build/leveldb.modulemap (in target 'leveldb' from project 'leveldb')
    cd /Users/aaronkeen/Documents/My\ Apps/NutraSafe\ Beta/buildOut/SourcePackages/checkouts/leveldb
    builtin-copy -exclude .DS_Store -exclude CVS -exclude .svn -exclude .git -exclude .hg -resolve-src-symlinks /Users/aaronkeen/Documents/My\ Apps/NutraSafe\ Beta/buildOut/Build/Intermediates.noindex/leveldb.build/Debug-iphonesimulator/leveldb.build/leveldb.modulemap /Users/aaronkeen/Documents/My\ Apps/NutraSafe\ Beta/buildOut/Build/Intermediates.noindex/GeneratedModuleMaps-iphonesimulator

ProcessInfoPlistFile /Users/aaronkeen/Documents/My\ Apps/NutraSafe\ Beta/buildOut/Build/Products/Debug-iphonesimulator/GoogleUtilities_GoogleUtilities-AppDelegateSwizzler.bundle/Info.plist /Users/aaronkeen/Documents/My\ Apps/NutraSafe\ Beta/buildOut/Build/Intermediates.noindex/GoogleUtilities.build/Debug-iphonesimulator/GoogleUtilities_GoogleUtilities-AppDelegateSwizzler.build/empty-GoogleUtilities_GoogleUtilities-AppDelegateSwizzler.plist (in target 'GoogleUtilities_GoogleUtilities-AppDelegateSwizzler' from project 'GoogleUtilities')
    cd /Users/aaronkeen/Documents/My\ Apps/NutraSafe\ Beta/buildOut/SourcePackages/checkouts/GoogleUtilities
    builtin-infoPlistUtility /Users/aaronkeen/Documents/My\ Apps/NutraSafe\ Beta/buildOut/Build/Intermediates.noindex/GoogleUtilities.build/Debug-iphonesimulator/GoogleUtilities_GoogleUtilities-AppDelegateSwizzler.build/empty-GoogleUtilities_GoogleUtilities-AppDelegateSwizzler.plist -producttype com.apple.product-type.bundle -expandbuildsettings -format binary -platform iphonesimulator -o /Users/aaronkeen/Documents/My\ Apps/NutraSafe\ Beta/buildOut/Build/Products/Debug-iphonesimulator/GoogleUtilities_GoogleUtilities-AppDelegateSwizzler.bundle/Info.plist

CpResource /Users/aaronkeen/Documents/My\ Apps/NutraSafe\ Beta/buildOut/Build/Products/Debug-iphonesimulator/GoogleUtilities_GoogleUtilities-AppDelegateSwizzler.bundle/PrivacyInfo.xcprivacy /Users/aaronkeen/Documents/My\ Apps/NutraSafe\ Beta/buildOut/SourcePackages/checkouts/GoogleUtilities/GoogleUtilities/AppDelegateSwizzler/Resources/PrivacyInfo.xcprivacy (in target 'GoogleUtilities_GoogleUtilities-AppDelegateSwizzler' from project 'GoogleUtilities')
    cd /Users/aaronkeen/Documents/My\ Apps/NutraSafe\ Beta/buildOut/SourcePackages/checkouts/GoogleUtilities
    builtin-copy -exclude .DS_Store -exclude CVS -exclude .svn -exclude .git -exclude .hg -resolve-src-symlinks /Users/aaronkeen/Documents/My\ Apps/NutraSafe\ Beta/buildOut/SourcePackages/checkouts/GoogleUtilities/GoogleUtilities/AppDelegateSwizzler/Resources/PrivacyInfo.xcprivacy /Users/aaronkeen/Documents/My\ Apps/NutraSafe\ Beta/buildOut/Build/Products/Debug-iphonesimulator/GoogleUtilities_GoogleUtilities-AppDelegateSwizzler.bundle

Copy /Users/aaronkeen/Documents/My\ Apps/NutraSafe\ Beta/buildOut/Build/Intermediates.noindex/GeneratedModuleMaps-iphonesimulator/GoogleUtilities-NSData.modulemap /Users/aaronkeen/Documents/My\ Apps/NutraSafe\ Beta/buildOut/Build/Intermediates.noindex/GoogleUtilities.build/Debug-iphonesimulator/GoogleUtilities-NSData.build/GoogleUtilities-NSData.modulemap (in target 'GoogleUtilities-NSData' from project 'GoogleUtilities')
    cd /Users/aaronkeen/Documents/My\ Apps/NutraSafe\ Beta/buildOut/SourcePackages/checkouts/GoogleUtilities
    builtin-copy -exclude .DS_Store -exclude CVS -exclude .svn -exclude .git -exclude .hg -resolve-src-symlinks /Users/aaronkeen/Documents/My\ Apps/NutraSafe\ Beta/buildOut/Build/Intermediates.noindex/GoogleUtilities.build/Debug-iphonesimulator/GoogleUtilities-NSData.build/GoogleUtilities-NSData.modulemap /Users/aaronkeen/Documents/My\ Apps/NutraSafe\ Beta/buildOut/Build/Intermediates.noindex/GeneratedModuleMaps-iphonesimulator

ProcessInfoPlistFile /Users/aaronkeen/Documents/My\ Apps/NutraSafe\ Beta/buildOut/Build/Products/Debug-iphonesimulator/GTMSessionFetcher_GTMSessionFetcherCore.bundle/Info.plist /Users/aaronkeen/Documents/My\ Apps/NutraSafe\ Beta/buildOut/Build/Intermediates.noindex/GTMSessionFetcher.build/Debug-iphonesimulator/GTMSessionFetcher_GTMSessionFetcherCore.build/empty-GTMSessionFetcher_GTMSessionFetcherCore.plist (in target 'GTMSessionFetcher_GTMSessionFetcherCore' from project 'GTMSessionFetcher')
    cd /Users/aaronkeen/Documents/My\ Apps/NutraSafe\ Beta/buildOut/SourcePackages/checkouts/gtm-session-fetcher
    builtin-infoPlistUtility /Users/aaronkeen/Documents/My\ Apps/NutraSafe\ Beta/buildOut/Build/Intermediates.noindex/GTMSessionFetcher.build/Debug-iphonesimulator/GTMSessionFetcher_GTMSessionFetcherCore.build/empty-GTMSessionFetcher_GTMSessionFetcherCore.plist -producttype com.apple.product-type.bundle -expandbuildsettings -format binary -platform iphonesimulator -o /Users/aaronkeen/Documents/My\ Apps/NutraSafe\ Beta/buildOut/Build/Products/Debug-iphonesimulator/GTMSessionFetcher_GTMSessionFetcherCore.bundle/Info.plist

CpResource /Users/aaronkeen/Documents/My\ Apps/NutraSafe\ Beta/buildOut/Build/Products/Debug-iphonesimulator/GTMSessionFetcher_GTMSessionFetcherCore.bundle/PrivacyInfo.xcprivacy /Users/aaronkeen/Documents/My\ Apps/NutraSafe\ Beta/buildOut/SourcePackages/checkouts/gtm-session-fetcher/Sources/Core/Resources/PrivacyInfo.xcprivacy (in target 'GTMSessionFetcher_GTMSessionFetcherCore' from project 'GTMSessionFetcher')
    cd /Users/aaronkeen/Documents/My\ Apps/NutraSafe\ Beta/buildOut/SourcePackages/checkouts/gtm-session-fetcher
    builtin-copy -exclude .DS_Store -exclude CVS -exclude .svn -exclude .git -exclude .hg -resolve-src-symlinks /Users/aaronkeen/Documents/My\ Apps/NutraSafe\ Beta/buildOut/SourcePackages/checkouts/gtm-session-fetcher/Sources/Core/Resources/PrivacyInfo.xcprivacy /Users/aaronkeen/Documents/My\ Apps/NutraSafe\ Beta/buildOut/Build/Products/Debug-iphonesimulator/GTMSessionFetcher_GTMSessionFetcherCore.bundle

Copy /Users/aaronkeen/Documents/My\ Apps/NutraSafe\ Beta/buildOut/Build/Intermediates.noindex/GeneratedModuleMaps-iphonesimulator/GoogleUtilities-Environment.modulemap /Users/aaronkeen/Documents/My\ Apps/NutraSafe\ Beta/buildOut/Build/Intermediates.noindex/GoogleUtilities.build/Debug-iphonesimulator/GoogleUtilities-Environment.build/GoogleUtilities-Environment.modulemap (in target 'GoogleUtilities-Environment' from project 'GoogleUtilities')
    cd /Users/aaronkeen/Documents/My\ Apps/NutraSafe\ Beta/buildOut/SourcePackages/checkouts/GoogleUtilities
    builtin-copy -exclude .DS_Store -exclude CVS -exclude .svn -exclude .git -exclude .hg -resolve-src-symlinks /Users/aaronkeen/Documents/My\ Apps/NutraSafe\ Beta/buildOut/Build/Intermediates.noindex/GoogleUtilities.build/Debug-iphonesimulator/GoogleUtilities-Environment.build/GoogleUtilities-Environment.modulemap /Users/aaronkeen/Documents/My\ Apps/NutraSafe\ Beta/buildOut/Build/Intermediates.noindex/GeneratedModuleMaps-iphonesimulator

ProcessInfoPlistFile /Users/aaronkeen/Documents/My\ Apps/NutraSafe\ Beta/buildOut/Build/Products/Debug-iphonesimulator/Firebase_FirebaseCore.bundle/Info.plist /Users/aaronkeen/Documents/My\ Apps/NutraSafe\ Beta/buildOut/Build/Intermediates.noindex/Firebase.build/Debug-iphonesimulator/Firebase_FirebaseCore.build/empty-Firebase_FirebaseCore.plist (in target 'Firebase_FirebaseCore' from project 'Firebase')
    cd /Users/aaronkeen/Documents/My\ Apps/NutraSafe\ Beta/buildOut/SourcePackages/checkouts/firebase-ios-sdk
    builtin-infoPlistUtility /Users/aaronkeen/Documents/My\ Apps/NutraSafe\ Beta/buildOut/Build/Intermediates.noindex/Firebase.build/Debug-iphonesimulator/Firebase_FirebaseCore.build/empty-Firebase_FirebaseCore.plist -producttype com.apple.product-type.bundle -expandbuildsettings -format binary -platform iphonesimulator -o /Users/aaronkeen/Documents/My\ Apps/NutraSafe\ Beta/buildOut/Build/Products/Debug-iphonesimulator/Firebase_FirebaseCore.bundle/Info.plist

CpResource /Users/aaronkeen/Documents/My\ Apps/NutraSafe\ Beta/buildOut/Build/Products/Debug-iphonesimulator/Firebase_FirebaseCore.bundle/PrivacyInfo.xcprivacy /Users/aaronkeen/Documents/My\ Apps/NutraSafe\ Beta/buildOut/SourcePackages/checkouts/firebase-ios-sdk/FirebaseCore/Sources/Resources/PrivacyInfo.xcprivacy (in target 'Firebase_FirebaseCore' from project 'Firebase')
    cd /Users/aaronkeen/Documents/My\ Apps/NutraSafe\ Beta/buildOut/SourcePackages/checkouts/firebase-ios-sdk
    builtin-copy -exclude .DS_Store -exclude CVS -exclude .svn -exclude .git -exclude .hg -resolve-src-symlinks /Users/aaronkeen/Documents/My\ Apps/NutraSafe\ Beta/buildOut/SourcePackages/checkouts/firebase-ios-sdk/FirebaseCore/Sources/Resources/PrivacyInfo.xcprivacy /Users/aaronkeen/Documents/My\ Apps/NutraSafe\ Beta/buildOut/Build/Products/Debug-iphonesimulator/Firebase_FirebaseCore.bundle

ProcessInfoPlistFile /Users/aaronkeen/Documents/My\ Apps/NutraSafe\ Beta/buildOut/Build/Products/Debug-iphonesimulator/Firebase_FirebaseAuth.bundle/Info.plist /Users/aaronkeen/Documents/My\ Apps/NutraSafe\ Beta/buildOut/Build/Intermediates.noindex/Firebase.build/Debug-iphonesimulator/Firebase_FirebaseAuth.build/empty-Firebase_FirebaseAuth.plist (in target 'Firebase_FirebaseAuth' from project 'Firebase')
    cd /Users/aaronkeen/Documents/My\ Apps/NutraSafe\ Beta/buildOut/SourcePackages/checkouts/firebase-ios-sdk
    builtin-infoPlistUtility /Users/aaronkeen/Documents/My\ Apps/NutraSafe\ Beta/buildOut/Build/Intermediates.noindex/Firebase.build/Debug-iphonesimulator/Firebase_FirebaseAuth.build/empty-Firebase_FirebaseAuth.plist -producttype com.apple.product-type.bundle -expandbuildsettings -format binary -platform iphonesimulator -o /Users/aaronkeen/Documents/My\ Apps/NutraSafe\ Beta/buildOut/Build/Products/Debug-iphonesimulator/Firebase_FirebaseAuth.bundle/Info.plist

CpResource /Users/aaronkeen/Documents/My\ Apps/NutraSafe\ Beta/buildOut/Build/Products/Debug-iphonesimulator/Firebase_FirebaseAuth.bundle/PrivacyInfo.xcprivacy /Users/aaronkeen/Documents/My\ Apps/NutraSafe\ Beta/buildOut/SourcePackages/checkouts/firebase-ios-sdk/FirebaseAuth/Sources/Resources/PrivacyInfo.xcprivacy (in target 'Firebase_FirebaseAuth' from project 'Firebase')
    cd /Users/aaronkeen/Documents/My\ Apps/NutraSafe\ Beta/buildOut/SourcePackages/checkouts/firebase-ios-sdk
    builtin-copy -exclude .DS_Store -exclude CVS -exclude .svn -exclude .git -exclude .hg -resolve-src-symlinks /Users/aaronkeen/Documents/My\ Apps/NutraSafe\ Beta/buildOut/SourcePackages/checkouts/firebase-ios-sdk/FirebaseAuth/Sources/Resources/PrivacyInfo.xcprivacy /Users/aaronkeen/Documents/My\ Apps/NutraSafe\ Beta/buildOut/Build/Products/Debug-iphonesimulator/Firebase_FirebaseAuth.bundle

Copy /Users/aaronkeen/Documents/My\ Apps/NutraSafe\ Beta/buildOut/Build/Intermediates.noindex/GeneratedModuleMaps-iphonesimulator/GoogleUtilities-Logger.modulemap /Users/aaronkeen/Documents/My\ Apps/NutraSafe\ Beta/buildOut/Build/Intermediates.noindex/GoogleUtilities.build/Debug-iphonesimulator/GoogleUtilities-Logger.build/GoogleUtilities-Logger.modulemap (in target 'GoogleUtilities-Logger' from project 'GoogleUtilities')
    cd /Users/aaronkeen/Documents/My\ Apps/NutraSafe\ Beta/buildOut/SourcePackages/checkouts/GoogleUtilities
    builtin-copy -exclude .DS_Store -exclude CVS -exclude .svn -exclude .git -exclude .hg -resolve-src-symlinks /Users/aaronkeen/Documents/My\ Apps/NutraSafe\ Beta/buildOut/Build/Intermediates.noindex/GoogleUtilities.build/Debug-iphonesimulator/GoogleUtilities-Logger.build/GoogleUtilities-Logger.modulemap /Users/aaronkeen/Documents/My\ Apps/NutraSafe\ Beta/buildOut/Build/Intermediates.noindex/GeneratedModuleMaps-iphonesimulator

CodeSign /Users/aaronkeen/Documents/My\ Apps/NutraSafe\ Beta/buildOut/Build/Products/Debug-iphonesimulator/nanopb_nanopb.bundle (in target 'nanopb_nanopb' from project 'nanopb')
    cd /Users/aaronkeen/Documents/My\ Apps/NutraSafe\ Beta/buildOut/SourcePackages/checkouts/nanopb
    
    Signing Identity:     "Sign to Run Locally"
    
    /usr/bin/codesign --force --sign - --timestamp\=none --generate-entitlement-der /Users/aaronkeen/Documents/My\ Apps/NutraSafe\ Beta/buildOut/Build/Products/Debug-iphonesimulator/nanopb_nanopb.bundle
/Users/aaronkeen/Documents/My Apps/NutraSafe Beta/buildOut/Build/Products/Debug-iphonesimulator/nanopb_nanopb.bundle: resource fork, Finder information, or similar detritus not allowed

Copy /Users/aaronkeen/Documents/My\ Apps/NutraSafe\ Beta/buildOut/Build/Intermediates.noindex/GeneratedModuleMaps-iphonesimulator/FirebaseCoreInternal.modulemap /Users/aaronkeen/Documents/My\ Apps/NutraSafe\ Beta/buildOut/Build/Intermediates.noindex/Firebase.build/Debug-iphonesimulator/FirebaseCoreInternal.build/FirebaseCoreInternal.modulemap (in target 'FirebaseCoreInternal' from project 'Firebase')
    cd /Users/aaronkeen/Documents/My\ Apps/NutraSafe\ Beta/buildOut/SourcePackages/checkouts/firebase-ios-sdk
    builtin-copy -exclude .DS_Store -exclude CVS -exclude .svn -exclude .git -exclude .hg -resolve-src-symlinks /Users/aaronkeen/Documents/My\ Apps/NutraSafe\ Beta/buildOut/Build/Intermediates.noindex/Firebase.build/Debug-iphonesimulator/FirebaseCoreInternal.build/FirebaseCoreInternal.modulemap /Users/aaronkeen/Documents/My\ Apps/NutraSafe\ Beta/buildOut/Build/Intermediates.noindex/GeneratedModuleMaps-iphonesimulator

CodeSign /Users/aaronkeen/Documents/My\ Apps/NutraSafe\ Beta/buildOut/Build/Products/Debug-iphonesimulator/leveldb_leveldb.bundle (in target 'leveldb_leveldb' from project 'leveldb')
    cd /Users/aaronkeen/Documents/My\ Apps/NutraSafe\ Beta/buildOut/SourcePackages/checkouts/leveldb
    
    Signing Identity:     "Sign to Run Locally"
    
    /usr/bin/codesign --force --sign - --timestamp\=none --generate-entitlement-der /Users/aaronkeen/Documents/My\ Apps/NutraSafe\ Beta/buildOut/Build/Products/Debug-iphonesimulator/leveldb_leveldb.bundle
/Users/aaronkeen/Documents/My Apps/NutraSafe Beta/buildOut/Build/Products/Debug-iphonesimulator/leveldb_leveldb.bundle: resource fork, Finder information, or similar detritus not allowed

CodeSign /Users/aaronkeen/Documents/My\ Apps/NutraSafe\ Beta/buildOut/Build/Products/Debug-iphonesimulator/abseil_abslWrapper.bundle (in target 'abseil_abslWrapper' from project 'abseil')
    cd /Users/aaronkeen/Documents/My\ Apps/NutraSafe\ Beta/buildOut/SourcePackages/checkouts/abseil-cpp-binary
    
    Signing Identity:     "Sign to Run Locally"
    
    /usr/bin/codesign --force --sign - --timestamp\=none --generate-entitlement-der /Users/aaronkeen/Documents/My\ Apps/NutraSafe\ Beta/buildOut/Build/Products/Debug-iphonesimulator/abseil_abslWrapper.bundle
/Users/aaronkeen/Documents/My Apps/NutraSafe Beta/buildOut/Build/Products/Debug-iphonesimulator/abseil_abslWrapper.bundle: resource fork, Finder information, or similar detritus not allowed
Command CodeSign failed with a nonzero exit code

CodeSign /Users/aaronkeen/Documents/My\ Apps/NutraSafe\ Beta/buildOut/Build/Products/Debug-iphonesimulator/gRPC_opensslWrapper.bundle (in target 'gRPC_opensslWrapper' from project 'gRPC')
    cd /Users/aaronkeen/Documents/My\ Apps/NutraSafe\ Beta/buildOut/SourcePackages/checkouts/grpc-binary
    
    Signing Identity:     "Sign to Run Locally"
    
    /usr/bin/codesign --force --sign - --timestamp\=none --generate-entitlement-der /Users/aaronkeen/Documents/My\ Apps/NutraSafe\ Beta/buildOut/Build/Products/Debug-iphonesimulator/gRPC_opensslWrapper.bundle
/Users/aaronkeen/Documents/My Apps/NutraSafe Beta/buildOut/Build/Products/Debug-iphonesimulator/gRPC_opensslWrapper.bundle: resource fork, Finder information, or similar detritus not allowed

CodeSign /Users/aaronkeen/Documents/My\ Apps/NutraSafe\ Beta/buildOut/Build/Products/Debug-iphonesimulator/gRPC_grpcppWrapper.bundle (in target 'gRPC_grpcppWrapper' from project 'gRPC')
    cd /Users/aaronkeen/Documents/My\ Apps/NutraSafe\ Beta/buildOut/SourcePackages/checkouts/grpc-binary
    
    Signing Identity:     "Sign to Run Locally"
    
    /usr/bin/codesign --force --sign - --timestamp\=none --generate-entitlement-der /Users/aaronkeen/Documents/My\ Apps/NutraSafe\ Beta/buildOut/Build/Products/Debug-iphonesimulator/gRPC_grpcppWrapper.bundle
/Users/aaronkeen/Documents/My Apps/NutraSafe Beta/buildOut/Build/Products/Debug-iphonesimulator/gRPC_grpcppWrapper.bundle: resource fork, Finder information, or similar detritus not allowed

CodeSign /Users/aaronkeen/Documents/My\ Apps/NutraSafe\ Beta/buildOut/Build/Products/Debug-iphonesimulator/gRPC_grpcWrapper.bundle (in target 'gRPC_grpcWrapper' from project 'gRPC')
    cd /Users/aaronkeen/Documents/My\ Apps/NutraSafe\ Beta/buildOut/SourcePackages/checkouts/grpc-binary
    
    Signing Identity:     "Sign to Run Locally"
    
    /usr/bin/codesign --force --sign - --timestamp\=none --generate-entitlement-der /Users/aaronkeen/Documents/My\ Apps/NutraSafe\ Beta/buildOut/Build/Products/Debug-iphonesimulator/gRPC_grpcWrapper.bundle

CodeSign /Users/aaronkeen/Documents/My\ Apps/NutraSafe\ Beta/buildOut/Build/Products/Debug-iphonesimulator/GoogleUtilities_GoogleUtilities-NSData.bundle (in target 'GoogleUtilities_GoogleUtilities-NSData' from project 'GoogleUtilities')
    cd /Users/aaronkeen/Documents/My\ Apps/NutraSafe\ Beta/buildOut/SourcePackages/checkouts/GoogleUtilities
    
    Signing Identity:     "Sign to Run Locally"
    
    /usr/bin/codesign --force --sign - --timestamp\=none --generate-entitlement-der /Users/aaronkeen/Documents/My\ Apps/NutraSafe\ Beta/buildOut/Build/Products/Debug-iphonesimulator/GoogleUtilities_GoogleUtilities-NSData.bundle

Copy /Users/aaronkeen/Documents/My\ Apps/NutraSafe\ Beta/buildOut/Build/Intermediates.noindex/GeneratedModuleMaps-iphonesimulator/GoogleUtilities-Reachability.modulemap /Users/aaronkeen/Documents/My\ Apps/NutraSafe\ Beta/buildOut/Build/Intermediates.noindex/GoogleUtilities.build/Debug-iphonesimulator/GoogleUtilities-Reachability.build/GoogleUtilities-Reachability.modulemap (in target 'GoogleUtilities-Reachability' from project 'GoogleUtilities')
    cd /Users/aaronkeen/Documents/My\ Apps/NutraSafe\ Beta/buildOut/SourcePackages/checkouts/GoogleUtilities
    builtin-copy -exclude .DS_Store -exclude CVS -exclude .svn -exclude .git -exclude .hg -resolve-src-symlinks /Users/aaronkeen/Documents/My\ Apps/NutraSafe\ Beta/buildOut/Build/Intermediates.noindex/GoogleUtilities.build/Debug-iphonesimulator/GoogleUtilities-Reachability.build/GoogleUtilities-Reachability.modulemap /Users/aaronkeen/Documents/My\ Apps/NutraSafe\ Beta/buildOut/Build/Intermediates.noindex/GeneratedModuleMaps-iphonesimulator

CodeSign /Users/aaronkeen/Documents/My\ Apps/NutraSafe\ Beta/buildOut/Build/Products/Debug-iphonesimulator/GoogleUtilities_GoogleUtilities-Logger.bundle (in target 'GoogleUtilities_GoogleUtilities-Logger' from project 'GoogleUtilities')
    cd /Users/aaronkeen/Documents/My\ Apps/NutraSafe\ Beta/buildOut/SourcePackages/checkouts/GoogleUtilities
    
    Signing Identity:     "Sign to Run Locally"
    
    /usr/bin/codesign --force --sign - --timestamp\=none --generate-entitlement-der /Users/aaronkeen/Documents/My\ Apps/NutraSafe\ Beta/buildOut/Build/Products/Debug-iphonesimulator/GoogleUtilities_GoogleUtilities-Logger.bundle

CodeSign /Users/aaronkeen/Documents/My\ Apps/NutraSafe\ Beta/buildOut/Build/Products/Debug-iphonesimulator/GoogleUtilities_GoogleUtilities-AppDelegateSwizzler.bundle (in target 'GoogleUtilities_GoogleUtilities-AppDelegateSwizzler' from project 'GoogleUtilities')
    cd /Users/aaronkeen/Documents/My\ Apps/NutraSafe\ Beta/buildOut/SourcePackages/checkouts/GoogleUtilities
    
    Signing Identity:     "Sign to Run Locally"
    
    /usr/bin/codesign --force --sign - --timestamp\=none --generate-entitlement-der /Users/aaronkeen/Documents/My\ Apps/NutraSafe\ Beta/buildOut/Build/Products/Debug-iphonesimulator/GoogleUtilities_GoogleUtilities-AppDelegateSwizzler.bundle

CodeSign /Users/aaronkeen/Documents/My\ Apps/NutraSafe\ Beta/buildOut/Build/Products/Debug-iphonesimulator/GoogleUtilities_GoogleUtilities-Environment.bundle (in target 'GoogleUtilities_GoogleUtilities-Environment' from project 'GoogleUtilities')
    cd /Users/aaronkeen/Documents/My\ Apps/NutraSafe\ Beta/buildOut/SourcePackages/checkouts/GoogleUtilities
    
    Signing Identity:     "Sign to Run Locally"
    
    /usr/bin/codesign --force --sign - --timestamp\=none --generate-entitlement-der /Users/aaronkeen/Documents/My\ Apps/NutraSafe\ Beta/buildOut/Build/Products/Debug-iphonesimulator/GoogleUtilities_GoogleUtilities-Environment.bundle

Copy /Users/aaronkeen/Documents/My\ Apps/NutraSafe\ Beta/buildOut/Build/Intermediates.noindex/GeneratedModuleMaps-iphonesimulator/GoogleUtilities-Network.modulemap /Users/aaronkeen/Documents/My\ Apps/NutraSafe\ Beta/buildOut/Build/Intermediates.noindex/GoogleUtilities.build/Debug-iphonesimulator/GoogleUtilities-Network.build/GoogleUtilities-Network.modulemap (in target 'GoogleUtilities-Network' from project 'GoogleUtilities')
    cd /Users/aaronkeen/Documents/My\ Apps/NutraSafe\ Beta/buildOut/SourcePackages/checkouts/GoogleUtilities
    builtin-copy -exclude .DS_Store -exclude CVS -exclude .svn -exclude .git -exclude .hg -resolve-src-symlinks /Users/aaronkeen/Documents/My\ Apps/NutraSafe\ Beta/buildOut/Build/Intermediates.noindex/GoogleUtilities.build/Debug-iphonesimulator/GoogleUtilities-Network.build/GoogleUtilities-Network.modulemap /Users/aaronkeen/Documents/My\ Apps/NutraSafe\ Beta/buildOut/Build/Intermediates.noindex/GeneratedModuleMaps-iphonesimulator

Copy /Users/aaronkeen/Documents/My\ Apps/NutraSafe\ Beta/buildOut/Build/Intermediates.noindex/GeneratedModuleMaps-iphonesimulator/FirebaseAuthInternal.modulemap /Users/aaronkeen/Documents/My\ Apps/NutraSafe\ Beta/buildOut/Build/Intermediates.noindex/Firebase.build/Debug-iphonesimulator/FirebaseAuthInternal.build/FirebaseAuthInternal.modulemap (in target 'FirebaseAuthInternal' from project 'Firebase')
    cd /Users/aaronkeen/Documents/My\ Apps/NutraSafe\ Beta/buildOut/SourcePackages/checkouts/firebase-ios-sdk
    builtin-copy -exclude .DS_Store -exclude CVS -exclude .svn -exclude .git -exclude .hg -resolve-src-symlinks /Users/aaronkeen/Documents/My\ Apps/NutraSafe\ Beta/buildOut/Build/Intermediates.noindex/Firebase.build/Debug-iphonesimulator/FirebaseAuthInternal.build/FirebaseAuthInternal.modulemap /Users/aaronkeen/Documents/My\ Apps/NutraSafe\ Beta/buildOut/Build/Intermediates.noindex/GeneratedModuleMaps-iphonesimulator

CodeSign /Users/aaronkeen/Documents/My\ Apps/NutraSafe\ Beta/buildOut/Build/Products/Debug-iphonesimulator/GTMSessionFetcher_GTMSessionFetcherCore.bundle (in target 'GTMSessionFetcher_GTMSessionFetcherCore' from project 'GTMSessionFetcher')
    cd /Users/aaronkeen/Documents/My\ Apps/NutraSafe\ Beta/buildOut/SourcePackages/checkouts/gtm-session-fetcher
    
    Signing Identity:     "Sign to Run Locally"
    
    /usr/bin/codesign --force --sign - --timestamp\=none --generate-entitlement-der /Users/aaronkeen/Documents/My\ Apps/NutraSafe\ Beta/buildOut/Build/Products/Debug-iphonesimulator/GTMSessionFetcher_GTMSessionFetcherCore.bundle

CodeSign /Users/aaronkeen/Documents/My\ Apps/NutraSafe\ Beta/buildOut/Build/Products/Debug-iphonesimulator/Firebase_FirebaseCore.bundle (in target 'Firebase_FirebaseCore' from project 'Firebase')
    cd /Users/aaronkeen/Documents/My\ Apps/NutraSafe\ Beta/buildOut/SourcePackages/checkouts/firebase-ios-sdk
    
    Signing Identity:     "Sign to Run Locally"
    
    /usr/bin/codesign --force --sign - --timestamp\=none --generate-entitlement-der /Users/aaronkeen/Documents/My\ Apps/NutraSafe\ Beta/buildOut/Build/Products/Debug-iphonesimulator/Firebase_FirebaseCore.bundle

CodeSign /Users/aaronkeen/Documents/My\ Apps/NutraSafe\ Beta/buildOut/Build/Products/Debug-iphonesimulator/Firebase_FirebaseAuth.bundle (in target 'Firebase_FirebaseAuth' from project 'Firebase')
    cd /Users/aaronkeen/Documents/My\ Apps/NutraSafe\ Beta/buildOut/SourcePackages/checkouts/firebase-ios-sdk
    
    Signing Identity:     "Sign to Run Locally"
    
    /usr/bin/codesign --force --sign - --timestamp\=none --generate-entitlement-der /Users/aaronkeen/Documents/My\ Apps/NutraSafe\ Beta/buildOut/Build/Products/Debug-iphonesimulator/Firebase_FirebaseAuth.bundle

